[0.154s] Invoking command in '/home/ubuntu/linorobot2_ws/build/linorobot2_description': CMAKE_PREFIX_PATH=${CMAKE_PREFIX_PATH}:/opt/ros/foxy /usr/bin/cmake --build /home/ubuntu/linorobot2_ws/build/linorobot2_description -- -j4 -l4
[0.401s] Invoked command in '/home/ubuntu/linorobot2_ws/build/linorobot2_description' returned '0': CMAKE_PREFIX_PATH=${CMAKE_PREFIX_PATH}:/opt/ros/foxy /usr/bin/cmake --build /home/ubuntu/linorobot2_ws/build/linorobot2_description -- -j4 -l4
[0.718s] Invoking command in '/home/ubuntu/linorobot2_ws/build/linorobot2_description': CMAKE_PREFIX_PATH=${CMAKE_PREFIX_PATH}:/opt/ros/foxy /usr/bin/cmake --install /home/ubuntu/linorobot2_ws/build/linorobot2_description
[0.774s] -- Install configuration: ""
[0.775s] -- Up-to-date: /home/ubuntu/linorobot2_ws/install/linorobot2_description/share/linorobot2_description/launch
[0.779s] -- Up-to-date: /home/ubuntu/linorobot2_ws/install/linorobot2_description/share/linorobot2_description/launch/description.launch.py
[0.780s] -- Up-to-date: /home/ubuntu/linorobot2_ws/install/linorobot2_description/share/linorobot2_description/urdf
[0.782s] -- Up-to-date: /home/ubuntu/linorobot2_ws/install/linorobot2_description/share/linorobot2_description/urdf/controllers
[0.784s] -- Up-to-date: /home/ubuntu/linorobot2_ws/install/linorobot2_description/share/linorobot2_description/urdf/controllers/diff_drive.urdf.xacro
[0.785s] -- Up-to-date: /home/ubuntu/linorobot2_ws/install/linorobot2_description/share/linorobot2_description/urdf/controllers/omni_drive.urdf.xacro
[0.785s] -- Up-to-date: /home/ubuntu/linorobot2_ws/install/linorobot2_description/share/linorobot2_description/urdf/controllers/skid_steer.urdf.xacro
[0.787s] -- Up-to-date: /home/ubuntu/linorobot2_ws/install/linorobot2_description/share/linorobot2_description/urdf/robots
[0.788s] -- Up-to-date: /home/ubuntu/linorobot2_ws/install/linorobot2_description/share/linorobot2_description/urdf/robots/4wd.urdf.xacro
[0.789s] -- Up-to-date: /home/ubuntu/linorobot2_ws/install/linorobot2_description/share/linorobot2_description/urdf/robots/square.urdf.xacro
[0.789s] -- Up-to-date: /home/ubuntu/linorobot2_ws/install/linorobot2_description/share/linorobot2_description/urdf/robots/2wd.urdf.xacro
[0.790s] -- Up-to-date: /home/ubuntu/linorobot2_ws/install/linorobot2_description/share/linorobot2_description/urdf/robots/mecanum.urdf.xacro
[0.791s] -- Up-to-date: /home/ubuntu/linorobot2_ws/install/linorobot2_description/share/linorobot2_description/urdf/4wd_properties.urdf.xacro
[0.793s] -- Up-to-date: /home/ubuntu/linorobot2_ws/install/linorobot2_description/share/linorobot2_description/urdf/mecanum_properties.urdf.xacro
[0.794s] -- Up-to-date: /home/ubuntu/linorobot2_ws/install/linorobot2_description/share/linorobot2_description/urdf/sensors
[0.795s] -- Up-to-date: /home/ubuntu/linorobot2_ws/install/linorobot2_description/share/linorobot2_description/urdf/sensors/generic_laser.urdf.xacro
[0.797s] -- Up-to-date: /home/ubuntu/linorobot2_ws/install/linorobot2_description/share/linorobot2_description/urdf/sensors/depth_sensor.urdf.xacro
[0.798s] -- Up-to-date: /home/ubuntu/linorobot2_ws/install/linorobot2_description/share/linorobot2_description/urdf/sensors/laser.urdf.xacro
[0.798s] -- Up-to-date: /home/ubuntu/linorobot2_ws/install/linorobot2_description/share/linorobot2_description/urdf/sensors/imu.urdf.xacro
[0.799s] -- Up-to-date: /home/ubuntu/linorobot2_ws/install/linorobot2_description/share/linorobot2_description/urdf/mech
[0.801s] -- Up-to-date: /home/ubuntu/linorobot2_ws/install/linorobot2_description/share/linorobot2_description/urdf/mech/mecanum_wheel.urdf.xacro
[0.802s] -- Up-to-date: /home/ubuntu/linorobot2_ws/install/linorobot2_description/share/linorobot2_description/urdf/mech/caster_wheel.urdf.xacro
[0.804s] -- Up-to-date: /home/ubuntu/linorobot2_ws/install/linorobot2_description/share/linorobot2_description/urdf/mech/wheel.urdf.xacro
[0.806s] -- Up-to-date: /home/ubuntu/linorobot2_ws/install/linorobot2_description/share/linorobot2_description/urdf/mech/base.urdf.xacro
[0.807s] -- Up-to-date: /home/ubuntu/linorobot2_ws/install/linorobot2_description/share/linorobot2_description/urdf/2wd_properties.urdf.xacro
[0.808s] -- Up-to-date: /home/ubuntu/linorobot2_ws/install/linorobot2_description/share/linorobot2_description/rviz
[0.808s] -- Up-to-date: /home/ubuntu/linorobot2_ws/install/linorobot2_description/share/linorobot2_description/rviz/description.rviz
[0.809s] -- Up-to-date: /home/ubuntu/linorobot2_ws/install/linorobot2_description/share/ament_index/resource_index/package_run_dependencies/linorobot2_description
[0.810s] -- Up-to-date: /home/ubuntu/linorobot2_ws/install/linorobot2_description/share/ament_index/resource_index/parent_prefix_path/linorobot2_description
[0.810s] -- Up-to-date: /home/ubuntu/linorobot2_ws/install/linorobot2_description/share/linorobot2_description/environment/ament_prefix_path.sh
[0.811s] -- Up-to-date: /home/ubuntu/linorobot2_ws/install/linorobot2_description/share/linorobot2_description/environment/ament_prefix_path.dsv
[0.812s] -- Up-to-date: /home/ubuntu/linorobot2_ws/install/linorobot2_description/share/linorobot2_description/environment/path.sh
[0.813s] -- Up-to-date: /home/ubuntu/linorobot2_ws/install/linorobot2_description/share/linorobot2_description/environment/path.dsv
[0.814s] -- Up-to-date: /home/ubuntu/linorobot2_ws/install/linorobot2_description/share/linorobot2_description/local_setup.bash
[0.815s] -- Up-to-date: /home/ubuntu/linorobot2_ws/install/linorobot2_description/share/linorobot2_description/local_setup.sh
[0.816s] -- Up-to-date: /home/ubuntu/linorobot2_ws/install/linorobot2_description/share/linorobot2_description/local_setup.zsh
[0.819s] -- Up-to-date: /home/ubuntu/linorobot2_ws/install/linorobot2_description/share/linorobot2_description/local_setup.dsv
[0.826s] -- Installing: /home/ubuntu/linorobot2_ws/install/linorobot2_description/share/linorobot2_description/package.dsv
[0.827s] -- Up-to-date: /home/ubuntu/linorobot2_ws/install/linorobot2_description/share/ament_index/resource_index/packages/linorobot2_description
[0.830s] -- Up-to-date: /home/ubuntu/linorobot2_ws/install/linorobot2_description/share/linorobot2_description/cmake/linorobot2_descriptionConfig.cmake
[0.831s] -- Up-to-date: /home/ubuntu/linorobot2_ws/install/linorobot2_description/share/linorobot2_description/cmake/linorobot2_descriptionConfig-version.cmake
[0.833s] -- Up-to-date: /home/ubuntu/linorobot2_ws/install/linorobot2_description/share/linorobot2_description/package.xml
[0.846s] Invoked command in '/home/ubuntu/linorobot2_ws/build/linorobot2_description' returned '0': CMAKE_PREFIX_PATH=${CMAKE_PREFIX_PATH}:/opt/ros/foxy /usr/bin/cmake --install /home/ubuntu/linorobot2_ws/build/linorobot2_description
