[0.160s] Invoking command in '/home/ubuntu/linorobot2_ws/build/linorobot2': CMAKE_PREFIX_PATH=${CMAKE_PREFIX_PATH}:/opt/ros/foxy /usr/bin/cmake --build /home/ubuntu/linorobot2_ws/build/linorobot2 -- -j4 -l4
[0.551s] Invoked command in '/home/ubuntu/linorobot2_ws/build/linorobot2' returned '0': CMAKE_PREFIX_PATH=${CMAKE_PREFIX_PATH}:/opt/ros/foxy /usr/bin/cmake --build /home/ubuntu/linorobot2_ws/build/linorobot2 -- -j4 -l4
[0.912s] Invoking command in '/home/ubuntu/linorobot2_ws/build/linorobot2': CMAKE_PREFIX_PATH=${CMAKE_PREFIX_PATH}:/opt/ros/foxy /usr/bin/cmake --install /home/ubuntu/linorobot2_ws/build/linorobot2
[1.000s] -- Install configuration: ""
[1.002s] -- Up-to-date: /home/ubuntu/linorobot2_ws/install/linorobot2/share/ament_index/resource_index/package_run_dependencies/linorobot2
[1.005s] -- Up-to-date: /home/ubuntu/linorobot2_ws/install/linorobot2/share/ament_index/resource_index/parent_prefix_path/linorobot2
[1.006s] -- Up-to-date: /home/ubuntu/linorobot2_ws/install/linorobot2/share/linorobot2/environment/ament_prefix_path.sh
[1.010s] -- Up-to-date: /home/ubuntu/linorobot2_ws/install/linorobot2/share/linorobot2/environment/ament_prefix_path.dsv
[1.012s] -- Up-to-date: /home/ubuntu/linorobot2_ws/install/linorobot2/share/linorobot2/environment/path.sh
[1.020s] -- Up-to-date: /home/ubuntu/linorobot2_ws/install/linorobot2/share/linorobot2/environment/path.dsv
[1.025s] -- Up-to-date: /home/ubuntu/linorobot2_ws/install/linorobot2/share/linorobot2/local_setup.bash
[1.029s] -- Up-to-date: /home/ubuntu/linorobot2_ws/install/linorobot2/share/linorobot2/local_setup.sh
[1.032s] -- Up-to-date: /home/ubuntu/linorobot2_ws/install/linorobot2/share/linorobot2/local_setup.zsh
[1.034s] -- Up-to-date: /home/ubuntu/linorobot2_ws/install/linorobot2/share/linorobot2/local_setup.dsv
[1.036s] -- Up-to-date: /home/ubuntu/linorobot2_ws/install/linorobot2/share/linorobot2/package.dsv
[1.037s] -- Up-to-date: /home/ubuntu/linorobot2_ws/install/linorobot2/share/ament_index/resource_index/packages/linorobot2
[1.039s] -- Up-to-date: /home/ubuntu/linorobot2_ws/install/linorobot2/share/linorobot2/cmake/linorobot2Config.cmake
[1.041s] -- Up-to-date: /home/ubuntu/linorobot2_ws/install/linorobot2/share/linorobot2/cmake/linorobot2Config-version.cmake
[1.043s] -- Up-to-date: /home/ubuntu/linorobot2_ws/install/linorobot2/share/linorobot2/package.xml
[1.058s] Invoked command in '/home/ubuntu/linorobot2_ws/build/linorobot2' returned '0': CMAKE_PREFIX_PATH=${CMAKE_PREFIX_PATH}:/opt/ros/foxy /usr/bin/cmake --install /home/ubuntu/linorobot2_ws/build/linorobot2
