[0.119s] Invoking command in '/home/ubuntu/linorobot2_ws/build/linorobot2': CMAKE_PREFIX_PATH=/opt/ros/foxy /usr/bin/cmake /home/ubuntu/linorobot2_ws/src/linorobot2/linorobot2 -DCMAKE_INSTALL_PREFIX=/home/ubuntu/linorobot2_ws/install/linorobot2
[1.359s] -- The C compiler identification is GNU 9.4.0
[2.262s] -- The CXX compiler identification is GNU 9.4.0
[2.282s] -- Check for working C compiler: /usr/bin/cc
[2.727s] -- Check for working C compiler: /usr/bin/cc -- works
[2.735s] -- Detecting C compiler ABI info
[3.207s] -- Detecting C compiler ABI info - done
[3.251s] -- Detecting C compile features
[3.253s] -- Detecting C compile features - done
[3.266s] -- Check for working CXX compiler: /usr/bin/c++
[3.765s] -- Check for working CXX compiler: /usr/bin/c++ -- works
[3.769s] -- Detecting CXX compiler ABI info
[4.270s] -- Detecting CXX compiler ABI info - done
[4.320s] -- Detecting CXX compile features
[4.323s] -- Detecting CXX compile features - done
[4.352s] -- Found ament_cmake: 0.9.12 (/opt/ros/foxy/share/ament_cmake/cmake)
[4.540s] -- Found PythonInterp: /usr/bin/python3 (found suitable version "3.8.10", minimum required is "3") 
[4.541s] -- Using PYTHON_EXECUTABLE: /usr/bin/python3
[6.491s] -- Configuring done
[6.513s] -- Generating done
[6.519s] -- Build files have been written to: /home/ubuntu/linorobot2_ws/build/linorobot2
[6.543s] Invoked command in '/home/ubuntu/linorobot2_ws/build/linorobot2' returned '0': CMAKE_PREFIX_PATH=/opt/ros/foxy /usr/bin/cmake /home/ubuntu/linorobot2_ws/src/linorobot2/linorobot2 -DCMAKE_INSTALL_PREFIX=/home/ubuntu/linorobot2_ws/install/linorobot2
[6.545s] Invoking command in '/home/ubuntu/linorobot2_ws/build/linorobot2': CMAKE_PREFIX_PATH=/opt/ros/foxy /usr/bin/cmake --build /home/ubuntu/linorobot2_ws/build/linorobot2 -- -j4 -l4
[6.750s] Invoked command in '/home/ubuntu/linorobot2_ws/build/linorobot2' returned '0': CMAKE_PREFIX_PATH=/opt/ros/foxy /usr/bin/cmake --build /home/ubuntu/linorobot2_ws/build/linorobot2 -- -j4 -l4
[6.974s] Invoking command in '/home/ubuntu/linorobot2_ws/build/linorobot2': CMAKE_PREFIX_PATH=/opt/ros/foxy /usr/bin/cmake --install /home/ubuntu/linorobot2_ws/build/linorobot2
[7.015s] -- Install configuration: ""
[7.016s] -- Installing: /home/ubuntu/linorobot2_ws/install/linorobot2/share/ament_index/resource_index/package_run_dependencies/linorobot2
[7.017s] -- Installing: /home/ubuntu/linorobot2_ws/install/linorobot2/share/ament_index/resource_index/parent_prefix_path/linorobot2
[7.024s] -- Installing: /home/ubuntu/linorobot2_ws/install/linorobot2/share/linorobot2/environment/ament_prefix_path.sh
[7.025s] -- Installing: /home/ubuntu/linorobot2_ws/install/linorobot2/share/linorobot2/environment/ament_prefix_path.dsv
[7.026s] -- Installing: /home/ubuntu/linorobot2_ws/install/linorobot2/share/linorobot2/environment/path.sh
[7.027s] -- Installing: /home/ubuntu/linorobot2_ws/install/linorobot2/share/linorobot2/environment/path.dsv
[7.028s] -- Installing: /home/ubuntu/linorobot2_ws/install/linorobot2/share/linorobot2/local_setup.bash
[7.029s] -- Installing: /home/ubuntu/linorobot2_ws/install/linorobot2/share/linorobot2/local_setup.sh
[7.031s] -- Installing: /home/ubuntu/linorobot2_ws/install/linorobot2/share/linorobot2/local_setup.zsh
[7.031s] -- Installing: /home/ubuntu/linorobot2_ws/install/linorobot2/share/linorobot2/local_setup.dsv
[7.032s] -- Installing: /home/ubuntu/linorobot2_ws/install/linorobot2/share/linorobot2/package.dsv
[7.033s] -- Installing: /home/ubuntu/linorobot2_ws/install/linorobot2/share/ament_index/resource_index/packages/linorobot2
[7.033s] -- Installing: /home/ubuntu/linorobot2_ws/install/linorobot2/share/linorobot2/cmake/linorobot2Config.cmake
[7.034s] -- Installing: /home/ubuntu/linorobot2_ws/install/linorobot2/share/linorobot2/cmake/linorobot2Config-version.cmake
[7.035s] -- Installing: /home/ubuntu/linorobot2_ws/install/linorobot2/share/linorobot2/package.xml
[7.048s] Invoked command in '/home/ubuntu/linorobot2_ws/build/linorobot2' returned '0': CMAKE_PREFIX_PATH=/opt/ros/foxy /usr/bin/cmake --install /home/ubuntu/linorobot2_ws/build/linorobot2
