[0.066s] Invoking command in '/home/ubuntu/linorobot2_ws/build/linorobot2_navigation': CMAKE_PREFIX_PATH=/opt/ros/foxy /usr/bin/cmake /home/ubuntu/linorobot2_ws/src/linorobot2/linorobot2_navigation -DCMAKE_INSTALL_PREFIX=/home/ubuntu/linorobot2_ws/install/linorobot2_navigation
[0.375s] -- The C compiler identification is GNU 9.4.0
[0.650s] -- The CXX compiler identification is GNU 9.4.0
[0.667s] -- Check for working C compiler: /usr/bin/cc
[1.030s] -- Check for working C compiler: /usr/bin/cc -- works
[1.033s] -- Detecting C compiler ABI info
[1.451s] -- Detecting C compiler ABI info - done
[1.503s] -- Detecting C compile features
[1.505s] -- Detecting C compile features - done
[1.516s] -- Check for working CXX compiler: /usr/bin/c++
[2.024s] -- Check for working CXX compiler: /usr/bin/c++ -- works
[2.031s] -- Detecting CXX compiler ABI info
[2.574s] -- Detecting CXX compiler ABI info - done
[2.645s] -- Detecting CXX compile features
[2.647s] -- Detecting CXX compile features - done
[2.671s] -- Found ament_cmake: 0.9.12 (/opt/ros/foxy/share/ament_cmake/cmake)
[2.835s] -- Found PythonInterp: /usr/bin/python3 (found suitable version "3.8.10", minimum required is "3") 
[2.836s] -- Using PYTHON_EXECUTABLE: /usr/bin/python3
[4.710s] -- Configuring done
[4.727s] -- Generating done
[4.732s] -- Build files have been written to: /home/ubuntu/linorobot2_ws/build/linorobot2_navigation
[4.757s] Invoked command in '/home/ubuntu/linorobot2_ws/build/linorobot2_navigation' returned '0': CMAKE_PREFIX_PATH=/opt/ros/foxy /usr/bin/cmake /home/ubuntu/linorobot2_ws/src/linorobot2/linorobot2_navigation -DCMAKE_INSTALL_PREFIX=/home/ubuntu/linorobot2_ws/install/linorobot2_navigation
[4.759s] Invoking command in '/home/ubuntu/linorobot2_ws/build/linorobot2_navigation': CMAKE_PREFIX_PATH=/opt/ros/foxy /usr/bin/cmake --build /home/ubuntu/linorobot2_ws/build/linorobot2_navigation -- -j4 -l4
[4.994s] Invoked command in '/home/ubuntu/linorobot2_ws/build/linorobot2_navigation' returned '0': CMAKE_PREFIX_PATH=/opt/ros/foxy /usr/bin/cmake --build /home/ubuntu/linorobot2_ws/build/linorobot2_navigation -- -j4 -l4
[5.151s] Invoking command in '/home/ubuntu/linorobot2_ws/build/linorobot2_navigation': CMAKE_PREFIX_PATH=/opt/ros/foxy /usr/bin/cmake --install /home/ubuntu/linorobot2_ws/build/linorobot2_navigation
[5.204s] -- Install configuration: ""
[5.204s] -- Installing: /home/ubuntu/linorobot2_ws/install/linorobot2_navigation/share/linorobot2_navigation/launch
[5.205s] -- Installing: /home/ubuntu/linorobot2_ws/install/linorobot2_navigation/share/linorobot2_navigation/launch/navigation.launch.py
[5.207s] -- Installing: /home/ubuntu/linorobot2_ws/install/linorobot2_navigation/share/linorobot2_navigation/launch/slam.launch.py
[5.208s] -- Installing: /home/ubuntu/linorobot2_ws/install/linorobot2_navigation/share/linorobot2_navigation/rviz
[5.213s] -- Installing: /home/ubuntu/linorobot2_ws/install/linorobot2_navigation/share/linorobot2_navigation/rviz/linorobot2_navigation_minimal.rviz
[5.215s] -- Installing: /home/ubuntu/linorobot2_ws/install/linorobot2_navigation/share/linorobot2_navigation/rviz/linorobot2_navigation.rviz
[5.217s] -- Installing: /home/ubuntu/linorobot2_ws/install/linorobot2_navigation/share/linorobot2_navigation/rviz/linorobot2_slam.rviz
[5.219s] -- Installing: /home/ubuntu/linorobot2_ws/install/linorobot2_navigation/share/linorobot2_navigation/config
[5.221s] -- Installing: /home/ubuntu/linorobot2_ws/install/linorobot2_navigation/share/linorobot2_navigation/config/slam.yaml
[5.223s] -- Installing: /home/ubuntu/linorobot2_ws/install/linorobot2_navigation/share/linorobot2_navigation/config/navigation.yaml
[5.226s] -- Installing: /home/ubuntu/linorobot2_ws/install/linorobot2_navigation/share/linorobot2_navigation/maps
[5.228s] -- Installing: /home/ubuntu/linorobot2_ws/install/linorobot2_navigation/share/linorobot2_navigation/maps/playground.pgm
[5.237s] -- Installing: /home/ubuntu/linorobot2_ws/install/linorobot2_navigation/share/linorobot2_navigation/maps/playground.yaml
[5.240s] -- Installing: /home/ubuntu/linorobot2_ws/install/linorobot2_navigation/share/ament_index/resource_index/package_run_dependencies/linorobot2_navigation
[5.243s] -- Installing: /home/ubuntu/linorobot2_ws/install/linorobot2_navigation/share/ament_index/resource_index/parent_prefix_path/linorobot2_navigation
[5.246s] -- Installing: /home/ubuntu/linorobot2_ws/install/linorobot2_navigation/share/linorobot2_navigation/environment/ament_prefix_path.sh
[5.248s] -- Installing: /home/ubuntu/linorobot2_ws/install/linorobot2_navigation/share/linorobot2_navigation/environment/ament_prefix_path.dsv
[5.251s] -- Installing: /home/ubuntu/linorobot2_ws/install/linorobot2_navigation/share/linorobot2_navigation/environment/path.sh
[5.252s] -- Installing: /home/ubuntu/linorobot2_ws/install/linorobot2_navigation/share/linorobot2_navigation/environment/path.dsv
[5.253s] -- Installing: /home/ubuntu/linorobot2_ws/install/linorobot2_navigation/share/linorobot2_navigation/local_setup.bash
[5.255s] -- Installing: /home/ubuntu/linorobot2_ws/install/linorobot2_navigation/share/linorobot2_navigation/local_setup.sh
[5.256s] -- Installing: /home/ubuntu/linorobot2_ws/install/linorobot2_navigation/share/linorobot2_navigation/local_setup.zsh
[5.258s] -- Installing: /home/ubuntu/linorobot2_ws/install/linorobot2_navigation/share/linorobot2_navigation/local_setup.dsv
[5.260s] -- Installing: /home/ubuntu/linorobot2_ws/install/linorobot2_navigation/share/linorobot2_navigation/package.dsv
[5.261s] -- Installing: /home/ubuntu/linorobot2_ws/install/linorobot2_navigation/share/ament_index/resource_index/packages/linorobot2_navigation
[5.264s] -- Installing: /home/ubuntu/linorobot2_ws/install/linorobot2_navigation/share/linorobot2_navigation/cmake/linorobot2_navigationConfig.cmake
[5.265s] -- Installing: /home/ubuntu/linorobot2_ws/install/linorobot2_navigation/share/linorobot2_navigation/cmake/linorobot2_navigationConfig-version.cmake
[5.266s] -- Installing: /home/ubuntu/linorobot2_ws/install/linorobot2_navigation/share/linorobot2_navigation/package.xml
[5.282s] Invoked command in '/home/ubuntu/linorobot2_ws/build/linorobot2_navigation' returned '0': CMAKE_PREFIX_PATH=/opt/ros/foxy /usr/bin/cmake --install /home/ubuntu/linorobot2_ws/build/linorobot2_navigation
