[0.097s] Invoking command in '/home/ubuntu/linorobot2_ws/build/micro_ros_setup': CMAKE_PREFIX_PATH=${CMAKE_PREFIX_PATH}:/opt/ros/foxy /usr/bin/cmake --build /home/ubuntu/linorobot2_ws/build/micro_ros_setup -- -j4 -l4
[0.280s] Invoked command in '/home/ubuntu/linorobot2_ws/build/micro_ros_setup' returned '0': CMAKE_PREFIX_PATH=${CMAKE_PREFIX_PATH}:/opt/ros/foxy /usr/bin/cmake --build /home/ubuntu/linorobot2_ws/build/micro_ros_setup -- -j4 -l4
[0.420s] Invoking command in '/home/ubuntu/linorobot2_ws/build/micro_ros_setup': CMAKE_PREFIX_PATH=${CMAKE_PREFIX_PATH}:/opt/ros/foxy /usr/bin/cmake --install /home/ubuntu/linorobot2_ws/build/micro_ros_setup
[0.495s] -- Install configuration: ""
[0.498s] -- Up-to-date: /home/ubuntu/linorobot2_ws/install/micro_ros_setup/share/ament_index/resource_index/package_run_dependencies/micro_ros_setup
[0.501s] -- Up-to-date: /home/ubuntu/linorobot2_ws/install/micro_ros_setup/share/ament_index/resource_index/parent_prefix_path/micro_ros_setup
[0.503s] -- Up-to-date: /home/ubuntu/linorobot2_ws/install/micro_ros_setup/share/micro_ros_setup/environment/ament_prefix_path.sh
[0.508s] -- Up-to-date: /home/ubuntu/linorobot2_ws/install/micro_ros_setup/share/micro_ros_setup/environment/ament_prefix_path.dsv
[0.515s] -- Up-to-date: /home/ubuntu/linorobot2_ws/install/micro_ros_setup/share/micro_ros_setup/environment/path.sh
[0.516s] -- Up-to-date: /home/ubuntu/linorobot2_ws/install/micro_ros_setup/share/micro_ros_setup/environment/path.dsv
[0.516s] -- Up-to-date: /home/ubuntu/linorobot2_ws/install/micro_ros_setup/share/micro_ros_setup/local_setup.bash
[0.517s] -- Up-to-date: /home/ubuntu/linorobot2_ws/install/micro_ros_setup/share/micro_ros_setup/local_setup.sh
[0.518s] -- Up-to-date: /home/ubuntu/linorobot2_ws/install/micro_ros_setup/share/micro_ros_setup/local_setup.zsh
[0.519s] -- Up-to-date: /home/ubuntu/linorobot2_ws/install/micro_ros_setup/share/micro_ros_setup/local_setup.dsv
[0.521s] -- Installing: /home/ubuntu/linorobot2_ws/install/micro_ros_setup/share/micro_ros_setup/package.dsv
[0.522s] -- Up-to-date: /home/ubuntu/linorobot2_ws/install/micro_ros_setup/share/ament_index/resource_index/packages/micro_ros_setup
[0.522s] -- Up-to-date: /home/ubuntu/linorobot2_ws/install/micro_ros_setup/share/micro_ros_setup/cmake/micro_ros_setupConfig.cmake
[0.523s] -- Up-to-date: /home/ubuntu/linorobot2_ws/install/micro_ros_setup/share/micro_ros_setup/cmake/micro_ros_setupConfig-version.cmake
[0.523s] -- Up-to-date: /home/ubuntu/linorobot2_ws/install/micro_ros_setup/share/micro_ros_setup/package.xml
[0.524s] -- Up-to-date: /home/ubuntu/linorobot2_ws/install/micro_ros_setup/./config
[0.539s] -- Up-to-date: /home/ubuntu/linorobot2_ws/install/micro_ros_setup/./config/freertos
[0.542s] -- Up-to-date: /home/ubuntu/linorobot2_ws/install/micro_ros_setup/./config/freertos/crazyflie21
[0.548s] -- Up-to-date: /home/ubuntu/linorobot2_ws/install/micro_ros_setup/./config/freertos/crazyflie21/build.sh
[0.548s] -- Up-to-date: /home/ubuntu/linorobot2_ws/install/micro_ros_setup/./config/freertos/crazyflie21/client-colcon.meta
[0.550s] -- Up-to-date: /home/ubuntu/linorobot2_ws/install/micro_ros_setup/./config/freertos/crazyflie21/client_uros_packages.repos
[0.551s] -- Up-to-date: /home/ubuntu/linorobot2_ws/install/micro_ros_setup/./config/freertos/crazyflie21/create.sh
[0.552s] -- Up-to-date: /home/ubuntu/linorobot2_ws/install/micro_ros_setup/./config/freertos/crazyflie21/board.repos
[0.553s] -- Up-to-date: /home/ubuntu/linorobot2_ws/install/micro_ros_setup/./config/freertos/crazyflie21/flash.sh
[0.554s] -- Up-to-date: /home/ubuntu/linorobot2_ws/install/micro_ros_setup/./config/freertos/crazyflie21/configure.sh
[0.555s] -- Up-to-date: /home/ubuntu/linorobot2_ws/install/micro_ros_setup/./config/freertos/crazyflie21/package.xml
[0.560s] -- Up-to-date: /home/ubuntu/linorobot2_ws/install/micro_ros_setup/./config/freertos/nucleo_f746zg
[0.560s] -- Up-to-date: /home/ubuntu/linorobot2_ws/install/micro_ros_setup/./config/freertos/nucleo_f746zg/build.sh
[0.561s] -- Up-to-date: /home/ubuntu/linorobot2_ws/install/micro_ros_setup/./config/freertos/nucleo_f746zg/client-colcon.meta
[0.563s] -- Up-to-date: /home/ubuntu/linorobot2_ws/install/micro_ros_setup/./config/freertos/nucleo_f746zg/client_uros_packages.repos
[0.564s] -- Up-to-date: /home/ubuntu/linorobot2_ws/install/micro_ros_setup/./config/freertos/nucleo_f746zg/create.sh
[0.565s] -- Up-to-date: /home/ubuntu/linorobot2_ws/install/micro_ros_setup/./config/freertos/nucleo_f746zg/board.repos
[0.566s] -- Up-to-date: /home/ubuntu/linorobot2_ws/install/micro_ros_setup/./config/freertos/nucleo_f746zg/reset.sh
[0.567s] -- Up-to-date: /home/ubuntu/linorobot2_ws/install/micro_ros_setup/./config/freertos/nucleo_f746zg/flash.sh
[0.568s] -- Up-to-date: /home/ubuntu/linorobot2_ws/install/micro_ros_setup/./config/freertos/nucleo_f746zg/configure.sh
[0.568s] -- Up-to-date: /home/ubuntu/linorobot2_ws/install/micro_ros_setup/./config/freertos/nucleo_f746zg/package.xml
[0.570s] -- Up-to-date: /home/ubuntu/linorobot2_ws/install/micro_ros_setup/./config/freertos/esp32
[0.572s] -- Up-to-date: /home/ubuntu/linorobot2_ws/install/micro_ros_setup/./config/freertos/esp32/build.sh
[0.573s] -- Up-to-date: /home/ubuntu/linorobot2_ws/install/micro_ros_setup/./config/freertos/esp32/client-colcon.meta
[0.583s] -- Up-to-date: /home/ubuntu/linorobot2_ws/install/micro_ros_setup/./config/freertos/esp32/README.md
[0.585s] -- Up-to-date: /home/ubuntu/linorobot2_ws/install/micro_ros_setup/./config/freertos/esp32/client_uros_packages.repos
[0.586s] -- Up-to-date: /home/ubuntu/linorobot2_ws/install/micro_ros_setup/./config/freertos/esp32/create.sh
[0.591s] -- Up-to-date: /home/ubuntu/linorobot2_ws/install/micro_ros_setup/./config/freertos/esp32/board.repos
[0.593s] -- Up-to-date: /home/ubuntu/linorobot2_ws/install/micro_ros_setup/./config/freertos/esp32/flash.sh
[0.596s] -- Up-to-date: /home/ubuntu/linorobot2_ws/install/micro_ros_setup/./config/freertos/esp32/configure.sh
[0.599s] -- Up-to-date: /home/ubuntu/linorobot2_ws/install/micro_ros_setup/./config/freertos/esp32/package.xml
[0.599s] -- Up-to-date: /home/ubuntu/linorobot2_ws/install/micro_ros_setup/./config/freertos/nucleo_f446re
[0.603s] -- Up-to-date: /home/ubuntu/linorobot2_ws/install/micro_ros_setup/./config/freertos/nucleo_f446re/build.sh
[0.604s] -- Up-to-date: /home/ubuntu/linorobot2_ws/install/micro_ros_setup/./config/freertos/nucleo_f446re/client-colcon.meta
[0.606s] -- Up-to-date: /home/ubuntu/linorobot2_ws/install/micro_ros_setup/./config/freertos/nucleo_f446re/client_uros_packages.repos
[0.607s] -- Up-to-date: /home/ubuntu/linorobot2_ws/install/micro_ros_setup/./config/freertos/nucleo_f446re/create.sh
[0.607s] -- Up-to-date: /home/ubuntu/linorobot2_ws/install/micro_ros_setup/./config/freertos/nucleo_f446re/board.repos
[0.608s] -- Up-to-date: /home/ubuntu/linorobot2_ws/install/micro_ros_setup/./config/freertos/nucleo_f446re/reset.sh
[0.611s] -- Up-to-date: /home/ubuntu/linorobot2_ws/install/micro_ros_setup/./config/freertos/nucleo_f446re/flash.sh
[0.614s] -- Up-to-date: /home/ubuntu/linorobot2_ws/install/micro_ros_setup/./config/freertos/nucleo_f446re/configure.sh
[0.616s] -- Up-to-date: /home/ubuntu/linorobot2_ws/install/micro_ros_setup/./config/freertos/nucleo_f446re/package.xml
[0.617s] -- Up-to-date: /home/ubuntu/linorobot2_ws/install/micro_ros_setup/./config/freertos/olimex-stm32-e407
[0.624s] -- Up-to-date: /home/ubuntu/linorobot2_ws/install/micro_ros_setup/./config/freertos/olimex-stm32-e407/build.sh
[0.628s] -- Up-to-date: /home/ubuntu/linorobot2_ws/install/micro_ros_setup/./config/freertos/olimex-stm32-e407/client-colcon.meta
[0.630s] -- Up-to-date: /home/ubuntu/linorobot2_ws/install/micro_ros_setup/./config/freertos/olimex-stm32-e407/client_uros_packages.repos
[0.636s] -- Up-to-date: /home/ubuntu/linorobot2_ws/install/micro_ros_setup/./config/freertos/olimex-stm32-e407/create.sh
[0.637s] -- Up-to-date: /home/ubuntu/linorobot2_ws/install/micro_ros_setup/./config/freertos/olimex-stm32-e407/board.repos
[0.639s] -- Up-to-date: /home/ubuntu/linorobot2_ws/install/micro_ros_setup/./config/freertos/olimex-stm32-e407/reset.sh
[0.643s] -- Up-to-date: /home/ubuntu/linorobot2_ws/install/micro_ros_setup/./config/freertos/olimex-stm32-e407/flash.sh
[0.644s] -- Up-to-date: /home/ubuntu/linorobot2_ws/install/micro_ros_setup/./config/freertos/olimex-stm32-e407/configure.sh
[0.646s] -- Up-to-date: /home/ubuntu/linorobot2_ws/install/micro_ros_setup/./config/freertos/olimex-stm32-e407/package.xml
[0.647s] -- Up-to-date: /home/ubuntu/linorobot2_ws/install/micro_ros_setup/./config/freertos/nucleo_f767zi
[0.703s] -- Up-to-date: /home/ubuntu/linorobot2_ws/install/micro_ros_setup/./config/freertos/nucleo_f767zi/build.sh
[0.704s] -- Up-to-date: /home/ubuntu/linorobot2_ws/install/micro_ros_setup/./config/freertos/nucleo_f767zi/client-colcon.meta
[0.704s] -- Up-to-date: /home/ubuntu/linorobot2_ws/install/micro_ros_setup/./config/freertos/nucleo_f767zi/client_uros_packages.repos
[0.705s] -- Up-to-date: /home/ubuntu/linorobot2_ws/install/micro_ros_setup/./config/freertos/nucleo_f767zi/create.sh
[0.705s] -- Up-to-date: /home/ubuntu/linorobot2_ws/install/micro_ros_setup/./config/freertos/nucleo_f767zi/board.repos
[0.706s] -- Up-to-date: /home/ubuntu/linorobot2_ws/install/micro_ros_setup/./config/freertos/nucleo_f767zi/reset.sh
[0.706s] -- Up-to-date: /home/ubuntu/linorobot2_ws/install/micro_ros_setup/./config/freertos/nucleo_f767zi/flash.sh
[0.707s] -- Up-to-date: /home/ubuntu/linorobot2_ws/install/micro_ros_setup/./config/freertos/nucleo_f767zi/configure.sh
[0.707s] -- Up-to-date: /home/ubuntu/linorobot2_ws/install/micro_ros_setup/./config/freertos/nucleo_f767zi/package.xml
[0.708s] -- Up-to-date: /home/ubuntu/linorobot2_ws/install/micro_ros_setup/./config/freertos/dev_uros_packages.repos
[0.708s] -- Up-to-date: /home/ubuntu/linorobot2_ws/install/micro_ros_setup/./config/freertos/nucleo_f446ze
[0.708s] -- Up-to-date: /home/ubuntu/linorobot2_ws/install/micro_ros_setup/./config/freertos/nucleo_f446ze/build.sh
[0.709s] -- Up-to-date: /home/ubuntu/linorobot2_ws/install/micro_ros_setup/./config/freertos/nucleo_f446ze/client-colcon.meta
[0.709s] -- Up-to-date: /home/ubuntu/linorobot2_ws/install/micro_ros_setup/./config/freertos/nucleo_f446ze/client_uros_packages.repos
[0.710s] -- Up-to-date: /home/ubuntu/linorobot2_ws/install/micro_ros_setup/./config/freertos/nucleo_f446ze/create.sh
[0.710s] -- Up-to-date: /home/ubuntu/linorobot2_ws/install/micro_ros_setup/./config/freertos/nucleo_f446ze/board.repos
[0.710s] -- Up-to-date: /home/ubuntu/linorobot2_ws/install/micro_ros_setup/./config/freertos/nucleo_f446ze/reset.sh
[0.710s] -- Up-to-date: /home/ubuntu/linorobot2_ws/install/micro_ros_setup/./config/freertos/nucleo_f446ze/flash.sh
[0.711s] -- Up-to-date: /home/ubuntu/linorobot2_ws/install/micro_ros_setup/./config/freertos/nucleo_f446ze/configure.sh
[0.711s] -- Up-to-date: /home/ubuntu/linorobot2_ws/install/micro_ros_setup/./config/freertos/nucleo_f446ze/package.xml
[0.711s] -- Up-to-date: /home/ubuntu/linorobot2_ws/install/micro_ros_setup/./config/freertos/list_apps.sh
[0.712s] -- Up-to-date: /home/ubuntu/linorobot2_ws/install/micro_ros_setup/./config/freertos/dev_ros2_packages.txt
[0.712s] -- Up-to-date: /home/ubuntu/linorobot2_ws/install/micro_ros_setup/./config/host
[0.713s] -- Up-to-date: /home/ubuntu/linorobot2_ws/install/micro_ros_setup/./config/host/generic
[0.714s] -- Up-to-date: /home/ubuntu/linorobot2_ws/install/micro_ros_setup/./config/host/generic/build.sh
[0.714s] -- Up-to-date: /home/ubuntu/linorobot2_ws/install/micro_ros_setup/./config/host/generic/create.sh
[0.715s] -- Up-to-date: /home/ubuntu/linorobot2_ws/install/micro_ros_setup/./config/host/generic/reset.sh
[0.715s] -- Up-to-date: /home/ubuntu/linorobot2_ws/install/micro_ros_setup/./config/host/generic/flash.sh
[0.716s] -- Up-to-date: /home/ubuntu/linorobot2_ws/install/micro_ros_setup/./config/host/generic/client_host_packages.repos
[0.716s] -- Up-to-date: /home/ubuntu/linorobot2_ws/install/micro_ros_setup/./config/host/generic/client-host-colcon.meta
[0.716s] -- Up-to-date: /home/ubuntu/linorobot2_ws/install/micro_ros_setup/./config/host/generic/package.xml
[0.717s] -- Up-to-date: /home/ubuntu/linorobot2_ws/install/micro_ros_setup/./config/host/dev_uros_packages.repos
[0.717s] -- Up-to-date: /home/ubuntu/linorobot2_ws/install/micro_ros_setup/./config/host/client_ros2_packages.txt
[0.718s] -- Up-to-date: /home/ubuntu/linorobot2_ws/install/micro_ros_setup/./config/host/dev_ros2_packages.txt
[0.718s] -- Up-to-date: /home/ubuntu/linorobot2_ws/install/micro_ros_setup/./config/generate_lib
[0.719s] -- Up-to-date: /home/ubuntu/linorobot2_ws/install/micro_ros_setup/./config/generate_lib/generic
[0.751s] -- Up-to-date: /home/ubuntu/linorobot2_ws/install/micro_ros_setup/./config/generate_lib/generic/build.sh
[0.756s] -- Up-to-date: /home/ubuntu/linorobot2_ws/install/micro_ros_setup/./config/generate_lib/generic/client-colcon.meta
[0.764s] -- Up-to-date: /home/ubuntu/linorobot2_ws/install/micro_ros_setup/./config/generate_lib/generic/client_uros_packages.repos
[0.766s] -- Up-to-date: /home/ubuntu/linorobot2_ws/install/micro_ros_setup/./config/generate_lib/generic/create.sh
[0.768s] -- Up-to-date: /home/ubuntu/linorobot2_ws/install/micro_ros_setup/./config/generate_lib/generic/demo_toolchain.cmake
[0.771s] -- Up-to-date: /home/ubuntu/linorobot2_ws/install/micro_ros_setup/./config/generate_lib/generic/flash.sh
[0.773s] -- Up-to-date: /home/ubuntu/linorobot2_ws/install/micro_ros_setup/./config/generate_lib/generic/package.xml
[0.774s] -- Up-to-date: /home/ubuntu/linorobot2_ws/install/micro_ros_setup/./config/generate_lib/dev_uros_packages.repos
[0.775s] -- Up-to-date: /home/ubuntu/linorobot2_ws/install/micro_ros_setup/./config/generate_lib/dev_ros2_packages.txt
[0.775s] -- Up-to-date: /home/ubuntu/linorobot2_ws/install/micro_ros_setup/./config/nuttx
[0.776s] -- Up-to-date: /home/ubuntu/linorobot2_ws/install/micro_ros_setup/./config/nuttx/generic
[0.777s] -- Up-to-date: /home/ubuntu/linorobot2_ws/install/micro_ros_setup/./config/nuttx/generic/build.sh
[0.778s] -- Up-to-date: /home/ubuntu/linorobot2_ws/install/micro_ros_setup/./config/nuttx/generic/client-colcon.meta
[0.779s] -- Up-to-date: /home/ubuntu/linorobot2_ws/install/micro_ros_setup/./config/nuttx/generic/uros_packages.repos
[0.780s] -- Up-to-date: /home/ubuntu/linorobot2_ws/install/micro_ros_setup/./config/nuttx/generic/supported_platforms
[0.780s] -- Up-to-date: /home/ubuntu/linorobot2_ws/install/micro_ros_setup/./config/nuttx/generic/client_uros_packages.repos
[0.781s] -- Up-to-date: /home/ubuntu/linorobot2_ws/install/micro_ros_setup/./config/nuttx/generic/create.sh
[0.783s] -- Up-to-date: /home/ubuntu/linorobot2_ws/install/micro_ros_setup/./config/nuttx/generic/reset.sh
[0.783s] -- Up-to-date: /home/ubuntu/linorobot2_ws/install/micro_ros_setup/./config/nuttx/generic/flash.sh
[0.786s] -- Up-to-date: /home/ubuntu/linorobot2_ws/install/micro_ros_setup/./config/nuttx/generic/configure.sh
[0.786s] -- Up-to-date: /home/ubuntu/linorobot2_ws/install/micro_ros_setup/./config/nuttx/generic/package.xml
[0.788s] -- Up-to-date: /home/ubuntu/linorobot2_ws/install/micro_ros_setup/./config/nuttx/dev_uros_packages.repos
[0.792s] -- Up-to-date: /home/ubuntu/linorobot2_ws/install/micro_ros_setup/./config/nuttx/dev_ros2_packages.txt
[0.793s] -- Up-to-date: /home/ubuntu/linorobot2_ws/install/micro_ros_setup/./config/renesas_ra
[0.794s] -- Up-to-date: /home/ubuntu/linorobot2_ws/install/micro_ros_setup/./config/renesas_ra/dev_uros_packages.repos
[0.795s] -- Up-to-date: /home/ubuntu/linorobot2_ws/install/micro_ros_setup/./config/renesas_ra/ra6m5
[0.798s] -- Up-to-date: /home/ubuntu/linorobot2_ws/install/micro_ros_setup/./config/renesas_ra/ra6m5/build.sh
[0.800s] -- Up-to-date: /home/ubuntu/linorobot2_ws/install/micro_ros_setup/./config/renesas_ra/ra6m5/client-colcon.meta
[0.800s] -- Up-to-date: /home/ubuntu/linorobot2_ws/install/micro_ros_setup/./config/renesas_ra/ra6m5/client_uros_packages.repos
[0.801s] -- Up-to-date: /home/ubuntu/linorobot2_ws/install/micro_ros_setup/./config/renesas_ra/ra6m5/create.sh
[0.802s] -- Up-to-date: /home/ubuntu/linorobot2_ws/install/micro_ros_setup/./config/renesas_ra/ra6m5/board.repos
[0.802s] -- Up-to-date: /home/ubuntu/linorobot2_ws/install/micro_ros_setup/./config/renesas_ra/ra6m5/flash.sh
[0.804s] -- Up-to-date: /home/ubuntu/linorobot2_ws/install/micro_ros_setup/./config/renesas_ra/ra6m5/configure.sh
[0.805s] -- Up-to-date: /home/ubuntu/linorobot2_ws/install/micro_ros_setup/./config/renesas_ra/list_apps.sh
[0.806s] -- Up-to-date: /home/ubuntu/linorobot2_ws/install/micro_ros_setup/./config/renesas_ra/dev_ros2_packages.txt
[0.807s] -- Up-to-date: /home/ubuntu/linorobot2_ws/install/micro_ros_setup/./config/zephyr
[0.810s] -- Up-to-date: /home/ubuntu/linorobot2_ws/install/micro_ros_setup/./config/zephyr/generic
[0.810s] -- Up-to-date: /home/ubuntu/linorobot2_ws/install/micro_ros_setup/./config/zephyr/generic/build.sh
[0.811s] -- Up-to-date: /home/ubuntu/linorobot2_ws/install/micro_ros_setup/./config/zephyr/generic/client-colcon.meta
[0.811s] -- Up-to-date: /home/ubuntu/linorobot2_ws/install/micro_ros_setup/./config/zephyr/generic/supported_platforms
[0.812s] -- Up-to-date: /home/ubuntu/linorobot2_ws/install/micro_ros_setup/./config/zephyr/generic/client_uros_packages.repos
[0.814s] -- Up-to-date: /home/ubuntu/linorobot2_ws/install/micro_ros_setup/./config/zephyr/generic/create.sh
[0.815s] -- Up-to-date: /home/ubuntu/linorobot2_ws/install/micro_ros_setup/./config/zephyr/generic/board.repos
[0.815s] -- Up-to-date: /home/ubuntu/linorobot2_ws/install/micro_ros_setup/./config/zephyr/generic/reset.sh
[0.816s] -- Up-to-date: /home/ubuntu/linorobot2_ws/install/micro_ros_setup/./config/zephyr/generic/flash.sh
[0.818s] -- Up-to-date: /home/ubuntu/linorobot2_ws/install/micro_ros_setup/./config/zephyr/generic/configure.sh
[0.818s] -- Up-to-date: /home/ubuntu/linorobot2_ws/install/micro_ros_setup/./config/zephyr/generic/package.xml
[0.819s] -- Up-to-date: /home/ubuntu/linorobot2_ws/install/micro_ros_setup/./config/zephyr/dev_uros_packages.repos
[0.820s] -- Up-to-date: /home/ubuntu/linorobot2_ws/install/micro_ros_setup/./config/zephyr/list_apps.sh
[0.820s] -- Up-to-date: /home/ubuntu/linorobot2_ws/install/micro_ros_setup/./config/zephyr/dev_ros2_packages.txt
[0.823s] -- Up-to-date: /home/ubuntu/linorobot2_ws/install/micro_ros_setup/./config/agent_ros2_packages.txt
[0.824s] -- Up-to-date: /home/ubuntu/linorobot2_ws/install/micro_ros_setup/./config/client_uros_packages.repos
[0.825s] -- Up-to-date: /home/ubuntu/linorobot2_ws/install/micro_ros_setup/./config/agent_uros_packages.repos
[0.827s] -- Up-to-date: /home/ubuntu/linorobot2_ws/install/micro_ros_setup/./config/client_ros2_packages.txt
[0.828s] -- Up-to-date: /home/ubuntu/linorobot2_ws/install/micro_ros_setup/./config/utils.sh
[0.830s] -- Up-to-date: /home/ubuntu/linorobot2_ws/install/micro_ros_setup/./config/raspbian
[0.834s] -- Up-to-date: /home/ubuntu/linorobot2_ws/install/micro_ros_setup/./config/raspbian/generic
[0.835s] -- Up-to-date: /home/ubuntu/linorobot2_ws/install/micro_ros_setup/./config/raspbian/generic/build.sh
[0.836s] -- Up-to-date: /home/ubuntu/linorobot2_ws/install/micro_ros_setup/./config/raspbian/generic/client-colcon.meta
[0.837s] -- Up-to-date: /home/ubuntu/linorobot2_ws/install/micro_ros_setup/./config/raspbian/generic/supported_platforms
[0.838s] -- Up-to-date: /home/ubuntu/linorobot2_ws/install/micro_ros_setup/./config/raspbian/generic/client_uros_packages.repos
[0.845s] -- Up-to-date: /home/ubuntu/linorobot2_ws/install/micro_ros_setup/./config/raspbian/generic/create.sh
[0.846s] -- Up-to-date: /home/ubuntu/linorobot2_ws/install/micro_ros_setup/./config/raspbian/generic/flash.sh
[0.847s] -- Up-to-date: /home/ubuntu/linorobot2_ws/install/micro_ros_setup/./config/raspbian/generic/configure.sh
[0.847s] -- Up-to-date: /home/ubuntu/linorobot2_ws/install/micro_ros_setup/./config/raspbian/dev_uros_packages.repos
[0.849s] -- Up-to-date: /home/ubuntu/linorobot2_ws/install/micro_ros_setup/./config/raspbian/dev_ros2_packages.txt
[0.850s] -- Up-to-date: /home/ubuntu/linorobot2_ws/install/micro_ros_setup/lib/micro_ros_setup/create_ws.sh
[0.851s] -- Up-to-date: /home/ubuntu/linorobot2_ws/install/micro_ros_setup/lib/micro_ros_setup/create_agent_ws.sh
[0.852s] -- Up-to-date: /home/ubuntu/linorobot2_ws/install/micro_ros_setup/lib/micro_ros_setup/create_firmware_ws.sh
[0.854s] -- Up-to-date: /home/ubuntu/linorobot2_ws/install/micro_ros_setup/lib/micro_ros_setup/configure_firmware.sh
[0.855s] -- Up-to-date: /home/ubuntu/linorobot2_ws/install/micro_ros_setup/lib/micro_ros_setup/flash_firmware.sh
[0.856s] -- Up-to-date: /home/ubuntu/linorobot2_ws/install/micro_ros_setup/lib/micro_ros_setup/reset_firmware.sh
[0.858s] -- Up-to-date: /home/ubuntu/linorobot2_ws/install/micro_ros_setup/lib/micro_ros_setup/build_firmware.sh
[0.858s] -- Up-to-date: /home/ubuntu/linorobot2_ws/install/micro_ros_setup/lib/micro_ros_setup/build_agent.sh
[0.859s] -- Up-to-date: /home/ubuntu/linorobot2_ws/install/micro_ros_setup/lib/micro_ros_setup/yaml_filter.py
[0.860s] -- Up-to-date: /home/ubuntu/linorobot2_ws/install/micro_ros_setup/lib/micro_ros_setup/clean_env.sh
[0.873s] Invoked command in '/home/ubuntu/linorobot2_ws/build/micro_ros_setup' returned '0': CMAKE_PREFIX_PATH=${CMAKE_PREFIX_PATH}:/opt/ros/foxy /usr/bin/cmake --install /home/ubuntu/linorobot2_ws/build/micro_ros_setup
