[0.173s] Invoking command in '/home/ubuntu/linorobot2_ws/build/micro_ros_msgs': CMAKE_PREFIX_PATH=${CMAKE_PREFIX_PATH}:/opt/ros/foxy /usr/bin/cmake --build /home/ubuntu/linorobot2_ws/build/micro_ros_msgs -- -j4 -l4
[0.755s] [  2%] Built target micro_ros_msgs__cpp
[0.853s] [ 12%] Built target micro_ros_msgs__rosidl_generator_c
[1.089s] [ 23%] Built target micro_ros_msgs__rosidl_typesupport_fastrtps_cpp
[1.100s] [ 34%] Built target micro_ros_msgs__rosidl_typesupport_cpp
[1.158s] [ 44%] Built target micro_ros_msgs__rosidl_typesupport_introspection_cpp
[1.250s] [ 55%] Built target micro_ros_msgs__rosidl_typesupport_c
[1.317s] [ 65%] Built target micro_ros_msgs__rosidl_typesupport_introspection_c
[1.372s] [ 76%] Built target micro_ros_msgs__rosidl_typesupport_fastrtps_c
[1.493s] [ 76%] Built target micro_ros_msgs
[1.616s] [ 78%] Built target micro_ros_msgs__py
[1.806s] [ 87%] Built target micro_ros_msgs__python
[2.103s] [ 91%] Built target micro_ros_msgs__rosidl_typesupport_introspection_c__pyext
[2.123s] [ 95%] Built target micro_ros_msgs__rosidl_typesupport_fastrtps_c__pyext
[2.149s] [100%] Built target micro_ros_msgs__rosidl_typesupport_c__pyext
[2.256s] Invoked command in '/home/ubuntu/linorobot2_ws/build/micro_ros_msgs' returned '0': CMAKE_PREFIX_PATH=${CMAKE_PREFIX_PATH}:/opt/ros/foxy /usr/bin/cmake --build /home/ubuntu/linorobot2_ws/build/micro_ros_msgs -- -j4 -l4
[2.869s] Invoking command in '/home/ubuntu/linorobot2_ws/build/micro_ros_msgs': CMAKE_PREFIX_PATH=${CMAKE_PREFIX_PATH}:/opt/ros/foxy /usr/bin/cmake --install /home/ubuntu/linorobot2_ws/build/micro_ros_msgs
[2.911s] -- Install configuration: ""
[2.911s] -- Up-to-date: /home/ubuntu/linorobot2_ws/install/micro_ros_msgs/share/ament_index/resource_index/rosidl_interfaces/micro_ros_msgs
[2.913s] -- Up-to-date: /home/ubuntu/linorobot2_ws/install/micro_ros_msgs/include/micro_ros_msgs
[2.914s] -- Up-to-date: /home/ubuntu/linorobot2_ws/install/micro_ros_msgs/include/micro_ros_msgs/msg
[2.915s] -- Up-to-date: /home/ubuntu/linorobot2_ws/install/micro_ros_msgs/include/micro_ros_msgs/msg/graph.h
[2.915s] -- Up-to-date: /home/ubuntu/linorobot2_ws/install/micro_ros_msgs/include/micro_ros_msgs/msg/detail
[2.917s] -- Up-to-date: /home/ubuntu/linorobot2_ws/install/micro_ros_msgs/include/micro_ros_msgs/msg/detail/entity__struct.h
[2.919s] -- Up-to-date: /home/ubuntu/linorobot2_ws/install/micro_ros_msgs/include/micro_ros_msgs/msg/detail/entity__functions.c
[2.920s] -- Up-to-date: /home/ubuntu/linorobot2_ws/install/micro_ros_msgs/include/micro_ros_msgs/msg/detail/graph__type_support.h
[2.920s] -- Up-to-date: /home/ubuntu/linorobot2_ws/install/micro_ros_msgs/include/micro_ros_msgs/msg/detail/node__functions.h
[2.921s] -- Up-to-date: /home/ubuntu/linorobot2_ws/install/micro_ros_msgs/include/micro_ros_msgs/msg/detail/graph__functions.c
[2.921s] -- Up-to-date: /home/ubuntu/linorobot2_ws/install/micro_ros_msgs/include/micro_ros_msgs/msg/detail/entity__type_support.h
[2.923s] -- Up-to-date: /home/ubuntu/linorobot2_ws/install/micro_ros_msgs/include/micro_ros_msgs/msg/detail/node__struct.h
[2.925s] -- Up-to-date: /home/ubuntu/linorobot2_ws/install/micro_ros_msgs/include/micro_ros_msgs/msg/detail/graph__struct.h
[2.927s] -- Up-to-date: /home/ubuntu/linorobot2_ws/install/micro_ros_msgs/include/micro_ros_msgs/msg/detail/node__type_support.h
[2.928s] -- Up-to-date: /home/ubuntu/linorobot2_ws/install/micro_ros_msgs/include/micro_ros_msgs/msg/detail/entity__functions.h
[2.928s] -- Up-to-date: /home/ubuntu/linorobot2_ws/install/micro_ros_msgs/include/micro_ros_msgs/msg/detail/node__functions.c
[2.928s] -- Up-to-date: /home/ubuntu/linorobot2_ws/install/micro_ros_msgs/include/micro_ros_msgs/msg/detail/graph__functions.h
[2.929s] -- Up-to-date: /home/ubuntu/linorobot2_ws/install/micro_ros_msgs/include/micro_ros_msgs/msg/rosidl_generator_c__visibility_control.h
[2.929s] -- Up-to-date: /home/ubuntu/linorobot2_ws/install/micro_ros_msgs/include/micro_ros_msgs/msg/entity.h
[2.929s] -- Up-to-date: /home/ubuntu/linorobot2_ws/install/micro_ros_msgs/include/micro_ros_msgs/msg/node.h
[2.930s] -- Up-to-date: /home/ubuntu/linorobot2_ws/install/micro_ros_msgs/share/micro_ros_msgs/environment/library_path.sh
[2.931s] -- Up-to-date: /home/ubuntu/linorobot2_ws/install/micro_ros_msgs/share/micro_ros_msgs/environment/library_path.dsv
[2.932s] -- Up-to-date: /home/ubuntu/linorobot2_ws/install/micro_ros_msgs/lib/libmicro_ros_msgs__rosidl_generator_c.so
[2.932s] -- Up-to-date: /home/ubuntu/linorobot2_ws/install/micro_ros_msgs/include/micro_ros_msgs
[2.933s] -- Up-to-date: /home/ubuntu/linorobot2_ws/install/micro_ros_msgs/include/micro_ros_msgs/msg
[2.934s] -- Up-to-date: /home/ubuntu/linorobot2_ws/install/micro_ros_msgs/include/micro_ros_msgs/msg/rosidl_typesupport_fastrtps_c__visibility_control.h
[2.934s] -- Up-to-date: /home/ubuntu/linorobot2_ws/install/micro_ros_msgs/include/micro_ros_msgs/msg/detail
[2.934s] -- Up-to-date: /home/ubuntu/linorobot2_ws/install/micro_ros_msgs/include/micro_ros_msgs/msg/detail/node__rosidl_typesupport_fastrtps_c.h
[2.936s] -- Up-to-date: /home/ubuntu/linorobot2_ws/install/micro_ros_msgs/include/micro_ros_msgs/msg/detail/graph__rosidl_typesupport_fastrtps_c.h
[2.936s] -- Up-to-date: /home/ubuntu/linorobot2_ws/install/micro_ros_msgs/include/micro_ros_msgs/msg/detail/entity__rosidl_typesupport_fastrtps_c.h
[2.937s] -- Up-to-date: /home/ubuntu/linorobot2_ws/install/micro_ros_msgs/lib/libmicro_ros_msgs__rosidl_typesupport_fastrtps_c.so
[2.937s] -- Up-to-date: /home/ubuntu/linorobot2_ws/install/micro_ros_msgs/include/micro_ros_msgs
[2.938s] -- Up-to-date: /home/ubuntu/linorobot2_ws/install/micro_ros_msgs/include/micro_ros_msgs/msg
[2.938s] -- Up-to-date: /home/ubuntu/linorobot2_ws/install/micro_ros_msgs/include/micro_ros_msgs/msg/rosidl_typesupport_fastrtps_cpp__visibility_control.h
[2.939s] -- Up-to-date: /home/ubuntu/linorobot2_ws/install/micro_ros_msgs/include/micro_ros_msgs/msg/detail
[2.940s] -- Up-to-date: /home/ubuntu/linorobot2_ws/install/micro_ros_msgs/include/micro_ros_msgs/msg/detail/dds_fastrtps
[2.941s] -- Up-to-date: /home/ubuntu/linorobot2_ws/install/micro_ros_msgs/include/micro_ros_msgs/msg/detail/entity__rosidl_typesupport_fastrtps_cpp.hpp
[2.942s] -- Up-to-date: /home/ubuntu/linorobot2_ws/install/micro_ros_msgs/include/micro_ros_msgs/msg/detail/node__rosidl_typesupport_fastrtps_cpp.hpp
[2.942s] -- Up-to-date: /home/ubuntu/linorobot2_ws/install/micro_ros_msgs/include/micro_ros_msgs/msg/detail/graph__rosidl_typesupport_fastrtps_cpp.hpp
[2.942s] -- Up-to-date: /home/ubuntu/linorobot2_ws/install/micro_ros_msgs/lib/libmicro_ros_msgs__rosidl_typesupport_fastrtps_cpp.so
[2.943s] -- Up-to-date: /home/ubuntu/linorobot2_ws/install/micro_ros_msgs/include/micro_ros_msgs
[2.943s] -- Up-to-date: /home/ubuntu/linorobot2_ws/install/micro_ros_msgs/include/micro_ros_msgs/msg
[2.944s] -- Up-to-date: /home/ubuntu/linorobot2_ws/install/micro_ros_msgs/include/micro_ros_msgs/msg/detail
[2.944s] -- Up-to-date: /home/ubuntu/linorobot2_ws/install/micro_ros_msgs/include/micro_ros_msgs/msg/detail/graph__type_support.c
[2.945s] -- Up-to-date: /home/ubuntu/linorobot2_ws/install/micro_ros_msgs/include/micro_ros_msgs/msg/detail/graph__rosidl_typesupport_introspection_c.h
[2.946s] -- Up-to-date: /home/ubuntu/linorobot2_ws/install/micro_ros_msgs/include/micro_ros_msgs/msg/detail/entity__rosidl_typesupport_introspection_c.h
[2.946s] -- Up-to-date: /home/ubuntu/linorobot2_ws/install/micro_ros_msgs/include/micro_ros_msgs/msg/detail/node__rosidl_typesupport_introspection_c.h
[2.947s] -- Up-to-date: /home/ubuntu/linorobot2_ws/install/micro_ros_msgs/include/micro_ros_msgs/msg/detail/node__type_support.c
[2.947s] -- Up-to-date: /home/ubuntu/linorobot2_ws/install/micro_ros_msgs/include/micro_ros_msgs/msg/detail/entity__type_support.c
[2.948s] -- Up-to-date: /home/ubuntu/linorobot2_ws/install/micro_ros_msgs/include/micro_ros_msgs/msg/rosidl_typesupport_introspection_c__visibility_control.h
[2.949s] -- Up-to-date: /home/ubuntu/linorobot2_ws/install/micro_ros_msgs/lib/libmicro_ros_msgs__rosidl_typesupport_introspection_c.so
[2.961s] -- Up-to-date: /home/ubuntu/linorobot2_ws/install/micro_ros_msgs/lib/libmicro_ros_msgs__rosidl_typesupport_c.so
[2.963s] -- Up-to-date: /home/ubuntu/linorobot2_ws/install/micro_ros_msgs/include/micro_ros_msgs
[2.964s] -- Up-to-date: /home/ubuntu/linorobot2_ws/install/micro_ros_msgs/include/micro_ros_msgs/msg
[2.968s] -- Up-to-date: /home/ubuntu/linorobot2_ws/install/micro_ros_msgs/include/micro_ros_msgs/msg/graph.hpp
[2.969s] -- Up-to-date: /home/ubuntu/linorobot2_ws/install/micro_ros_msgs/include/micro_ros_msgs/msg/detail
[2.969s] -- Up-to-date: /home/ubuntu/linorobot2_ws/install/micro_ros_msgs/include/micro_ros_msgs/msg/detail/node__type_support.hpp
[2.970s] -- Up-to-date: /home/ubuntu/linorobot2_ws/install/micro_ros_msgs/include/micro_ros_msgs/msg/detail/graph__type_support.hpp
[2.971s] -- Up-to-date: /home/ubuntu/linorobot2_ws/install/micro_ros_msgs/include/micro_ros_msgs/msg/detail/entity__traits.hpp
[2.971s] -- Up-to-date: /home/ubuntu/linorobot2_ws/install/micro_ros_msgs/include/micro_ros_msgs/msg/detail/node__struct.hpp
[2.972s] -- Up-to-date: /home/ubuntu/linorobot2_ws/install/micro_ros_msgs/include/micro_ros_msgs/msg/detail/entity__builder.hpp
[2.972s] -- Up-to-date: /home/ubuntu/linorobot2_ws/install/micro_ros_msgs/include/micro_ros_msgs/msg/detail/graph__traits.hpp
[2.972s] -- Up-to-date: /home/ubuntu/linorobot2_ws/install/micro_ros_msgs/include/micro_ros_msgs/msg/detail/graph__builder.hpp
[2.973s] -- Up-to-date: /home/ubuntu/linorobot2_ws/install/micro_ros_msgs/include/micro_ros_msgs/msg/detail/node__traits.hpp
[2.973s] -- Up-to-date: /home/ubuntu/linorobot2_ws/install/micro_ros_msgs/include/micro_ros_msgs/msg/detail/entity__struct.hpp
[2.974s] -- Up-to-date: /home/ubuntu/linorobot2_ws/install/micro_ros_msgs/include/micro_ros_msgs/msg/detail/entity__type_support.hpp
[2.974s] -- Up-to-date: /home/ubuntu/linorobot2_ws/install/micro_ros_msgs/include/micro_ros_msgs/msg/detail/graph__struct.hpp
[2.974s] -- Up-to-date: /home/ubuntu/linorobot2_ws/install/micro_ros_msgs/include/micro_ros_msgs/msg/detail/node__builder.hpp
[2.977s] -- Up-to-date: /home/ubuntu/linorobot2_ws/install/micro_ros_msgs/include/micro_ros_msgs/msg/rosidl_generator_cpp__visibility_control.hpp
[2.980s] -- Up-to-date: /home/ubuntu/linorobot2_ws/install/micro_ros_msgs/include/micro_ros_msgs/msg/entity.hpp
[2.981s] -- Up-to-date: /home/ubuntu/linorobot2_ws/install/micro_ros_msgs/include/micro_ros_msgs/msg/node.hpp
[2.982s] -- Up-to-date: /home/ubuntu/linorobot2_ws/install/micro_ros_msgs/include/micro_ros_msgs
[2.982s] -- Up-to-date: /home/ubuntu/linorobot2_ws/install/micro_ros_msgs/include/micro_ros_msgs/msg
[2.983s] -- Up-to-date: /home/ubuntu/linorobot2_ws/install/micro_ros_msgs/include/micro_ros_msgs/msg/detail
[2.984s] -- Up-to-date: /home/ubuntu/linorobot2_ws/install/micro_ros_msgs/include/micro_ros_msgs/msg/detail/entity__type_support.cpp
[2.985s] -- Up-to-date: /home/ubuntu/linorobot2_ws/install/micro_ros_msgs/include/micro_ros_msgs/msg/detail/graph__rosidl_typesupport_introspection_cpp.hpp
[2.986s] -- Up-to-date: /home/ubuntu/linorobot2_ws/install/micro_ros_msgs/include/micro_ros_msgs/msg/detail/node__type_support.cpp
[2.987s] -- Up-to-date: /home/ubuntu/linorobot2_ws/install/micro_ros_msgs/include/micro_ros_msgs/msg/detail/entity__rosidl_typesupport_introspection_cpp.hpp
[2.987s] -- Up-to-date: /home/ubuntu/linorobot2_ws/install/micro_ros_msgs/include/micro_ros_msgs/msg/detail/node__rosidl_typesupport_introspection_cpp.hpp
[2.988s] -- Up-to-date: /home/ubuntu/linorobot2_ws/install/micro_ros_msgs/include/micro_ros_msgs/msg/detail/graph__type_support.cpp
[2.989s] -- Up-to-date: /home/ubuntu/linorobot2_ws/install/micro_ros_msgs/lib/libmicro_ros_msgs__rosidl_typesupport_introspection_cpp.so
[2.990s] -- Up-to-date: /home/ubuntu/linorobot2_ws/install/micro_ros_msgs/lib/libmicro_ros_msgs__rosidl_typesupport_cpp.so
[2.991s] -- Up-to-date: /home/ubuntu/linorobot2_ws/install/micro_ros_msgs/share/micro_ros_msgs/environment/pythonpath.sh
[2.992s] -- Up-to-date: /home/ubuntu/linorobot2_ws/install/micro_ros_msgs/share/micro_ros_msgs/environment/pythonpath.dsv
[2.992s] -- Up-to-date: /home/ubuntu/linorobot2_ws/install/micro_ros_msgs/lib/python3.8/site-packages/micro_ros_msgs/__init__.py
[3.396s] -- Up-to-date: /home/ubuntu/linorobot2_ws/install/micro_ros_msgs/lib/python3.8/site-packages/micro_ros_msgs/msg
[3.396s] -- Up-to-date: /home/ubuntu/linorobot2_ws/install/micro_ros_msgs/lib/python3.8/site-packages/micro_ros_msgs/msg/_entity_s.c
[3.398s] -- Up-to-date: /home/ubuntu/linorobot2_ws/install/micro_ros_msgs/lib/python3.8/site-packages/micro_ros_msgs/msg/_graph_s.c
[3.399s] -- Up-to-date: /home/ubuntu/linorobot2_ws/install/micro_ros_msgs/lib/python3.8/site-packages/micro_ros_msgs/msg/_entity.py
[3.401s] -- Up-to-date: /home/ubuntu/linorobot2_ws/install/micro_ros_msgs/lib/python3.8/site-packages/micro_ros_msgs/msg/_node.py
[3.407s] -- Up-to-date: /home/ubuntu/linorobot2_ws/install/micro_ros_msgs/lib/python3.8/site-packages/micro_ros_msgs/msg/_graph.py
[3.410s] -- Up-to-date: /home/ubuntu/linorobot2_ws/install/micro_ros_msgs/lib/python3.8/site-packages/micro_ros_msgs/msg/__init__.py
[3.411s] -- Up-to-date: /home/ubuntu/linorobot2_ws/install/micro_ros_msgs/lib/python3.8/site-packages/micro_ros_msgs/msg/_node_s.c
[3.412s] -- Up-to-date: /home/ubuntu/linorobot2_ws/install/micro_ros_msgs/lib/python3.8/site-packages/micro_ros_msgs/micro_ros_msgs_s__rosidl_typesupport_fastrtps_c.cpython-38-aarch64-linux-gnu.so
[3.413s] -- Up-to-date: /home/ubuntu/linorobot2_ws/install/micro_ros_msgs/lib/python3.8/site-packages/micro_ros_msgs/micro_ros_msgs_s__rosidl_typesupport_introspection_c.cpython-38-aarch64-linux-gnu.so
[3.414s] -- Up-to-date: /home/ubuntu/linorobot2_ws/install/micro_ros_msgs/lib/python3.8/site-packages/micro_ros_msgs/micro_ros_msgs_s__rosidl_typesupport_c.cpython-38-aarch64-linux-gnu.so
[3.415s] -- Up-to-date: /home/ubuntu/linorobot2_ws/install/micro_ros_msgs/lib/libmicro_ros_msgs__python.so
[3.416s] -- Up-to-date: /home/ubuntu/linorobot2_ws/install/micro_ros_msgs/share/micro_ros_msgs/msg/Graph.idl
[3.417s] -- Up-to-date: /home/ubuntu/linorobot2_ws/install/micro_ros_msgs/share/micro_ros_msgs/msg/Node.idl
[3.418s] -- Up-to-date: /home/ubuntu/linorobot2_ws/install/micro_ros_msgs/share/micro_ros_msgs/msg/Entity.idl
[3.419s] -- Up-to-date: /home/ubuntu/linorobot2_ws/install/micro_ros_msgs/share/micro_ros_msgs/msg/Graph.msg
[3.419s] -- Up-to-date: /home/ubuntu/linorobot2_ws/install/micro_ros_msgs/share/micro_ros_msgs/msg/Node.msg
[3.420s] -- Up-to-date: /home/ubuntu/linorobot2_ws/install/micro_ros_msgs/share/micro_ros_msgs/msg/Entity.msg
[3.421s] -- Up-to-date: /home/ubuntu/linorobot2_ws/install/micro_ros_msgs/share/ament_index/resource_index/package_run_dependencies/micro_ros_msgs
[3.421s] -- Up-to-date: /home/ubuntu/linorobot2_ws/install/micro_ros_msgs/share/ament_index/resource_index/parent_prefix_path/micro_ros_msgs
[3.422s] -- Up-to-date: /home/ubuntu/linorobot2_ws/install/micro_ros_msgs/share/micro_ros_msgs/environment/ament_prefix_path.sh
[3.423s] -- Up-to-date: /home/ubuntu/linorobot2_ws/install/micro_ros_msgs/share/micro_ros_msgs/environment/ament_prefix_path.dsv
[3.424s] -- Up-to-date: /home/ubuntu/linorobot2_ws/install/micro_ros_msgs/share/micro_ros_msgs/environment/path.sh
[3.424s] -- Up-to-date: /home/ubuntu/linorobot2_ws/install/micro_ros_msgs/share/micro_ros_msgs/environment/path.dsv
[3.425s] -- Up-to-date: /home/ubuntu/linorobot2_ws/install/micro_ros_msgs/share/micro_ros_msgs/local_setup.bash
[3.426s] -- Up-to-date: /home/ubuntu/linorobot2_ws/install/micro_ros_msgs/share/micro_ros_msgs/local_setup.sh
[3.426s] -- Up-to-date: /home/ubuntu/linorobot2_ws/install/micro_ros_msgs/share/micro_ros_msgs/local_setup.zsh
[3.427s] -- Up-to-date: /home/ubuntu/linorobot2_ws/install/micro_ros_msgs/share/micro_ros_msgs/local_setup.dsv
[3.428s] -- Installing: /home/ubuntu/linorobot2_ws/install/micro_ros_msgs/share/micro_ros_msgs/package.dsv
[3.428s] -- Up-to-date: /home/ubuntu/linorobot2_ws/install/micro_ros_msgs/share/ament_index/resource_index/packages/micro_ros_msgs
[3.429s] -- Up-to-date: /home/ubuntu/linorobot2_ws/install/micro_ros_msgs/share/micro_ros_msgs/cmake/micro_ros_msgs__rosidl_generator_cExport.cmake
[3.429s] -- Up-to-date: /home/ubuntu/linorobot2_ws/install/micro_ros_msgs/share/micro_ros_msgs/cmake/micro_ros_msgs__rosidl_generator_cExport-noconfig.cmake
[3.430s] -- Up-to-date: /home/ubuntu/linorobot2_ws/install/micro_ros_msgs/share/micro_ros_msgs/cmake/micro_ros_msgs__rosidl_typesupport_introspection_cExport.cmake
[3.431s] -- Up-to-date: /home/ubuntu/linorobot2_ws/install/micro_ros_msgs/share/micro_ros_msgs/cmake/micro_ros_msgs__rosidl_typesupport_introspection_cExport-noconfig.cmake
[3.431s] -- Up-to-date: /home/ubuntu/linorobot2_ws/install/micro_ros_msgs/share/micro_ros_msgs/cmake/micro_ros_msgs__rosidl_typesupport_cExport.cmake
[3.432s] -- Up-to-date: /home/ubuntu/linorobot2_ws/install/micro_ros_msgs/share/micro_ros_msgs/cmake/micro_ros_msgs__rosidl_typesupport_cExport-noconfig.cmake
[3.432s] -- Up-to-date: /home/ubuntu/linorobot2_ws/install/micro_ros_msgs/share/micro_ros_msgs/cmake/micro_ros_msgs__rosidl_generator_cppExport.cmake
[3.433s] -- Up-to-date: /home/ubuntu/linorobot2_ws/install/micro_ros_msgs/share/micro_ros_msgs/cmake/micro_ros_msgs__rosidl_typesupport_introspection_cppExport.cmake
[3.433s] -- Up-to-date: /home/ubuntu/linorobot2_ws/install/micro_ros_msgs/share/micro_ros_msgs/cmake/micro_ros_msgs__rosidl_typesupport_introspection_cppExport-noconfig.cmake
[3.434s] -- Up-to-date: /home/ubuntu/linorobot2_ws/install/micro_ros_msgs/share/micro_ros_msgs/cmake/micro_ros_msgs__rosidl_typesupport_cppExport.cmake
[3.434s] -- Up-to-date: /home/ubuntu/linorobot2_ws/install/micro_ros_msgs/share/micro_ros_msgs/cmake/micro_ros_msgs__rosidl_typesupport_cppExport-noconfig.cmake
[3.435s] -- Up-to-date: /home/ubuntu/linorobot2_ws/install/micro_ros_msgs/share/micro_ros_msgs/cmake/rosidl_cmake-extras.cmake
[3.436s] -- Up-to-date: /home/ubuntu/linorobot2_ws/install/micro_ros_msgs/share/micro_ros_msgs/cmake/ament_cmake_export_dependencies-extras.cmake
[3.436s] -- Up-to-date: /home/ubuntu/linorobot2_ws/install/micro_ros_msgs/share/micro_ros_msgs/cmake/ament_cmake_export_libraries-extras.cmake
[3.437s] -- Up-to-date: /home/ubuntu/linorobot2_ws/install/micro_ros_msgs/share/micro_ros_msgs/cmake/ament_cmake_export_targets-extras.cmake
[3.438s] -- Up-to-date: /home/ubuntu/linorobot2_ws/install/micro_ros_msgs/share/micro_ros_msgs/cmake/ament_cmake_export_include_directories-extras.cmake
[3.438s] -- Up-to-date: /home/ubuntu/linorobot2_ws/install/micro_ros_msgs/share/micro_ros_msgs/cmake/rosidl_cmake_export_typesupport_libraries-extras.cmake
[3.439s] -- Up-to-date: /home/ubuntu/linorobot2_ws/install/micro_ros_msgs/share/micro_ros_msgs/cmake/rosidl_cmake_export_typesupport_targets-extras.cmake
[3.439s] -- Up-to-date: /home/ubuntu/linorobot2_ws/install/micro_ros_msgs/share/micro_ros_msgs/cmake/micro_ros_msgsConfig.cmake
[3.439s] -- Up-to-date: /home/ubuntu/linorobot2_ws/install/micro_ros_msgs/share/micro_ros_msgs/cmake/micro_ros_msgsConfig-version.cmake
[3.440s] -- Up-to-date: /home/ubuntu/linorobot2_ws/install/micro_ros_msgs/share/micro_ros_msgs/package.xml
[3.441s] Invoked command in '/home/ubuntu/linorobot2_ws/build/micro_ros_msgs' returned '0': CMAKE_PREFIX_PATH=${CMAKE_PREFIX_PATH}:/opt/ros/foxy /usr/bin/cmake --install /home/ubuntu/linorobot2_ws/build/micro_ros_msgs
