[0.098s] Invoking command in '/home/ubuntu/linorobot2_ws/build/micro_ros_setup': CMAKE_PREFIX_PATH=${CMAKE_PREFIX_PATH}:/opt/ros/foxy /usr/bin/cmake --build /home/ubuntu/linorobot2_ws/build/micro_ros_setup -- -j4 -l4
[0.293s] Invoked command in '/home/ubuntu/linorobot2_ws/build/micro_ros_setup' returned '0': CMAKE_PREFIX_PATH=${CMAKE_PREFIX_PATH}:/opt/ros/foxy /usr/bin/cmake --build /home/ubuntu/linorobot2_ws/build/micro_ros_setup -- -j4 -l4
[0.425s] Invoking command in '/home/ubuntu/linorobot2_ws/build/micro_ros_setup': CMAKE_PREFIX_PATH=${CMAKE_PREFIX_PATH}:/opt/ros/foxy /usr/bin/cmake --install /home/ubuntu/linorobot2_ws/build/micro_ros_setup
[0.464s] -- Install configuration: ""
[0.465s] -- Up-to-date: /home/ubuntu/linorobot2_ws/install/micro_ros_setup/share/ament_index/resource_index/package_run_dependencies/micro_ros_setup
[0.466s] -- Up-to-date: /home/ubuntu/linorobot2_ws/install/micro_ros_setup/share/ament_index/resource_index/parent_prefix_path/micro_ros_setup
[0.467s] -- Up-to-date: /home/ubuntu/linorobot2_ws/install/micro_ros_setup/share/micro_ros_setup/environment/ament_prefix_path.sh
[0.468s] -- Up-to-date: /home/ubuntu/linorobot2_ws/install/micro_ros_setup/share/micro_ros_setup/environment/ament_prefix_path.dsv
[0.469s] -- Up-to-date: /home/ubuntu/linorobot2_ws/install/micro_ros_setup/share/micro_ros_setup/environment/path.sh
[0.470s] -- Up-to-date: /home/ubuntu/linorobot2_ws/install/micro_ros_setup/share/micro_ros_setup/environment/path.dsv
[0.471s] -- Up-to-date: /home/ubuntu/linorobot2_ws/install/micro_ros_setup/share/micro_ros_setup/local_setup.bash
[0.484s] -- Up-to-date: /home/ubuntu/linorobot2_ws/install/micro_ros_setup/share/micro_ros_setup/local_setup.sh
[0.490s] -- Up-to-date: /home/ubuntu/linorobot2_ws/install/micro_ros_setup/share/micro_ros_setup/local_setup.zsh
[0.492s] -- Up-to-date: /home/ubuntu/linorobot2_ws/install/micro_ros_setup/share/micro_ros_setup/local_setup.dsv
[0.493s] -- Installing: /home/ubuntu/linorobot2_ws/install/micro_ros_setup/share/micro_ros_setup/package.dsv
[0.497s] -- Up-to-date: /home/ubuntu/linorobot2_ws/install/micro_ros_setup/share/ament_index/resource_index/packages/micro_ros_setup
[0.498s] -- Up-to-date: /home/ubuntu/linorobot2_ws/install/micro_ros_setup/share/micro_ros_setup/cmake/micro_ros_setupConfig.cmake
[0.500s] -- Up-to-date: /home/ubuntu/linorobot2_ws/install/micro_ros_setup/share/micro_ros_setup/cmake/micro_ros_setupConfig-version.cmake
[0.509s] -- Up-to-date: /home/ubuntu/linorobot2_ws/install/micro_ros_setup/share/micro_ros_setup/package.xml
[0.510s] -- Up-to-date: /home/ubuntu/linorobot2_ws/install/micro_ros_setup/./config
[0.511s] -- Up-to-date: /home/ubuntu/linorobot2_ws/install/micro_ros_setup/./config/freertos
[0.512s] -- Up-to-date: /home/ubuntu/linorobot2_ws/install/micro_ros_setup/./config/freertos/crazyflie21
[0.512s] -- Up-to-date: /home/ubuntu/linorobot2_ws/install/micro_ros_setup/./config/freertos/crazyflie21/build.sh
[0.516s] -- Up-to-date: /home/ubuntu/linorobot2_ws/install/micro_ros_setup/./config/freertos/crazyflie21/client-colcon.meta
[0.519s] -- Up-to-date: /home/ubuntu/linorobot2_ws/install/micro_ros_setup/./config/freertos/crazyflie21/client_uros_packages.repos
[0.520s] -- Up-to-date: /home/ubuntu/linorobot2_ws/install/micro_ros_setup/./config/freertos/crazyflie21/create.sh
[0.521s] -- Up-to-date: /home/ubuntu/linorobot2_ws/install/micro_ros_setup/./config/freertos/crazyflie21/board.repos
[0.522s] -- Up-to-date: /home/ubuntu/linorobot2_ws/install/micro_ros_setup/./config/freertos/crazyflie21/flash.sh
[0.524s] -- Up-to-date: /home/ubuntu/linorobot2_ws/install/micro_ros_setup/./config/freertos/crazyflie21/configure.sh
[0.525s] -- Up-to-date: /home/ubuntu/linorobot2_ws/install/micro_ros_setup/./config/freertos/crazyflie21/package.xml
[0.526s] -- Up-to-date: /home/ubuntu/linorobot2_ws/install/micro_ros_setup/./config/freertos/nucleo_f746zg
[0.526s] -- Up-to-date: /home/ubuntu/linorobot2_ws/install/micro_ros_setup/./config/freertos/nucleo_f746zg/build.sh
[0.527s] -- Up-to-date: /home/ubuntu/linorobot2_ws/install/micro_ros_setup/./config/freertos/nucleo_f746zg/client-colcon.meta
[0.528s] -- Up-to-date: /home/ubuntu/linorobot2_ws/install/micro_ros_setup/./config/freertos/nucleo_f746zg/client_uros_packages.repos
[0.529s] -- Up-to-date: /home/ubuntu/linorobot2_ws/install/micro_ros_setup/./config/freertos/nucleo_f746zg/create.sh
[0.530s] -- Up-to-date: /home/ubuntu/linorobot2_ws/install/micro_ros_setup/./config/freertos/nucleo_f746zg/board.repos
[0.531s] -- Up-to-date: /home/ubuntu/linorobot2_ws/install/micro_ros_setup/./config/freertos/nucleo_f746zg/reset.sh
[0.532s] -- Up-to-date: /home/ubuntu/linorobot2_ws/install/micro_ros_setup/./config/freertos/nucleo_f746zg/flash.sh
[0.532s] -- Up-to-date: /home/ubuntu/linorobot2_ws/install/micro_ros_setup/./config/freertos/nucleo_f746zg/configure.sh
[0.533s] -- Up-to-date: /home/ubuntu/linorobot2_ws/install/micro_ros_setup/./config/freertos/nucleo_f746zg/package.xml
[0.534s] -- Up-to-date: /home/ubuntu/linorobot2_ws/install/micro_ros_setup/./config/freertos/esp32
[0.535s] -- Up-to-date: /home/ubuntu/linorobot2_ws/install/micro_ros_setup/./config/freertos/esp32/build.sh
[0.536s] -- Up-to-date: /home/ubuntu/linorobot2_ws/install/micro_ros_setup/./config/freertos/esp32/client-colcon.meta
[0.537s] -- Up-to-date: /home/ubuntu/linorobot2_ws/install/micro_ros_setup/./config/freertos/esp32/README.md
[0.538s] -- Up-to-date: /home/ubuntu/linorobot2_ws/install/micro_ros_setup/./config/freertos/esp32/client_uros_packages.repos
[0.540s] -- Up-to-date: /home/ubuntu/linorobot2_ws/install/micro_ros_setup/./config/freertos/esp32/create.sh
[0.541s] -- Up-to-date: /home/ubuntu/linorobot2_ws/install/micro_ros_setup/./config/freertos/esp32/board.repos
[0.542s] -- Up-to-date: /home/ubuntu/linorobot2_ws/install/micro_ros_setup/./config/freertos/esp32/flash.sh
[0.544s] -- Up-to-date: /home/ubuntu/linorobot2_ws/install/micro_ros_setup/./config/freertos/esp32/configure.sh
[0.545s] -- Up-to-date: /home/ubuntu/linorobot2_ws/install/micro_ros_setup/./config/freertos/esp32/package.xml
[0.546s] -- Up-to-date: /home/ubuntu/linorobot2_ws/install/micro_ros_setup/./config/freertos/nucleo_f446re
[0.546s] -- Up-to-date: /home/ubuntu/linorobot2_ws/install/micro_ros_setup/./config/freertos/nucleo_f446re/build.sh
[0.547s] -- Up-to-date: /home/ubuntu/linorobot2_ws/install/micro_ros_setup/./config/freertos/nucleo_f446re/client-colcon.meta
[0.548s] -- Up-to-date: /home/ubuntu/linorobot2_ws/install/micro_ros_setup/./config/freertos/nucleo_f446re/client_uros_packages.repos
[0.549s] -- Up-to-date: /home/ubuntu/linorobot2_ws/install/micro_ros_setup/./config/freertos/nucleo_f446re/create.sh
[0.550s] -- Up-to-date: /home/ubuntu/linorobot2_ws/install/micro_ros_setup/./config/freertos/nucleo_f446re/board.repos
[0.551s] -- Up-to-date: /home/ubuntu/linorobot2_ws/install/micro_ros_setup/./config/freertos/nucleo_f446re/reset.sh
[0.552s] -- Up-to-date: /home/ubuntu/linorobot2_ws/install/micro_ros_setup/./config/freertos/nucleo_f446re/flash.sh
[0.553s] -- Up-to-date: /home/ubuntu/linorobot2_ws/install/micro_ros_setup/./config/freertos/nucleo_f446re/configure.sh
[0.554s] -- Up-to-date: /home/ubuntu/linorobot2_ws/install/micro_ros_setup/./config/freertos/nucleo_f446re/package.xml
[0.555s] -- Up-to-date: /home/ubuntu/linorobot2_ws/install/micro_ros_setup/./config/freertos/olimex-stm32-e407
[0.555s] -- Up-to-date: /home/ubuntu/linorobot2_ws/install/micro_ros_setup/./config/freertos/olimex-stm32-e407/build.sh
[0.556s] -- Up-to-date: /home/ubuntu/linorobot2_ws/install/micro_ros_setup/./config/freertos/olimex-stm32-e407/client-colcon.meta
[0.563s] -- Up-to-date: /home/ubuntu/linorobot2_ws/install/micro_ros_setup/./config/freertos/olimex-stm32-e407/client_uros_packages.repos
[0.563s] -- Up-to-date: /home/ubuntu/linorobot2_ws/install/micro_ros_setup/./config/freertos/olimex-stm32-e407/create.sh
[0.564s] -- Up-to-date: /home/ubuntu/linorobot2_ws/install/micro_ros_setup/./config/freertos/olimex-stm32-e407/board.repos
[0.565s] -- Up-to-date: /home/ubuntu/linorobot2_ws/install/micro_ros_setup/./config/freertos/olimex-stm32-e407/reset.sh
[0.565s] -- Up-to-date: /home/ubuntu/linorobot2_ws/install/micro_ros_setup/./config/freertos/olimex-stm32-e407/flash.sh
[0.566s] -- Up-to-date: /home/ubuntu/linorobot2_ws/install/micro_ros_setup/./config/freertos/olimex-stm32-e407/configure.sh
[0.568s] -- Up-to-date: /home/ubuntu/linorobot2_ws/install/micro_ros_setup/./config/freertos/olimex-stm32-e407/package.xml
[0.570s] -- Up-to-date: /home/ubuntu/linorobot2_ws/install/micro_ros_setup/./config/freertos/nucleo_f767zi
[0.575s] -- Up-to-date: /home/ubuntu/linorobot2_ws/install/micro_ros_setup/./config/freertos/nucleo_f767zi/build.sh
[0.576s] -- Up-to-date: /home/ubuntu/linorobot2_ws/install/micro_ros_setup/./config/freertos/nucleo_f767zi/client-colcon.meta
[0.577s] -- Up-to-date: /home/ubuntu/linorobot2_ws/install/micro_ros_setup/./config/freertos/nucleo_f767zi/client_uros_packages.repos
[0.577s] -- Up-to-date: /home/ubuntu/linorobot2_ws/install/micro_ros_setup/./config/freertos/nucleo_f767zi/create.sh
[0.578s] -- Up-to-date: /home/ubuntu/linorobot2_ws/install/micro_ros_setup/./config/freertos/nucleo_f767zi/board.repos
[0.579s] -- Up-to-date: /home/ubuntu/linorobot2_ws/install/micro_ros_setup/./config/freertos/nucleo_f767zi/reset.sh
[0.579s] -- Up-to-date: /home/ubuntu/linorobot2_ws/install/micro_ros_setup/./config/freertos/nucleo_f767zi/flash.sh
[0.580s] -- Up-to-date: /home/ubuntu/linorobot2_ws/install/micro_ros_setup/./config/freertos/nucleo_f767zi/configure.sh
[0.581s] -- Up-to-date: /home/ubuntu/linorobot2_ws/install/micro_ros_setup/./config/freertos/nucleo_f767zi/package.xml
[0.582s] -- Up-to-date: /home/ubuntu/linorobot2_ws/install/micro_ros_setup/./config/freertos/dev_uros_packages.repos
[0.583s] -- Up-to-date: /home/ubuntu/linorobot2_ws/install/micro_ros_setup/./config/freertos/nucleo_f446ze
[0.588s] -- Up-to-date: /home/ubuntu/linorobot2_ws/install/micro_ros_setup/./config/freertos/nucleo_f446ze/build.sh
[0.590s] -- Up-to-date: /home/ubuntu/linorobot2_ws/install/micro_ros_setup/./config/freertos/nucleo_f446ze/client-colcon.meta
[0.592s] -- Up-to-date: /home/ubuntu/linorobot2_ws/install/micro_ros_setup/./config/freertos/nucleo_f446ze/client_uros_packages.repos
[0.593s] -- Up-to-date: /home/ubuntu/linorobot2_ws/install/micro_ros_setup/./config/freertos/nucleo_f446ze/create.sh
[0.594s] -- Up-to-date: /home/ubuntu/linorobot2_ws/install/micro_ros_setup/./config/freertos/nucleo_f446ze/board.repos
[0.594s] -- Up-to-date: /home/ubuntu/linorobot2_ws/install/micro_ros_setup/./config/freertos/nucleo_f446ze/reset.sh
[0.595s] -- Up-to-date: /home/ubuntu/linorobot2_ws/install/micro_ros_setup/./config/freertos/nucleo_f446ze/flash.sh
[0.596s] -- Up-to-date: /home/ubuntu/linorobot2_ws/install/micro_ros_setup/./config/freertos/nucleo_f446ze/configure.sh
[0.596s] -- Up-to-date: /home/ubuntu/linorobot2_ws/install/micro_ros_setup/./config/freertos/nucleo_f446ze/package.xml
[0.597s] -- Up-to-date: /home/ubuntu/linorobot2_ws/install/micro_ros_setup/./config/freertos/list_apps.sh
[0.598s] -- Up-to-date: /home/ubuntu/linorobot2_ws/install/micro_ros_setup/./config/freertos/dev_ros2_packages.txt
[0.598s] -- Up-to-date: /home/ubuntu/linorobot2_ws/install/micro_ros_setup/./config/host
[0.600s] -- Up-to-date: /home/ubuntu/linorobot2_ws/install/micro_ros_setup/./config/host/generic
[0.603s] -- Up-to-date: /home/ubuntu/linorobot2_ws/install/micro_ros_setup/./config/host/generic/build.sh
[0.606s] -- Up-to-date: /home/ubuntu/linorobot2_ws/install/micro_ros_setup/./config/host/generic/create.sh
[0.607s] -- Up-to-date: /home/ubuntu/linorobot2_ws/install/micro_ros_setup/./config/host/generic/reset.sh
[0.609s] -- Up-to-date: /home/ubuntu/linorobot2_ws/install/micro_ros_setup/./config/host/generic/flash.sh
[0.611s] -- Up-to-date: /home/ubuntu/linorobot2_ws/install/micro_ros_setup/./config/host/generic/client_host_packages.repos
[0.612s] -- Up-to-date: /home/ubuntu/linorobot2_ws/install/micro_ros_setup/./config/host/generic/client-host-colcon.meta
[0.613s] -- Up-to-date: /home/ubuntu/linorobot2_ws/install/micro_ros_setup/./config/host/generic/package.xml
[0.615s] -- Up-to-date: /home/ubuntu/linorobot2_ws/install/micro_ros_setup/./config/host/dev_uros_packages.repos
[0.616s] -- Up-to-date: /home/ubuntu/linorobot2_ws/install/micro_ros_setup/./config/host/client_ros2_packages.txt
[0.617s] -- Up-to-date: /home/ubuntu/linorobot2_ws/install/micro_ros_setup/./config/host/dev_ros2_packages.txt
[0.619s] -- Up-to-date: /home/ubuntu/linorobot2_ws/install/micro_ros_setup/./config/generate_lib
[0.620s] -- Up-to-date: /home/ubuntu/linorobot2_ws/install/micro_ros_setup/./config/generate_lib/generic
[0.622s] -- Up-to-date: /home/ubuntu/linorobot2_ws/install/micro_ros_setup/./config/generate_lib/generic/build.sh
[0.624s] -- Up-to-date: /home/ubuntu/linorobot2_ws/install/micro_ros_setup/./config/generate_lib/generic/client-colcon.meta
[0.625s] -- Up-to-date: /home/ubuntu/linorobot2_ws/install/micro_ros_setup/./config/generate_lib/generic/client_uros_packages.repos
[0.626s] -- Up-to-date: /home/ubuntu/linorobot2_ws/install/micro_ros_setup/./config/generate_lib/generic/create.sh
[0.629s] -- Up-to-date: /home/ubuntu/linorobot2_ws/install/micro_ros_setup/./config/generate_lib/generic/demo_toolchain.cmake
[0.630s] -- Up-to-date: /home/ubuntu/linorobot2_ws/install/micro_ros_setup/./config/generate_lib/generic/flash.sh
[0.631s] -- Up-to-date: /home/ubuntu/linorobot2_ws/install/micro_ros_setup/./config/generate_lib/generic/package.xml
[0.631s] -- Up-to-date: /home/ubuntu/linorobot2_ws/install/micro_ros_setup/./config/generate_lib/dev_uros_packages.repos
[0.632s] -- Up-to-date: /home/ubuntu/linorobot2_ws/install/micro_ros_setup/./config/generate_lib/dev_ros2_packages.txt
[0.633s] -- Up-to-date: /home/ubuntu/linorobot2_ws/install/micro_ros_setup/./config/nuttx
[0.634s] -- Up-to-date: /home/ubuntu/linorobot2_ws/install/micro_ros_setup/./config/nuttx/generic
[0.635s] -- Up-to-date: /home/ubuntu/linorobot2_ws/install/micro_ros_setup/./config/nuttx/generic/build.sh
[0.636s] -- Up-to-date: /home/ubuntu/linorobot2_ws/install/micro_ros_setup/./config/nuttx/generic/client-colcon.meta
[0.638s] -- Up-to-date: /home/ubuntu/linorobot2_ws/install/micro_ros_setup/./config/nuttx/generic/uros_packages.repos
[0.640s] -- Up-to-date: /home/ubuntu/linorobot2_ws/install/micro_ros_setup/./config/nuttx/generic/supported_platforms
[0.642s] -- Up-to-date: /home/ubuntu/linorobot2_ws/install/micro_ros_setup/./config/nuttx/generic/client_uros_packages.repos
[0.643s] -- Up-to-date: /home/ubuntu/linorobot2_ws/install/micro_ros_setup/./config/nuttx/generic/create.sh
[0.643s] -- Up-to-date: /home/ubuntu/linorobot2_ws/install/micro_ros_setup/./config/nuttx/generic/reset.sh
[0.645s] -- Up-to-date: /home/ubuntu/linorobot2_ws/install/micro_ros_setup/./config/nuttx/generic/flash.sh
[0.648s] -- Up-to-date: /home/ubuntu/linorobot2_ws/install/micro_ros_setup/./config/nuttx/generic/configure.sh
[0.649s] -- Up-to-date: /home/ubuntu/linorobot2_ws/install/micro_ros_setup/./config/nuttx/generic/package.xml
[0.653s] -- Up-to-date: /home/ubuntu/linorobot2_ws/install/micro_ros_setup/./config/nuttx/dev_uros_packages.repos
[0.658s] -- Up-to-date: /home/ubuntu/linorobot2_ws/install/micro_ros_setup/./config/nuttx/dev_ros2_packages.txt
[0.662s] -- Up-to-date: /home/ubuntu/linorobot2_ws/install/micro_ros_setup/./config/renesas_ra
[0.663s] -- Up-to-date: /home/ubuntu/linorobot2_ws/install/micro_ros_setup/./config/renesas_ra/dev_uros_packages.repos
[0.663s] -- Up-to-date: /home/ubuntu/linorobot2_ws/install/micro_ros_setup/./config/renesas_ra/ra6m5
[0.671s] -- Up-to-date: /home/ubuntu/linorobot2_ws/install/micro_ros_setup/./config/renesas_ra/ra6m5/build.sh
[0.673s] -- Up-to-date: /home/ubuntu/linorobot2_ws/install/micro_ros_setup/./config/renesas_ra/ra6m5/client-colcon.meta
[0.677s] -- Up-to-date: /home/ubuntu/linorobot2_ws/install/micro_ros_setup/./config/renesas_ra/ra6m5/client_uros_packages.repos
[0.679s] -- Up-to-date: /home/ubuntu/linorobot2_ws/install/micro_ros_setup/./config/renesas_ra/ra6m5/create.sh
[0.679s] -- Up-to-date: /home/ubuntu/linorobot2_ws/install/micro_ros_setup/./config/renesas_ra/ra6m5/board.repos
[0.680s] -- Up-to-date: /home/ubuntu/linorobot2_ws/install/micro_ros_setup/./config/renesas_ra/ra6m5/flash.sh
[0.684s] -- Up-to-date: /home/ubuntu/linorobot2_ws/install/micro_ros_setup/./config/renesas_ra/ra6m5/configure.sh
[0.692s] -- Up-to-date: /home/ubuntu/linorobot2_ws/install/micro_ros_setup/./config/renesas_ra/list_apps.sh
[0.697s] -- Up-to-date: /home/ubuntu/linorobot2_ws/install/micro_ros_setup/./config/renesas_ra/dev_ros2_packages.txt
[0.698s] -- Up-to-date: /home/ubuntu/linorobot2_ws/install/micro_ros_setup/./config/zephyr
[0.700s] -- Up-to-date: /home/ubuntu/linorobot2_ws/install/micro_ros_setup/./config/zephyr/generic
[0.703s] -- Up-to-date: /home/ubuntu/linorobot2_ws/install/micro_ros_setup/./config/zephyr/generic/build.sh
[0.703s] -- Up-to-date: /home/ubuntu/linorobot2_ws/install/micro_ros_setup/./config/zephyr/generic/client-colcon.meta
[0.705s] -- Up-to-date: /home/ubuntu/linorobot2_ws/install/micro_ros_setup/./config/zephyr/generic/supported_platforms
[0.706s] -- Up-to-date: /home/ubuntu/linorobot2_ws/install/micro_ros_setup/./config/zephyr/generic/client_uros_packages.repos
[0.706s] -- Up-to-date: /home/ubuntu/linorobot2_ws/install/micro_ros_setup/./config/zephyr/generic/create.sh
[0.707s] -- Up-to-date: /home/ubuntu/linorobot2_ws/install/micro_ros_setup/./config/zephyr/generic/board.repos
[0.708s] -- Up-to-date: /home/ubuntu/linorobot2_ws/install/micro_ros_setup/./config/zephyr/generic/reset.sh
[0.709s] -- Up-to-date: /home/ubuntu/linorobot2_ws/install/micro_ros_setup/./config/zephyr/generic/flash.sh
[0.712s] -- Up-to-date: /home/ubuntu/linorobot2_ws/install/micro_ros_setup/./config/zephyr/generic/configure.sh
[0.715s] -- Up-to-date: /home/ubuntu/linorobot2_ws/install/micro_ros_setup/./config/zephyr/generic/package.xml
[0.718s] -- Up-to-date: /home/ubuntu/linorobot2_ws/install/micro_ros_setup/./config/zephyr/dev_uros_packages.repos
[0.720s] -- Up-to-date: /home/ubuntu/linorobot2_ws/install/micro_ros_setup/./config/zephyr/list_apps.sh
[0.721s] -- Up-to-date: /home/ubuntu/linorobot2_ws/install/micro_ros_setup/./config/zephyr/dev_ros2_packages.txt
[0.722s] -- Up-to-date: /home/ubuntu/linorobot2_ws/install/micro_ros_setup/./config/agent_ros2_packages.txt
[0.724s] -- Up-to-date: /home/ubuntu/linorobot2_ws/install/micro_ros_setup/./config/client_uros_packages.repos
[0.725s] -- Up-to-date: /home/ubuntu/linorobot2_ws/install/micro_ros_setup/./config/agent_uros_packages.repos
[0.727s] -- Up-to-date: /home/ubuntu/linorobot2_ws/install/micro_ros_setup/./config/client_ros2_packages.txt
[0.728s] -- Up-to-date: /home/ubuntu/linorobot2_ws/install/micro_ros_setup/./config/utils.sh
[0.730s] -- Up-to-date: /home/ubuntu/linorobot2_ws/install/micro_ros_setup/./config/raspbian
[0.732s] -- Up-to-date: /home/ubuntu/linorobot2_ws/install/micro_ros_setup/./config/raspbian/generic
[0.733s] -- Up-to-date: /home/ubuntu/linorobot2_ws/install/micro_ros_setup/./config/raspbian/generic/build.sh
[0.733s] -- Up-to-date: /home/ubuntu/linorobot2_ws/install/micro_ros_setup/./config/raspbian/generic/client-colcon.meta
[0.734s] -- Up-to-date: /home/ubuntu/linorobot2_ws/install/micro_ros_setup/./config/raspbian/generic/supported_platforms
[0.735s] -- Up-to-date: /home/ubuntu/linorobot2_ws/install/micro_ros_setup/./config/raspbian/generic/client_uros_packages.repos
[0.737s] -- Up-to-date: /home/ubuntu/linorobot2_ws/install/micro_ros_setup/./config/raspbian/generic/create.sh
[0.737s] -- Up-to-date: /home/ubuntu/linorobot2_ws/install/micro_ros_setup/./config/raspbian/generic/flash.sh
[0.738s] -- Up-to-date: /home/ubuntu/linorobot2_ws/install/micro_ros_setup/./config/raspbian/generic/configure.sh
[0.739s] -- Up-to-date: /home/ubuntu/linorobot2_ws/install/micro_ros_setup/./config/raspbian/dev_uros_packages.repos
[0.740s] -- Up-to-date: /home/ubuntu/linorobot2_ws/install/micro_ros_setup/./config/raspbian/dev_ros2_packages.txt
[0.744s] -- Up-to-date: /home/ubuntu/linorobot2_ws/install/micro_ros_setup/lib/micro_ros_setup/create_ws.sh
[0.745s] -- Up-to-date: /home/ubuntu/linorobot2_ws/install/micro_ros_setup/lib/micro_ros_setup/create_agent_ws.sh
[0.747s] -- Up-to-date: /home/ubuntu/linorobot2_ws/install/micro_ros_setup/lib/micro_ros_setup/create_firmware_ws.sh
[0.749s] -- Up-to-date: /home/ubuntu/linorobot2_ws/install/micro_ros_setup/lib/micro_ros_setup/configure_firmware.sh
[0.749s] -- Up-to-date: /home/ubuntu/linorobot2_ws/install/micro_ros_setup/lib/micro_ros_setup/flash_firmware.sh
[0.750s] -- Up-to-date: /home/ubuntu/linorobot2_ws/install/micro_ros_setup/lib/micro_ros_setup/reset_firmware.sh
[0.750s] -- Up-to-date: /home/ubuntu/linorobot2_ws/install/micro_ros_setup/lib/micro_ros_setup/build_firmware.sh
[0.751s] -- Up-to-date: /home/ubuntu/linorobot2_ws/install/micro_ros_setup/lib/micro_ros_setup/build_agent.sh
[0.754s] -- Up-to-date: /home/ubuntu/linorobot2_ws/install/micro_ros_setup/lib/micro_ros_setup/yaml_filter.py
[0.755s] -- Up-to-date: /home/ubuntu/linorobot2_ws/install/micro_ros_setup/lib/micro_ros_setup/clean_env.sh
[0.765s] Invoked command in '/home/ubuntu/linorobot2_ws/build/micro_ros_setup' returned '0': CMAKE_PREFIX_PATH=${CMAKE_PREFIX_PATH}:/opt/ros/foxy /usr/bin/cmake --install /home/ubuntu/linorobot2_ws/build/micro_ros_setup
