[0.129s] Invoking command in '/home/ubuntu/linorobot2_ws/build/drive_base_msgs': CMAKE_PREFIX_PATH=/opt/ros/foxy /usr/bin/cmake /home/ubuntu/linorobot2_ws/src/uros/drive_base/drive_base_msgs -DCMAKE_INSTALL_PREFIX=/home/ubuntu/linorobot2_ws/install/drive_base_msgs
[1.403s] -- The C compiler identification is GNU 9.4.0
[2.272s] -- The CXX compiler identification is GNU 9.4.0
[2.295s] -- Check for working C compiler: /usr/bin/cc
[2.765s] -- Check for working C compiler: /usr/bin/cc -- works
[2.773s] -- Detecting C compiler ABI info
[3.200s] -- Detecting C compiler ABI info - done
[3.251s] -- Detecting C compile features
[3.253s] -- Detecting C compile features - done
[3.270s] -- Check for working CXX compiler: /usr/bin/c++
[3.784s] -- Check for working CXX compiler: /usr/bin/c++ -- works
[3.797s] -- Detecting CXX compiler ABI info
[4.298s] -- Detecting CXX compiler ABI info - done
[4.359s] -- Detecting CXX compile features
[4.361s] -- Detecting CXX compile features - done
[4.387s] -- Found ament_cmake: 0.9.12 (/opt/ros/foxy/share/ament_cmake/cmake)
[4.592s] -- Found PythonInterp: /usr/bin/python3 (found suitable version "3.8.10", minimum required is "3") 
[4.593s] -- Using PYTHON_EXECUTABLE: /usr/bin/python3
[6.198s] -- Found std_msgs: 2.0.5 (/opt/ros/foxy/share/std_msgs/cmake)
[6.536s] -- Using all available rosidl_typesupport_c: rosidl_typesupport_fastrtps_c;rosidl_typesupport_introspection_c
[6.609s] -- Found rosidl_adapter: 1.3.1 (/opt/ros/foxy/share/rosidl_adapter/cmake)
[7.401s] -- Found OpenSSL: /usr/lib/aarch64-linux-gnu/libcrypto.so (found version "1.1.1f")  
[7.704s] -- Found FastRTPS: /opt/ros/foxy/include  
[8.474s] -- Using all available rosidl_typesupport_cpp: rosidl_typesupport_fastrtps_cpp;rosidl_typesupport_introspection_cpp
[8.802s] -- Found rosidl_default_generators: 1.0.1 (/opt/ros/foxy/share/rosidl_default_generators/cmake)
[9.057s] -- Found PythonInterp: /usr/bin/python3 (found version "3.8.10") 
[10.158s] -- Found ament_cmake_cppcheck: 0.9.8 (/opt/ros/foxy/share/ament_cmake_cppcheck/cmake)
[10.181s] -- Found ament_cmake_cpplint: 0.9.8 (/opt/ros/foxy/share/ament_cmake_cpplint/cmake)
[10.202s] -- Found ament_cmake_uncrustify: 0.9.8 (/opt/ros/foxy/share/ament_cmake_uncrustify/cmake)
[10.226s] -- Found ament_cmake_ros: 0.9.2 (/opt/ros/foxy/share/ament_cmake_ros/cmake)
[11.677s] -- Using all available rosidl_typesupport_c: rosidl_typesupport_fastrtps_c;rosidl_typesupport_introspection_c
[11.994s] -- Using all available rosidl_typesupport_cpp: rosidl_typesupport_fastrtps_cpp;rosidl_typesupport_introspection_cpp
[12.149s] -- Found PythonInterp: /usr/bin/python3 (found suitable version "3.8.10", minimum required is "3.5") 
[12.171s] -- Found python_cmake_module: 0.8.1 (/opt/ros/foxy/share/python_cmake_module/cmake)
[12.323s] -- Found PythonLibs: /usr/lib/aarch64-linux-gnu/libpython3.8.so (found suitable version "3.8.10", minimum required is "3.5") 
[12.325s] -- Using PYTHON_EXECUTABLE: /usr/bin/python3
[12.326s] -- Using PYTHON_INCLUDE_DIRS: /usr/include/python3.8
[12.327s] -- Using PYTHON_LIBRARIES: /usr/lib/aarch64-linux-gnu/libpython3.8.so
[12.482s] -- Found PythonExtra: .so  
[12.884s] -- Found ament_cmake_flake8: 0.9.8 (/opt/ros/foxy/share/ament_cmake_flake8/cmake)
[12.905s] -- Found ament_cmake_pep257: 0.9.8 (/opt/ros/foxy/share/ament_cmake_pep257/cmake)
[12.994s] -- Configuring done
[13.365s] -- Generating done
[13.392s] -- Build files have been written to: /home/ubuntu/linorobot2_ws/build/drive_base_msgs
[13.456s] Invoked command in '/home/ubuntu/linorobot2_ws/build/drive_base_msgs' returned '0': CMAKE_PREFIX_PATH=/opt/ros/foxy /usr/bin/cmake /home/ubuntu/linorobot2_ws/src/uros/drive_base/drive_base_msgs -DCMAKE_INSTALL_PREFIX=/home/ubuntu/linorobot2_ws/install/drive_base_msgs
[13.472s] Invoking command in '/home/ubuntu/linorobot2_ws/build/drive_base_msgs': CMAKE_PREFIX_PATH=/opt/ros/foxy /usr/bin/cmake --build /home/ubuntu/linorobot2_ws/build/drive_base_msgs -- -j4 -l4
[13.745s] [35m[1mScanning dependencies of target drive_base_msgs__cpp[0m
[13.787s] [  1%] [34m[1mGenerating C code for ROS interfaces[0m
[13.887s] [  3%] [34m[1mGenerating C++ code for ROS interfaces[0m
[19.077s] [  3%] Built target drive_base_msgs__cpp
[19.231s] [  5%] [34m[1mGenerating C++ introspection for ROS interfaces[0m
[19.350s] [  7%] [34m[1mGenerating C++ type support dispatch for ROS interfaces[0m
[19.353s] [  9%] [34m[1mGenerating C++ type support for eProsima Fast-RTPS[0m
[19.451s] [35m[1mScanning dependencies of target drive_base_msgs__rosidl_generator_c[0m
[19.727s] [ 10%] [32mBuilding C object CMakeFiles/drive_base_msgs__rosidl_generator_c.dir/rosidl_generator_c/drive_base_msgs/msg/detail/command_header__functions.c.o[0m
[20.249s] [ 12%] [32mBuilding C object CMakeFiles/drive_base_msgs__rosidl_generator_c.dir/rosidl_generator_c/drive_base_msgs/msg/detail/base_info__functions.c.o[0m
[21.136s] [ 14%] [32mBuilding C object CMakeFiles/drive_base_msgs__rosidl_generator_c.dir/rosidl_generator_c/drive_base_msgs/msg/detail/command_status__functions.c.o[0m
[21.868s] [ 16%] [32mBuilding C object CMakeFiles/drive_base_msgs__rosidl_generator_c.dir/rosidl_generator_c/drive_base_msgs/msg/detail/trv_command__functions.c.o[0m
[22.554s] [ 18%] [32m[1mLinking C shared library libdrive_base_msgs__rosidl_generator_c.so[0m
[23.168s] [ 18%] Built target drive_base_msgs__rosidl_generator_c
[23.321s] [ 20%] [34m[1mGenerating C introspection for ROS interfaces[0m
[25.920s] [35m[1mScanning dependencies of target drive_base_msgs__rosidl_typesupport_cpp[0m
[26.174s] [ 21%] [32mBuilding CXX object CMakeFiles/drive_base_msgs__rosidl_typesupport_cpp.dir/rosidl_typesupport_cpp/drive_base_msgs/msg/command_header__type_support.cpp.o[0m
[26.693s] [35m[1mScanning dependencies of target drive_base_msgs__rosidl_typesupport_introspection_cpp[0m
[26.895s] [ 23%] [32mBuilding CXX object CMakeFiles/drive_base_msgs__rosidl_typesupport_introspection_cpp.dir/rosidl_typesupport_introspection_cpp/drive_base_msgs/msg/detail/command_header__type_support.cpp.o[0m
[27.889s] [35m[1mScanning dependencies of target drive_base_msgs__rosidl_typesupport_fastrtps_cpp[0m
[28.111s] [ 25%] [32mBuilding CXX object CMakeFiles/drive_base_msgs__rosidl_typesupport_fastrtps_cpp.dir/rosidl_typesupport_fastrtps_cpp/drive_base_msgs/msg/detail/dds_fastrtps/command_header__type_support.cpp.o[0m
[29.658s] [ 27%] [32mBuilding CXX object CMakeFiles/drive_base_msgs__rosidl_typesupport_cpp.dir/rosidl_typesupport_cpp/drive_base_msgs/msg/base_info__type_support.cpp.o[0m
[30.290s] [35m[1mScanning dependencies of target drive_base_msgs__rosidl_typesupport_introspection_c[0m
[30.514s] [ 29%] [32mBuilding C object CMakeFiles/drive_base_msgs__rosidl_typesupport_introspection_c.dir/rosidl_typesupport_introspection_c/drive_base_msgs/msg/detail/command_header__type_support.c.o[0m
[30.787s] [ 30%] [32mBuilding CXX object CMakeFiles/drive_base_msgs__rosidl_typesupport_introspection_cpp.dir/rosidl_typesupport_introspection_cpp/drive_base_msgs/msg/detail/base_info__type_support.cpp.o[0m
[31.000s] [ 32%] [32mBuilding C object CMakeFiles/drive_base_msgs__rosidl_typesupport_introspection_c.dir/rosidl_typesupport_introspection_c/drive_base_msgs/msg/detail/base_info__type_support.c.o[0m
[31.478s] [ 34%] [32mBuilding C object CMakeFiles/drive_base_msgs__rosidl_typesupport_introspection_c.dir/rosidl_typesupport_introspection_c/drive_base_msgs/msg/detail/command_status__type_support.c.o[0m
[31.922s] [ 36%] [32mBuilding C object CMakeFiles/drive_base_msgs__rosidl_typesupport_introspection_c.dir/rosidl_typesupport_introspection_c/drive_base_msgs/msg/detail/trv_command__type_support.c.o[0m
[32.378s] [ 38%] [32m[1mLinking C shared library libdrive_base_msgs__rosidl_typesupport_introspection_c.so[0m
[32.863s] [ 38%] Built target drive_base_msgs__rosidl_typesupport_introspection_c
[33.547s] [ 40%] [32mBuilding CXX object CMakeFiles/drive_base_msgs__rosidl_typesupport_fastrtps_cpp.dir/rosidl_typesupport_fastrtps_cpp/drive_base_msgs/msg/detail/dds_fastrtps/base_info__type_support.cpp.o[0m
[33.644s] [ 41%] [32mBuilding CXX object CMakeFiles/drive_base_msgs__rosidl_typesupport_cpp.dir/rosidl_typesupport_cpp/drive_base_msgs/msg/command_status__type_support.cpp.o[0m
[33.782s] [ 43%] [32mBuilding CXX object CMakeFiles/drive_base_msgs__rosidl_typesupport_introspection_cpp.dir/rosidl_typesupport_introspection_cpp/drive_base_msgs/msg/detail/command_status__type_support.cpp.o[0m
[35.533s] [ 45%] [32mBuilding CXX object CMakeFiles/drive_base_msgs__rosidl_typesupport_cpp.dir/rosidl_typesupport_cpp/drive_base_msgs/msg/trv_command__type_support.cpp.o[0m
[35.962s] [ 47%] [32mBuilding CXX object CMakeFiles/drive_base_msgs__rosidl_typesupport_introspection_cpp.dir/rosidl_typesupport_introspection_cpp/drive_base_msgs/msg/detail/trv_command__type_support.cpp.o[0m
[36.625s] [ 49%] [32mBuilding CXX object CMakeFiles/drive_base_msgs__rosidl_typesupport_fastrtps_cpp.dir/rosidl_typesupport_fastrtps_cpp/drive_base_msgs/msg/detail/dds_fastrtps/command_status__type_support.cpp.o[0m
[37.355s] [ 50%] [32m[1mLinking CXX shared library libdrive_base_msgs__rosidl_typesupport_cpp.so[0m
[37.635s] [ 50%] Built target drive_base_msgs__rosidl_typesupport_cpp
[37.651s] [ 52%] [32m[1mLinking CXX shared library libdrive_base_msgs__rosidl_typesupport_introspection_cpp.so[0m
[37.998s] [ 52%] Built target drive_base_msgs__rosidl_typesupport_introspection_cpp
[39.126s] [ 54%] [32mBuilding CXX object CMakeFiles/drive_base_msgs__rosidl_typesupport_fastrtps_cpp.dir/rosidl_typesupport_fastrtps_cpp/drive_base_msgs/msg/detail/dds_fastrtps/trv_command__type_support.cpp.o[0m
[41.036s] [ 56%] [32m[1mLinking CXX shared library libdrive_base_msgs__rosidl_typesupport_fastrtps_cpp.so[0m
[41.425s] [ 56%] Built target drive_base_msgs__rosidl_typesupport_fastrtps_cpp
[41.475s] [ 58%] [34m[1mGenerating C type support dispatch for ROS interfaces[0m
[43.699s] [35m[1mScanning dependencies of target drive_base_msgs__rosidl_typesupport_c[0m
[43.763s] [ 61%] [32mBuilding CXX object CMakeFiles/drive_base_msgs__rosidl_typesupport_c.dir/rosidl_typesupport_c/drive_base_msgs/msg/base_info__type_support.cpp.o[0m
[43.765s] [ 61%] [32mBuilding CXX object CMakeFiles/drive_base_msgs__rosidl_typesupport_c.dir/rosidl_typesupport_c/drive_base_msgs/msg/command_header__type_support.cpp.o[0m
[43.924s] [ 63%] [32mBuilding CXX object CMakeFiles/drive_base_msgs__rosidl_typesupport_c.dir/rosidl_typesupport_c/drive_base_msgs/msg/command_status__type_support.cpp.o[0m
[43.933s] [ 65%] [32mBuilding CXX object CMakeFiles/drive_base_msgs__rosidl_typesupport_c.dir/rosidl_typesupport_c/drive_base_msgs/msg/trv_command__type_support.cpp.o[0m
[44.089s] [ 67%] [32m[1mLinking CXX shared library libdrive_base_msgs__rosidl_typesupport_c.so[0m
[44.254s] [ 67%] Built target drive_base_msgs__rosidl_typesupport_c
[44.299s] [ 69%] [34m[1mGenerating C type support for eProsima Fast-RTPS[0m
[46.917s] [35m[1mScanning dependencies of target drive_base_msgs__rosidl_typesupport_fastrtps_c[0m
[47.033s] [ 70%] [32mBuilding CXX object CMakeFiles/drive_base_msgs__rosidl_typesupport_fastrtps_c.dir/rosidl_typesupport_fastrtps_c/drive_base_msgs/msg/detail/base_info__type_support_c.cpp.o[0m
[47.037s] [ 72%] [32mBuilding CXX object CMakeFiles/drive_base_msgs__rosidl_typesupport_fastrtps_c.dir/rosidl_typesupport_fastrtps_c/drive_base_msgs/msg/detail/command_header__type_support_c.cpp.o[0m
[49.036s] [ 74%] [32mBuilding CXX object CMakeFiles/drive_base_msgs__rosidl_typesupport_fastrtps_c.dir/rosidl_typesupport_fastrtps_c/drive_base_msgs/msg/detail/trv_command__type_support_c.cpp.o[0m
[50.772s] [ 76%] [32mBuilding CXX object CMakeFiles/drive_base_msgs__rosidl_typesupport_fastrtps_c.dir/rosidl_typesupport_fastrtps_c/drive_base_msgs/msg/detail/command_status__type_support_c.cpp.o[0m
[52.477s] [ 78%] [32m[1mLinking CXX shared library libdrive_base_msgs__rosidl_typesupport_fastrtps_c.so[0m
[52.876s] [ 78%] Built target drive_base_msgs__rosidl_typesupport_fastrtps_c
[52.920s] [35m[1mScanning dependencies of target drive_base_msgs[0m
[52.968s] [ 78%] Built target drive_base_msgs
[53.014s] [35m[1mScanning dependencies of target drive_base_msgs__py[0m
[53.063s] [ 80%] [34m[1mGenerating Python code for ROS interfaces[0m
[58.021s] [ 80%] Built target drive_base_msgs__py
[58.072s] [35m[1mScanning dependencies of target drive_base_msgs__python[0m
[58.190s] [ 81%] [32mBuilding C object CMakeFiles/drive_base_msgs__python.dir/rosidl_generator_py/drive_base_msgs/msg/_command_header_s.c.o[0m
[58.211s] [ 85%] [32mBuilding C object CMakeFiles/drive_base_msgs__python.dir/rosidl_generator_py/drive_base_msgs/msg/_base_info_s.c.o[0m
[58.212s] [ 85%] [32mBuilding C object CMakeFiles/drive_base_msgs__python.dir/rosidl_generator_py/drive_base_msgs/msg/_command_status_s.c.o[0m
[58.714s] [ 87%] [32mBuilding C object CMakeFiles/drive_base_msgs__python.dir/rosidl_generator_py/drive_base_msgs/msg/_trv_command_s.c.o[0m
[59.118s] [ 89%] [32m[1mLinking C shared library rosidl_generator_py/drive_base_msgs/libdrive_base_msgs__python.so[0m
[59.344s] [ 89%] Built target drive_base_msgs__python
[59.393s] [35m[1mScanning dependencies of target drive_base_msgs__rosidl_typesupport_c__pyext[0m
[59.393s] [35m[1mScanning dependencies of target drive_base_msgs__rosidl_typesupport_fastrtps_c__pyext[0m
[59.401s] [35m[1mScanning dependencies of target drive_base_msgs__rosidl_typesupport_introspection_c__pyext[0m
[59.514s] [ 90%] [32mBuilding C object CMakeFiles/drive_base_msgs__rosidl_typesupport_fastrtps_c__pyext.dir/rosidl_generator_py/drive_base_msgs/_drive_base_msgs_s.ep.rosidl_typesupport_fastrtps_c.c.o[0m
[59.516s] [ 92%] [32mBuilding C object CMakeFiles/drive_base_msgs__rosidl_typesupport_c__pyext.dir/rosidl_generator_py/drive_base_msgs/_drive_base_msgs_s.ep.rosidl_typesupport_c.c.o[0m
[59.527s] [ 94%] [32mBuilding C object CMakeFiles/drive_base_msgs__rosidl_typesupport_introspection_c__pyext.dir/rosidl_generator_py/drive_base_msgs/_drive_base_msgs_s.ep.rosidl_typesupport_introspection_c.c.o[0m
[59.954s] [ 96%] [32m[1mLinking C shared library rosidl_generator_py/drive_base_msgs/drive_base_msgs_s__rosidl_typesupport_c.cpython-38-aarch64-linux-gnu.so[0m
[59.968s] [ 98%] [32m[1mLinking CXX shared library rosidl_generator_py/drive_base_msgs/drive_base_msgs_s__rosidl_typesupport_fastrtps_c.cpython-38-aarch64-linux-gnu.so[0m
[59.973s] [100%] [32m[1mLinking C shared library rosidl_generator_py/drive_base_msgs/drive_base_msgs_s__rosidl_typesupport_introspection_c.cpython-38-aarch64-linux-gnu.so[0m
[60.254s] [100%] Built target drive_base_msgs__rosidl_typesupport_c__pyext
[60.269s] [100%] Built target drive_base_msgs__rosidl_typesupport_introspection_c__pyext
[60.388s] [100%] Built target drive_base_msgs__rosidl_typesupport_fastrtps_c__pyext
[60.441s] Invoked command in '/home/ubuntu/linorobot2_ws/build/drive_base_msgs' returned '0': CMAKE_PREFIX_PATH=/opt/ros/foxy /usr/bin/cmake --build /home/ubuntu/linorobot2_ws/build/drive_base_msgs -- -j4 -l4
[61.024s] Invoking command in '/home/ubuntu/linorobot2_ws/build/drive_base_msgs': CMAKE_PREFIX_PATH=/opt/ros/foxy /usr/bin/cmake --install /home/ubuntu/linorobot2_ws/build/drive_base_msgs
[61.060s] -- Install configuration: ""
[61.061s] -- Installing: /home/ubuntu/linorobot2_ws/install/drive_base_msgs/share/ament_index/resource_index/rosidl_interfaces/drive_base_msgs
[61.062s] -- Installing: /home/ubuntu/linorobot2_ws/install/drive_base_msgs/include/drive_base_msgs
[61.063s] -- Installing: /home/ubuntu/linorobot2_ws/install/drive_base_msgs/include/drive_base_msgs/msg
[61.064s] -- Installing: /home/ubuntu/linorobot2_ws/install/drive_base_msgs/include/drive_base_msgs/msg/detail
[61.064s] -- Installing: /home/ubuntu/linorobot2_ws/install/drive_base_msgs/include/drive_base_msgs/msg/detail/trv_command__functions.h
[61.065s] -- Installing: /home/ubuntu/linorobot2_ws/install/drive_base_msgs/include/drive_base_msgs/msg/detail/command_status__struct.h
[61.067s] -- Installing: /home/ubuntu/linorobot2_ws/install/drive_base_msgs/include/drive_base_msgs/msg/detail/base_info__struct.h
[61.068s] -- Installing: /home/ubuntu/linorobot2_ws/install/drive_base_msgs/include/drive_base_msgs/msg/detail/base_info__type_support.h
[61.069s] -- Installing: /home/ubuntu/linorobot2_ws/install/drive_base_msgs/include/drive_base_msgs/msg/detail/command_status__functions.c
[61.070s] -- Installing: /home/ubuntu/linorobot2_ws/install/drive_base_msgs/include/drive_base_msgs/msg/detail/trv_command__struct.h
[61.071s] -- Installing: /home/ubuntu/linorobot2_ws/install/drive_base_msgs/include/drive_base_msgs/msg/detail/base_info__functions.c
[61.072s] -- Installing: /home/ubuntu/linorobot2_ws/install/drive_base_msgs/include/drive_base_msgs/msg/detail/command_status__functions.h
[61.073s] -- Installing: /home/ubuntu/linorobot2_ws/install/drive_base_msgs/include/drive_base_msgs/msg/detail/command_header__functions.h
[61.074s] -- Installing: /home/ubuntu/linorobot2_ws/install/drive_base_msgs/include/drive_base_msgs/msg/detail/trv_command__type_support.h
[61.075s] -- Installing: /home/ubuntu/linorobot2_ws/install/drive_base_msgs/include/drive_base_msgs/msg/detail/command_header__type_support.h
[61.075s] -- Installing: /home/ubuntu/linorobot2_ws/install/drive_base_msgs/include/drive_base_msgs/msg/detail/command_header__struct.h
[61.076s] -- Installing: /home/ubuntu/linorobot2_ws/install/drive_base_msgs/include/drive_base_msgs/msg/detail/base_info__functions.h
[61.077s] -- Installing: /home/ubuntu/linorobot2_ws/install/drive_base_msgs/include/drive_base_msgs/msg/detail/command_header__functions.c
[61.078s] -- Installing: /home/ubuntu/linorobot2_ws/install/drive_base_msgs/include/drive_base_msgs/msg/detail/trv_command__functions.c
[61.079s] -- Installing: /home/ubuntu/linorobot2_ws/install/drive_base_msgs/include/drive_base_msgs/msg/detail/command_status__type_support.h
[61.080s] -- Installing: /home/ubuntu/linorobot2_ws/install/drive_base_msgs/include/drive_base_msgs/msg/command_header.h
[61.081s] -- Installing: /home/ubuntu/linorobot2_ws/install/drive_base_msgs/include/drive_base_msgs/msg/rosidl_generator_c__visibility_control.h
[61.082s] -- Installing: /home/ubuntu/linorobot2_ws/install/drive_base_msgs/include/drive_base_msgs/msg/trv_command.h
[61.083s] -- Installing: /home/ubuntu/linorobot2_ws/install/drive_base_msgs/include/drive_base_msgs/msg/base_info.h
[61.084s] -- Installing: /home/ubuntu/linorobot2_ws/install/drive_base_msgs/include/drive_base_msgs/msg/command_status.h
[61.086s] -- Installing: /home/ubuntu/linorobot2_ws/install/drive_base_msgs/share/drive_base_msgs/environment/library_path.sh
[61.087s] -- Installing: /home/ubuntu/linorobot2_ws/install/drive_base_msgs/share/drive_base_msgs/environment/library_path.dsv
[61.089s] -- Installing: /home/ubuntu/linorobot2_ws/install/drive_base_msgs/lib/libdrive_base_msgs__rosidl_generator_c.so
[61.091s] -- Set runtime path of "/home/ubuntu/linorobot2_ws/install/drive_base_msgs/lib/libdrive_base_msgs__rosidl_generator_c.so" to ""
[61.092s] -- Up-to-date: /home/ubuntu/linorobot2_ws/install/drive_base_msgs/include/drive_base_msgs
[61.092s] -- Up-to-date: /home/ubuntu/linorobot2_ws/install/drive_base_msgs/include/drive_base_msgs/msg
[61.093s] -- Installing: /home/ubuntu/linorobot2_ws/install/drive_base_msgs/include/drive_base_msgs/msg/rosidl_typesupport_fastrtps_c__visibility_control.h
[61.093s] -- Up-to-date: /home/ubuntu/linorobot2_ws/install/drive_base_msgs/include/drive_base_msgs/msg/detail
[61.093s] -- Installing: /home/ubuntu/linorobot2_ws/install/drive_base_msgs/include/drive_base_msgs/msg/detail/trv_command__rosidl_typesupport_fastrtps_c.h
[61.095s] -- Installing: /home/ubuntu/linorobot2_ws/install/drive_base_msgs/include/drive_base_msgs/msg/detail/command_status__rosidl_typesupport_fastrtps_c.h
[61.095s] -- Installing: /home/ubuntu/linorobot2_ws/install/drive_base_msgs/include/drive_base_msgs/msg/detail/base_info__rosidl_typesupport_fastrtps_c.h
[61.097s] -- Installing: /home/ubuntu/linorobot2_ws/install/drive_base_msgs/include/drive_base_msgs/msg/detail/command_header__rosidl_typesupport_fastrtps_c.h
[61.098s] -- Installing: /home/ubuntu/linorobot2_ws/install/drive_base_msgs/lib/libdrive_base_msgs__rosidl_typesupport_fastrtps_c.so
[61.101s] -- Set runtime path of "/home/ubuntu/linorobot2_ws/install/drive_base_msgs/lib/libdrive_base_msgs__rosidl_typesupport_fastrtps_c.so" to ""
[61.101s] -- Up-to-date: /home/ubuntu/linorobot2_ws/install/drive_base_msgs/include/drive_base_msgs
[61.102s] -- Up-to-date: /home/ubuntu/linorobot2_ws/install/drive_base_msgs/include/drive_base_msgs/msg
[61.103s] -- Installing: /home/ubuntu/linorobot2_ws/install/drive_base_msgs/include/drive_base_msgs/msg/rosidl_typesupport_fastrtps_cpp__visibility_control.h
[61.104s] -- Up-to-date: /home/ubuntu/linorobot2_ws/install/drive_base_msgs/include/drive_base_msgs/msg/detail
[61.105s] -- Installing: /home/ubuntu/linorobot2_ws/install/drive_base_msgs/include/drive_base_msgs/msg/detail/dds_fastrtps
[61.105s] -- Installing: /home/ubuntu/linorobot2_ws/install/drive_base_msgs/include/drive_base_msgs/msg/detail/command_header__rosidl_typesupport_fastrtps_cpp.hpp
[61.106s] -- Installing: /home/ubuntu/linorobot2_ws/install/drive_base_msgs/include/drive_base_msgs/msg/detail/command_status__rosidl_typesupport_fastrtps_cpp.hpp
[61.107s] -- Installing: /home/ubuntu/linorobot2_ws/install/drive_base_msgs/include/drive_base_msgs/msg/detail/base_info__rosidl_typesupport_fastrtps_cpp.hpp
[61.108s] -- Installing: /home/ubuntu/linorobot2_ws/install/drive_base_msgs/include/drive_base_msgs/msg/detail/trv_command__rosidl_typesupport_fastrtps_cpp.hpp
[61.110s] -- Installing: /home/ubuntu/linorobot2_ws/install/drive_base_msgs/lib/libdrive_base_msgs__rosidl_typesupport_fastrtps_cpp.so
[61.112s] -- Set runtime path of "/home/ubuntu/linorobot2_ws/install/drive_base_msgs/lib/libdrive_base_msgs__rosidl_typesupport_fastrtps_cpp.so" to ""
[61.113s] -- Up-to-date: /home/ubuntu/linorobot2_ws/install/drive_base_msgs/include/drive_base_msgs
[61.114s] -- Up-to-date: /home/ubuntu/linorobot2_ws/install/drive_base_msgs/include/drive_base_msgs/msg
[61.114s] -- Up-to-date: /home/ubuntu/linorobot2_ws/install/drive_base_msgs/include/drive_base_msgs/msg/detail
[61.115s] -- Installing: /home/ubuntu/linorobot2_ws/install/drive_base_msgs/include/drive_base_msgs/msg/detail/command_status__rosidl_typesupport_introspection_c.h
[61.115s] -- Installing: /home/ubuntu/linorobot2_ws/install/drive_base_msgs/include/drive_base_msgs/msg/detail/trv_command__type_support.c
[61.116s] -- Installing: /home/ubuntu/linorobot2_ws/install/drive_base_msgs/include/drive_base_msgs/msg/detail/command_status__type_support.c
[61.117s] -- Installing: /home/ubuntu/linorobot2_ws/install/drive_base_msgs/include/drive_base_msgs/msg/detail/base_info__type_support.c
[61.119s] -- Installing: /home/ubuntu/linorobot2_ws/install/drive_base_msgs/include/drive_base_msgs/msg/detail/trv_command__rosidl_typesupport_introspection_c.h
[61.120s] -- Installing: /home/ubuntu/linorobot2_ws/install/drive_base_msgs/include/drive_base_msgs/msg/detail/command_header__type_support.c
[61.121s] -- Installing: /home/ubuntu/linorobot2_ws/install/drive_base_msgs/include/drive_base_msgs/msg/detail/command_header__rosidl_typesupport_introspection_c.h
[61.122s] -- Installing: /home/ubuntu/linorobot2_ws/install/drive_base_msgs/include/drive_base_msgs/msg/detail/base_info__rosidl_typesupport_introspection_c.h
[61.123s] -- Installing: /home/ubuntu/linorobot2_ws/install/drive_base_msgs/include/drive_base_msgs/msg/rosidl_typesupport_introspection_c__visibility_control.h
[61.125s] -- Installing: /home/ubuntu/linorobot2_ws/install/drive_base_msgs/lib/libdrive_base_msgs__rosidl_typesupport_introspection_c.so
[61.127s] -- Set runtime path of "/home/ubuntu/linorobot2_ws/install/drive_base_msgs/lib/libdrive_base_msgs__rosidl_typesupport_introspection_c.so" to ""
[61.128s] -- Installing: /home/ubuntu/linorobot2_ws/install/drive_base_msgs/lib/libdrive_base_msgs__rosidl_typesupport_c.so
[61.131s] -- Set runtime path of "/home/ubuntu/linorobot2_ws/install/drive_base_msgs/lib/libdrive_base_msgs__rosidl_typesupport_c.so" to ""
[61.131s] -- Up-to-date: /home/ubuntu/linorobot2_ws/install/drive_base_msgs/include/drive_base_msgs
[61.132s] -- Up-to-date: /home/ubuntu/linorobot2_ws/install/drive_base_msgs/include/drive_base_msgs/msg
[61.133s] -- Installing: /home/ubuntu/linorobot2_ws/install/drive_base_msgs/include/drive_base_msgs/msg/command_header.hpp
[61.133s] -- Up-to-date: /home/ubuntu/linorobot2_ws/install/drive_base_msgs/include/drive_base_msgs/msg/detail
[61.134s] -- Installing: /home/ubuntu/linorobot2_ws/install/drive_base_msgs/include/drive_base_msgs/msg/detail/command_header__type_support.hpp
[61.135s] -- Installing: /home/ubuntu/linorobot2_ws/install/drive_base_msgs/include/drive_base_msgs/msg/detail/command_status__builder.hpp
[61.135s] -- Installing: /home/ubuntu/linorobot2_ws/install/drive_base_msgs/include/drive_base_msgs/msg/detail/base_info__builder.hpp
[61.136s] -- Installing: /home/ubuntu/linorobot2_ws/install/drive_base_msgs/include/drive_base_msgs/msg/detail/base_info__traits.hpp
[61.137s] -- Installing: /home/ubuntu/linorobot2_ws/install/drive_base_msgs/include/drive_base_msgs/msg/detail/trv_command__traits.hpp
[61.138s] -- Installing: /home/ubuntu/linorobot2_ws/install/drive_base_msgs/include/drive_base_msgs/msg/detail/trv_command__struct.hpp
[61.139s] -- Installing: /home/ubuntu/linorobot2_ws/install/drive_base_msgs/include/drive_base_msgs/msg/detail/command_status__struct.hpp
[61.140s] -- Installing: /home/ubuntu/linorobot2_ws/install/drive_base_msgs/include/drive_base_msgs/msg/detail/trv_command__builder.hpp
[61.141s] -- Installing: /home/ubuntu/linorobot2_ws/install/drive_base_msgs/include/drive_base_msgs/msg/detail/base_info__struct.hpp
[61.142s] -- Installing: /home/ubuntu/linorobot2_ws/install/drive_base_msgs/include/drive_base_msgs/msg/detail/command_status__traits.hpp
[61.143s] -- Installing: /home/ubuntu/linorobot2_ws/install/drive_base_msgs/include/drive_base_msgs/msg/detail/command_header__struct.hpp
[61.144s] -- Installing: /home/ubuntu/linorobot2_ws/install/drive_base_msgs/include/drive_base_msgs/msg/detail/base_info__type_support.hpp
[61.146s] -- Installing: /home/ubuntu/linorobot2_ws/install/drive_base_msgs/include/drive_base_msgs/msg/detail/trv_command__type_support.hpp
[61.147s] -- Installing: /home/ubuntu/linorobot2_ws/install/drive_base_msgs/include/drive_base_msgs/msg/detail/command_header__builder.hpp
[61.148s] -- Installing: /home/ubuntu/linorobot2_ws/install/drive_base_msgs/include/drive_base_msgs/msg/detail/command_header__traits.hpp
[61.149s] -- Installing: /home/ubuntu/linorobot2_ws/install/drive_base_msgs/include/drive_base_msgs/msg/detail/command_status__type_support.hpp
[61.150s] -- Installing: /home/ubuntu/linorobot2_ws/install/drive_base_msgs/include/drive_base_msgs/msg/base_info.hpp
[61.151s] -- Installing: /home/ubuntu/linorobot2_ws/install/drive_base_msgs/include/drive_base_msgs/msg/trv_command.hpp
[61.152s] -- Installing: /home/ubuntu/linorobot2_ws/install/drive_base_msgs/include/drive_base_msgs/msg/command_status.hpp
[61.153s] -- Installing: /home/ubuntu/linorobot2_ws/install/drive_base_msgs/include/drive_base_msgs/msg/rosidl_generator_cpp__visibility_control.hpp
[61.154s] -- Up-to-date: /home/ubuntu/linorobot2_ws/install/drive_base_msgs/include/drive_base_msgs
[61.155s] -- Up-to-date: /home/ubuntu/linorobot2_ws/install/drive_base_msgs/include/drive_base_msgs/msg
[61.155s] -- Up-to-date: /home/ubuntu/linorobot2_ws/install/drive_base_msgs/include/drive_base_msgs/msg/detail
[61.156s] -- Installing: /home/ubuntu/linorobot2_ws/install/drive_base_msgs/include/drive_base_msgs/msg/detail/base_info__type_support.cpp
[61.157s] -- Installing: /home/ubuntu/linorobot2_ws/install/drive_base_msgs/include/drive_base_msgs/msg/detail/command_status__rosidl_typesupport_introspection_cpp.hpp
[61.158s] -- Installing: /home/ubuntu/linorobot2_ws/install/drive_base_msgs/include/drive_base_msgs/msg/detail/command_status__type_support.cpp
[61.159s] -- Installing: /home/ubuntu/linorobot2_ws/install/drive_base_msgs/include/drive_base_msgs/msg/detail/trv_command__rosidl_typesupport_introspection_cpp.hpp
[61.160s] -- Installing: /home/ubuntu/linorobot2_ws/install/drive_base_msgs/include/drive_base_msgs/msg/detail/base_info__rosidl_typesupport_introspection_cpp.hpp
[61.161s] -- Installing: /home/ubuntu/linorobot2_ws/install/drive_base_msgs/include/drive_base_msgs/msg/detail/command_header__rosidl_typesupport_introspection_cpp.hpp
[61.163s] -- Installing: /home/ubuntu/linorobot2_ws/install/drive_base_msgs/include/drive_base_msgs/msg/detail/trv_command__type_support.cpp
[61.165s] -- Installing: /home/ubuntu/linorobot2_ws/install/drive_base_msgs/include/drive_base_msgs/msg/detail/command_header__type_support.cpp
[61.166s] -- Installing: /home/ubuntu/linorobot2_ws/install/drive_base_msgs/lib/libdrive_base_msgs__rosidl_typesupport_introspection_cpp.so
[61.169s] -- Set runtime path of "/home/ubuntu/linorobot2_ws/install/drive_base_msgs/lib/libdrive_base_msgs__rosidl_typesupport_introspection_cpp.so" to ""
[61.169s] -- Installing: /home/ubuntu/linorobot2_ws/install/drive_base_msgs/lib/libdrive_base_msgs__rosidl_typesupport_cpp.so
[61.172s] -- Set runtime path of "/home/ubuntu/linorobot2_ws/install/drive_base_msgs/lib/libdrive_base_msgs__rosidl_typesupport_cpp.so" to ""
[61.173s] -- Installing: /home/ubuntu/linorobot2_ws/install/drive_base_msgs/share/drive_base_msgs/environment/pythonpath.sh
[61.174s] -- Installing: /home/ubuntu/linorobot2_ws/install/drive_base_msgs/share/drive_base_msgs/environment/pythonpath.dsv
[61.176s] -- Installing: /home/ubuntu/linorobot2_ws/install/drive_base_msgs/lib/python3.8/site-packages/drive_base_msgs/__init__.py
[61.331s] Compiling '/home/ubuntu/linorobot2_ws/install/drive_base_msgs/lib/python3.8/site-packages/drive_base_msgs/__init__.py'...
[61.359s] -- Installing: /home/ubuntu/linorobot2_ws/install/drive_base_msgs/lib/python3.8/site-packages/drive_base_msgs/msg
[61.359s] -- Installing: /home/ubuntu/linorobot2_ws/install/drive_base_msgs/lib/python3.8/site-packages/drive_base_msgs/msg/_command_header_s.c
[61.360s] -- Installing: /home/ubuntu/linorobot2_ws/install/drive_base_msgs/lib/python3.8/site-packages/drive_base_msgs/msg/_base_info.py
[61.362s] -- Installing: /home/ubuntu/linorobot2_ws/install/drive_base_msgs/lib/python3.8/site-packages/drive_base_msgs/msg/_command_status.py
[61.363s] -- Installing: /home/ubuntu/linorobot2_ws/install/drive_base_msgs/lib/python3.8/site-packages/drive_base_msgs/msg/_trv_command_s.c
[61.364s] -- Installing: /home/ubuntu/linorobot2_ws/install/drive_base_msgs/lib/python3.8/site-packages/drive_base_msgs/msg/_command_header.py
[61.365s] -- Installing: /home/ubuntu/linorobot2_ws/install/drive_base_msgs/lib/python3.8/site-packages/drive_base_msgs/msg/__init__.py
[61.366s] -- Installing: /home/ubuntu/linorobot2_ws/install/drive_base_msgs/lib/python3.8/site-packages/drive_base_msgs/msg/_base_info_s.c
[61.368s] -- Installing: /home/ubuntu/linorobot2_ws/install/drive_base_msgs/lib/python3.8/site-packages/drive_base_msgs/msg/_trv_command.py
[61.379s] -- Installing: /home/ubuntu/linorobot2_ws/install/drive_base_msgs/lib/python3.8/site-packages/drive_base_msgs/msg/_command_status_s.c
[61.379s] -- Installing: /home/ubuntu/linorobot2_ws/install/drive_base_msgs/lib/python3.8/site-packages/drive_base_msgs/drive_base_msgs_s__rosidl_typesupport_fastrtps_c.cpython-38-aarch64-linux-gnu.so
[61.381s] -- Set runtime path of "/home/ubuntu/linorobot2_ws/install/drive_base_msgs/lib/python3.8/site-packages/drive_base_msgs/drive_base_msgs_s__rosidl_typesupport_fastrtps_c.cpython-38-aarch64-linux-gnu.so" to ""
[61.382s] -- Installing: /home/ubuntu/linorobot2_ws/install/drive_base_msgs/lib/python3.8/site-packages/drive_base_msgs/drive_base_msgs_s__rosidl_typesupport_introspection_c.cpython-38-aarch64-linux-gnu.so
[61.382s] -- Set runtime path of "/home/ubuntu/linorobot2_ws/install/drive_base_msgs/lib/python3.8/site-packages/drive_base_msgs/drive_base_msgs_s__rosidl_typesupport_introspection_c.cpython-38-aarch64-linux-gnu.so" to ""
[61.383s] -- Installing: /home/ubuntu/linorobot2_ws/install/drive_base_msgs/lib/python3.8/site-packages/drive_base_msgs/drive_base_msgs_s__rosidl_typesupport_c.cpython-38-aarch64-linux-gnu.so
[61.384s] -- Set runtime path of "/home/ubuntu/linorobot2_ws/install/drive_base_msgs/lib/python3.8/site-packages/drive_base_msgs/drive_base_msgs_s__rosidl_typesupport_c.cpython-38-aarch64-linux-gnu.so" to ""
[61.384s] -- Installing: /home/ubuntu/linorobot2_ws/install/drive_base_msgs/lib/libdrive_base_msgs__python.so
[61.385s] -- Set runtime path of "/home/ubuntu/linorobot2_ws/install/drive_base_msgs/lib/libdrive_base_msgs__python.so" to ""
[61.385s] -- Installing: /home/ubuntu/linorobot2_ws/install/drive_base_msgs/share/drive_base_msgs/msg/CommandHeader.idl
[61.386s] -- Installing: /home/ubuntu/linorobot2_ws/install/drive_base_msgs/share/drive_base_msgs/msg/BaseInfo.idl
[61.387s] -- Installing: /home/ubuntu/linorobot2_ws/install/drive_base_msgs/share/drive_base_msgs/msg/CommandStatus.idl
[61.388s] -- Installing: /home/ubuntu/linorobot2_ws/install/drive_base_msgs/share/drive_base_msgs/msg/TRVCommand.idl
[61.389s] -- Installing: /home/ubuntu/linorobot2_ws/install/drive_base_msgs/share/drive_base_msgs/msg/CommandHeader.msg
[61.390s] -- Installing: /home/ubuntu/linorobot2_ws/install/drive_base_msgs/share/drive_base_msgs/msg/BaseInfo.msg
[61.391s] -- Installing: /home/ubuntu/linorobot2_ws/install/drive_base_msgs/share/drive_base_msgs/msg/CommandStatus.msg
[61.392s] -- Installing: /home/ubuntu/linorobot2_ws/install/drive_base_msgs/share/drive_base_msgs/msg/TRVCommand.msg
[61.394s] -- Installing: /home/ubuntu/linorobot2_ws/install/drive_base_msgs/share/ament_index/resource_index/package_run_dependencies/drive_base_msgs
[61.395s] -- Installing: /home/ubuntu/linorobot2_ws/install/drive_base_msgs/share/ament_index/resource_index/parent_prefix_path/drive_base_msgs
[61.396s] -- Installing: /home/ubuntu/linorobot2_ws/install/drive_base_msgs/share/drive_base_msgs/environment/ament_prefix_path.sh
[61.397s] -- Installing: /home/ubuntu/linorobot2_ws/install/drive_base_msgs/share/drive_base_msgs/environment/ament_prefix_path.dsv
[61.399s] -- Installing: /home/ubuntu/linorobot2_ws/install/drive_base_msgs/share/drive_base_msgs/environment/path.sh
[61.400s] -- Installing: /home/ubuntu/linorobot2_ws/install/drive_base_msgs/share/drive_base_msgs/environment/path.dsv
[61.401s] -- Installing: /home/ubuntu/linorobot2_ws/install/drive_base_msgs/share/drive_base_msgs/local_setup.bash
[61.403s] -- Installing: /home/ubuntu/linorobot2_ws/install/drive_base_msgs/share/drive_base_msgs/local_setup.sh
[61.404s] -- Installing: /home/ubuntu/linorobot2_ws/install/drive_base_msgs/share/drive_base_msgs/local_setup.zsh
[61.405s] -- Installing: /home/ubuntu/linorobot2_ws/install/drive_base_msgs/share/drive_base_msgs/local_setup.dsv
[61.406s] -- Installing: /home/ubuntu/linorobot2_ws/install/drive_base_msgs/share/drive_base_msgs/package.dsv
[61.408s] -- Installing: /home/ubuntu/linorobot2_ws/install/drive_base_msgs/share/ament_index/resource_index/packages/drive_base_msgs
[61.409s] -- Installing: /home/ubuntu/linorobot2_ws/install/drive_base_msgs/share/drive_base_msgs/cmake/drive_base_msgs__rosidl_generator_cExport.cmake
[61.411s] -- Installing: /home/ubuntu/linorobot2_ws/install/drive_base_msgs/share/drive_base_msgs/cmake/drive_base_msgs__rosidl_generator_cExport-noconfig.cmake
[61.413s] -- Installing: /home/ubuntu/linorobot2_ws/install/drive_base_msgs/share/drive_base_msgs/cmake/drive_base_msgs__rosidl_typesupport_introspection_cExport.cmake
[61.414s] -- Installing: /home/ubuntu/linorobot2_ws/install/drive_base_msgs/share/drive_base_msgs/cmake/drive_base_msgs__rosidl_typesupport_introspection_cExport-noconfig.cmake
[61.415s] -- Installing: /home/ubuntu/linorobot2_ws/install/drive_base_msgs/share/drive_base_msgs/cmake/drive_base_msgs__rosidl_typesupport_cExport.cmake
[61.417s] -- Installing: /home/ubuntu/linorobot2_ws/install/drive_base_msgs/share/drive_base_msgs/cmake/drive_base_msgs__rosidl_typesupport_cExport-noconfig.cmake
[61.418s] -- Installing: /home/ubuntu/linorobot2_ws/install/drive_base_msgs/share/drive_base_msgs/cmake/drive_base_msgs__rosidl_generator_cppExport.cmake
[61.420s] -- Installing: /home/ubuntu/linorobot2_ws/install/drive_base_msgs/share/drive_base_msgs/cmake/drive_base_msgs__rosidl_typesupport_introspection_cppExport.cmake
[61.421s] -- Installing: /home/ubuntu/linorobot2_ws/install/drive_base_msgs/share/drive_base_msgs/cmake/drive_base_msgs__rosidl_typesupport_introspection_cppExport-noconfig.cmake
[61.423s] -- Installing: /home/ubuntu/linorobot2_ws/install/drive_base_msgs/share/drive_base_msgs/cmake/drive_base_msgs__rosidl_typesupport_cppExport.cmake
[61.424s] -- Installing: /home/ubuntu/linorobot2_ws/install/drive_base_msgs/share/drive_base_msgs/cmake/drive_base_msgs__rosidl_typesupport_cppExport-noconfig.cmake
[61.425s] -- Installing: /home/ubuntu/linorobot2_ws/install/drive_base_msgs/share/drive_base_msgs/cmake/rosidl_cmake-extras.cmake
[61.427s] -- Installing: /home/ubuntu/linorobot2_ws/install/drive_base_msgs/share/drive_base_msgs/cmake/ament_cmake_export_dependencies-extras.cmake
[61.428s] -- Installing: /home/ubuntu/linorobot2_ws/install/drive_base_msgs/share/drive_base_msgs/cmake/ament_cmake_export_libraries-extras.cmake
[61.429s] -- Installing: /home/ubuntu/linorobot2_ws/install/drive_base_msgs/share/drive_base_msgs/cmake/ament_cmake_export_targets-extras.cmake
[61.430s] -- Installing: /home/ubuntu/linorobot2_ws/install/drive_base_msgs/share/drive_base_msgs/cmake/ament_cmake_export_include_directories-extras.cmake
[61.432s] -- Installing: /home/ubuntu/linorobot2_ws/install/drive_base_msgs/share/drive_base_msgs/cmake/rosidl_cmake_export_typesupport_libraries-extras.cmake
[61.433s] -- Installing: /home/ubuntu/linorobot2_ws/install/drive_base_msgs/share/drive_base_msgs/cmake/rosidl_cmake_export_typesupport_targets-extras.cmake
[61.434s] -- Installing: /home/ubuntu/linorobot2_ws/install/drive_base_msgs/share/drive_base_msgs/cmake/drive_base_msgsConfig.cmake
[61.435s] -- Installing: /home/ubuntu/linorobot2_ws/install/drive_base_msgs/share/drive_base_msgs/cmake/drive_base_msgsConfig-version.cmake
[61.436s] -- Installing: /home/ubuntu/linorobot2_ws/install/drive_base_msgs/share/drive_base_msgs/package.xml
[61.446s] Invoked command in '/home/ubuntu/linorobot2_ws/build/drive_base_msgs' returned '0': CMAKE_PREFIX_PATH=/opt/ros/foxy /usr/bin/cmake --install /home/ubuntu/linorobot2_ws/build/drive_base_msgs
