[0.170s] Invoking command in '/home/ubuntu/linorobot2_ws/build/linorobot2_base': CMAKE_PREFIX_PATH=${CMAKE_PREFIX_PATH}:/opt/ros/foxy /usr/bin/cmake --build /home/ubuntu/linorobot2_ws/build/linorobot2_base -- -j4 -l4
[0.501s] Invoked command in '/home/ubuntu/linorobot2_ws/build/linorobot2_base' returned '0': CMAKE_PREFIX_PATH=${CMAKE_PREFIX_PATH}:/opt/ros/foxy /usr/bin/cmake --build /home/ubuntu/linorobot2_ws/build/linorobot2_base -- -j4 -l4
[0.905s] Invoking command in '/home/ubuntu/linorobot2_ws/build/linorobot2_base': CMAKE_PREFIX_PATH=${CMAKE_PREFIX_PATH}:/opt/ros/foxy /usr/bin/cmake --install /home/ubuntu/linorobot2_ws/build/linorobot2_base
[1.090s] -- Install configuration: ""
[1.091s] -- Up-to-date: /home/ubuntu/linorobot2_ws/install/linorobot2_base/share/linorobot2_base/config
[1.099s] -- Up-to-date: /home/ubuntu/linorobot2_ws/install/linorobot2_base/share/linorobot2_base/config/ekf.yaml
[1.100s] -- Up-to-date: /home/ubuntu/linorobot2_ws/install/linorobot2_base/share/ament_index/resource_index/package_run_dependencies/linorobot2_base
[1.104s] -- Up-to-date: /home/ubuntu/linorobot2_ws/install/linorobot2_base/share/ament_index/resource_index/parent_prefix_path/linorobot2_base
[1.106s] -- Up-to-date: /home/ubuntu/linorobot2_ws/install/linorobot2_base/share/linorobot2_base/environment/ament_prefix_path.sh
[1.107s] -- Up-to-date: /home/ubuntu/linorobot2_ws/install/linorobot2_base/share/linorobot2_base/environment/ament_prefix_path.dsv
[1.108s] -- Up-to-date: /home/ubuntu/linorobot2_ws/install/linorobot2_base/share/linorobot2_base/environment/path.sh
[1.111s] -- Up-to-date: /home/ubuntu/linorobot2_ws/install/linorobot2_base/share/linorobot2_base/environment/path.dsv
[1.116s] -- Up-to-date: /home/ubuntu/linorobot2_ws/install/linorobot2_base/share/linorobot2_base/local_setup.bash
[1.117s] -- Up-to-date: /home/ubuntu/linorobot2_ws/install/linorobot2_base/share/linorobot2_base/local_setup.sh
[1.120s] -- Up-to-date: /home/ubuntu/linorobot2_ws/install/linorobot2_base/share/linorobot2_base/local_setup.zsh
[1.130s] -- Up-to-date: /home/ubuntu/linorobot2_ws/install/linorobot2_base/share/linorobot2_base/local_setup.dsv
[1.131s] -- Up-to-date: /home/ubuntu/linorobot2_ws/install/linorobot2_base/share/linorobot2_base/package.dsv
[1.132s] -- Up-to-date: /home/ubuntu/linorobot2_ws/install/linorobot2_base/share/ament_index/resource_index/packages/linorobot2_base
[1.133s] -- Up-to-date: /home/ubuntu/linorobot2_ws/install/linorobot2_base/share/linorobot2_base/cmake/linorobot2_baseConfig.cmake
[1.133s] -- Up-to-date: /home/ubuntu/linorobot2_ws/install/linorobot2_base/share/linorobot2_base/cmake/linorobot2_baseConfig-version.cmake
[1.138s] -- Up-to-date: /home/ubuntu/linorobot2_ws/install/linorobot2_base/share/linorobot2_base/package.xml
[1.207s] Invoked command in '/home/ubuntu/linorobot2_ws/build/linorobot2_base' returned '0': CMAKE_PREFIX_PATH=${CMAKE_PREFIX_PATH}:/opt/ros/foxy /usr/bin/cmake --install /home/ubuntu/linorobot2_ws/build/linorobot2_base
