[0.167s] Invoking command in '/home/ubuntu/linorobot2_ws/build/micro_ros_msgs': CMAKE_PREFIX_PATH=${CMAKE_PREFIX_PATH}:/opt/ros/foxy /usr/bin/cmake --build /home/ubuntu/linorobot2_ws/build/micro_ros_msgs -- -j4 -l4
[0.783s] [  2%] Built target micro_ros_msgs__cpp
[0.786s] [ 12%] Built target micro_ros_msgs__rosidl_generator_c
[0.998s] [ 23%] Built target micro_ros_msgs__rosidl_typesupport_c
[1.038s] [ 34%] Built target micro_ros_msgs__rosidl_typesupport_introspection_c
[1.256s] [ 44%] Built target micro_ros_msgs__rosidl_typesupport_introspection_cpp
[1.326s] [ 55%] Built target micro_ros_msgs__rosidl_typesupport_cpp
[1.341s] [ 65%] Built target micro_ros_msgs__rosidl_typesupport_fastrtps_cpp
[1.522s] [ 76%] Built target micro_ros_msgs__rosidl_typesupport_fastrtps_c
[1.653s] [ 76%] Built target micro_ros_msgs
[1.787s] [ 78%] Built target micro_ros_msgs__py
[2.037s] [ 87%] Built target micro_ros_msgs__python
[2.229s] [ 91%] Built target micro_ros_msgs__rosidl_typesupport_introspection_c__pyext
[2.273s] [ 95%] Built target micro_ros_msgs__rosidl_typesupport_c__pyext
[2.308s] [100%] Built target micro_ros_msgs__rosidl_typesupport_fastrtps_c__pyext
[2.445s] Invoked command in '/home/ubuntu/linorobot2_ws/build/micro_ros_msgs' returned '0': CMAKE_PREFIX_PATH=${CMAKE_PREFIX_PATH}:/opt/ros/foxy /usr/bin/cmake --build /home/ubuntu/linorobot2_ws/build/micro_ros_msgs -- -j4 -l4
[3.062s] Invoking command in '/home/ubuntu/linorobot2_ws/build/micro_ros_msgs': CMAKE_PREFIX_PATH=${CMAKE_PREFIX_PATH}:/opt/ros/foxy /usr/bin/cmake --install /home/ubuntu/linorobot2_ws/build/micro_ros_msgs
[3.271s] -- Install configuration: ""
[3.273s] -- Up-to-date: /home/ubuntu/linorobot2_ws/install/micro_ros_msgs/share/ament_index/resource_index/rosidl_interfaces/micro_ros_msgs
[3.275s] -- Up-to-date: /home/ubuntu/linorobot2_ws/install/micro_ros_msgs/include/micro_ros_msgs
[3.275s] -- Up-to-date: /home/ubuntu/linorobot2_ws/install/micro_ros_msgs/include/micro_ros_msgs/msg
[3.279s] -- Up-to-date: /home/ubuntu/linorobot2_ws/install/micro_ros_msgs/include/micro_ros_msgs/msg/graph.h
[3.281s] -- Up-to-date: /home/ubuntu/linorobot2_ws/install/micro_ros_msgs/include/micro_ros_msgs/msg/detail
[3.282s] -- Up-to-date: /home/ubuntu/linorobot2_ws/install/micro_ros_msgs/include/micro_ros_msgs/msg/detail/entity__struct.h
[3.285s] -- Up-to-date: /home/ubuntu/linorobot2_ws/install/micro_ros_msgs/include/micro_ros_msgs/msg/detail/entity__functions.c
[3.293s] -- Up-to-date: /home/ubuntu/linorobot2_ws/install/micro_ros_msgs/include/micro_ros_msgs/msg/detail/graph__type_support.h
[3.295s] -- Up-to-date: /home/ubuntu/linorobot2_ws/install/micro_ros_msgs/include/micro_ros_msgs/msg/detail/node__functions.h
[3.296s] -- Up-to-date: /home/ubuntu/linorobot2_ws/install/micro_ros_msgs/include/micro_ros_msgs/msg/detail/graph__functions.c
[3.297s] -- Up-to-date: /home/ubuntu/linorobot2_ws/install/micro_ros_msgs/include/micro_ros_msgs/msg/detail/entity__type_support.h
[3.298s] -- Up-to-date: /home/ubuntu/linorobot2_ws/install/micro_ros_msgs/include/micro_ros_msgs/msg/detail/node__struct.h
[3.300s] -- Up-to-date: /home/ubuntu/linorobot2_ws/install/micro_ros_msgs/include/micro_ros_msgs/msg/detail/graph__struct.h
[3.303s] -- Up-to-date: /home/ubuntu/linorobot2_ws/install/micro_ros_msgs/include/micro_ros_msgs/msg/detail/node__type_support.h
[3.306s] -- Up-to-date: /home/ubuntu/linorobot2_ws/install/micro_ros_msgs/include/micro_ros_msgs/msg/detail/entity__functions.h
[3.309s] -- Up-to-date: /home/ubuntu/linorobot2_ws/install/micro_ros_msgs/include/micro_ros_msgs/msg/detail/node__functions.c
[3.311s] -- Up-to-date: /home/ubuntu/linorobot2_ws/install/micro_ros_msgs/include/micro_ros_msgs/msg/detail/graph__functions.h
[3.319s] -- Up-to-date: /home/ubuntu/linorobot2_ws/install/micro_ros_msgs/include/micro_ros_msgs/msg/rosidl_generator_c__visibility_control.h
[3.322s] -- Up-to-date: /home/ubuntu/linorobot2_ws/install/micro_ros_msgs/include/micro_ros_msgs/msg/entity.h
[3.324s] -- Up-to-date: /home/ubuntu/linorobot2_ws/install/micro_ros_msgs/include/micro_ros_msgs/msg/node.h
[3.326s] -- Up-to-date: /home/ubuntu/linorobot2_ws/install/micro_ros_msgs/share/micro_ros_msgs/environment/library_path.sh
[3.329s] -- Up-to-date: /home/ubuntu/linorobot2_ws/install/micro_ros_msgs/share/micro_ros_msgs/environment/library_path.dsv
[3.333s] -- Up-to-date: /home/ubuntu/linorobot2_ws/install/micro_ros_msgs/lib/libmicro_ros_msgs__rosidl_generator_c.so
[3.338s] -- Up-to-date: /home/ubuntu/linorobot2_ws/install/micro_ros_msgs/include/micro_ros_msgs
[3.340s] -- Up-to-date: /home/ubuntu/linorobot2_ws/install/micro_ros_msgs/include/micro_ros_msgs/msg
[3.341s] -- Up-to-date: /home/ubuntu/linorobot2_ws/install/micro_ros_msgs/include/micro_ros_msgs/msg/rosidl_typesupport_fastrtps_c__visibility_control.h
[3.341s] -- Up-to-date: /home/ubuntu/linorobot2_ws/install/micro_ros_msgs/include/micro_ros_msgs/msg/detail
[3.344s] -- Up-to-date: /home/ubuntu/linorobot2_ws/install/micro_ros_msgs/include/micro_ros_msgs/msg/detail/node__rosidl_typesupport_fastrtps_c.h
[3.344s] -- Up-to-date: /home/ubuntu/linorobot2_ws/install/micro_ros_msgs/include/micro_ros_msgs/msg/detail/graph__rosidl_typesupport_fastrtps_c.h
[3.346s] -- Up-to-date: /home/ubuntu/linorobot2_ws/install/micro_ros_msgs/include/micro_ros_msgs/msg/detail/entity__rosidl_typesupport_fastrtps_c.h
[3.353s] -- Up-to-date: /home/ubuntu/linorobot2_ws/install/micro_ros_msgs/lib/libmicro_ros_msgs__rosidl_typesupport_fastrtps_c.so
[3.357s] -- Up-to-date: /home/ubuntu/linorobot2_ws/install/micro_ros_msgs/include/micro_ros_msgs
[3.358s] -- Up-to-date: /home/ubuntu/linorobot2_ws/install/micro_ros_msgs/include/micro_ros_msgs/msg
[3.359s] -- Up-to-date: /home/ubuntu/linorobot2_ws/install/micro_ros_msgs/include/micro_ros_msgs/msg/rosidl_typesupport_fastrtps_cpp__visibility_control.h
[3.360s] -- Up-to-date: /home/ubuntu/linorobot2_ws/install/micro_ros_msgs/include/micro_ros_msgs/msg/detail
[3.361s] -- Up-to-date: /home/ubuntu/linorobot2_ws/install/micro_ros_msgs/include/micro_ros_msgs/msg/detail/dds_fastrtps
[3.364s] -- Up-to-date: /home/ubuntu/linorobot2_ws/install/micro_ros_msgs/include/micro_ros_msgs/msg/detail/entity__rosidl_typesupport_fastrtps_cpp.hpp
[3.365s] -- Up-to-date: /home/ubuntu/linorobot2_ws/install/micro_ros_msgs/include/micro_ros_msgs/msg/detail/node__rosidl_typesupport_fastrtps_cpp.hpp
[3.366s] -- Up-to-date: /home/ubuntu/linorobot2_ws/install/micro_ros_msgs/include/micro_ros_msgs/msg/detail/graph__rosidl_typesupport_fastrtps_cpp.hpp
[3.372s] -- Up-to-date: /home/ubuntu/linorobot2_ws/install/micro_ros_msgs/lib/libmicro_ros_msgs__rosidl_typesupport_fastrtps_cpp.so
[3.377s] -- Up-to-date: /home/ubuntu/linorobot2_ws/install/micro_ros_msgs/include/micro_ros_msgs
[3.379s] -- Up-to-date: /home/ubuntu/linorobot2_ws/install/micro_ros_msgs/include/micro_ros_msgs/msg
[3.380s] -- Up-to-date: /home/ubuntu/linorobot2_ws/install/micro_ros_msgs/include/micro_ros_msgs/msg/detail
[3.383s] -- Up-to-date: /home/ubuntu/linorobot2_ws/install/micro_ros_msgs/include/micro_ros_msgs/msg/detail/graph__type_support.c
[3.384s] -- Up-to-date: /home/ubuntu/linorobot2_ws/install/micro_ros_msgs/include/micro_ros_msgs/msg/detail/graph__rosidl_typesupport_introspection_c.h
[3.386s] -- Up-to-date: /home/ubuntu/linorobot2_ws/install/micro_ros_msgs/include/micro_ros_msgs/msg/detail/entity__rosidl_typesupport_introspection_c.h
[3.387s] -- Up-to-date: /home/ubuntu/linorobot2_ws/install/micro_ros_msgs/include/micro_ros_msgs/msg/detail/node__rosidl_typesupport_introspection_c.h
[3.388s] -- Up-to-date: /home/ubuntu/linorobot2_ws/install/micro_ros_msgs/include/micro_ros_msgs/msg/detail/node__type_support.c
[3.389s] -- Up-to-date: /home/ubuntu/linorobot2_ws/install/micro_ros_msgs/include/micro_ros_msgs/msg/detail/entity__type_support.c
[3.389s] -- Up-to-date: /home/ubuntu/linorobot2_ws/install/micro_ros_msgs/include/micro_ros_msgs/msg/rosidl_typesupport_introspection_c__visibility_control.h
[3.397s] -- Up-to-date: /home/ubuntu/linorobot2_ws/install/micro_ros_msgs/lib/libmicro_ros_msgs__rosidl_typesupport_introspection_c.so
[3.406s] -- Up-to-date: /home/ubuntu/linorobot2_ws/install/micro_ros_msgs/lib/libmicro_ros_msgs__rosidl_typesupport_c.so
[3.410s] -- Up-to-date: /home/ubuntu/linorobot2_ws/install/micro_ros_msgs/include/micro_ros_msgs
[3.412s] -- Up-to-date: /home/ubuntu/linorobot2_ws/install/micro_ros_msgs/include/micro_ros_msgs/msg
[3.413s] -- Up-to-date: /home/ubuntu/linorobot2_ws/install/micro_ros_msgs/include/micro_ros_msgs/msg/graph.hpp
[3.413s] -- Up-to-date: /home/ubuntu/linorobot2_ws/install/micro_ros_msgs/include/micro_ros_msgs/msg/detail
[3.416s] -- Up-to-date: /home/ubuntu/linorobot2_ws/install/micro_ros_msgs/include/micro_ros_msgs/msg/detail/node__type_support.hpp
[3.416s] -- Up-to-date: /home/ubuntu/linorobot2_ws/install/micro_ros_msgs/include/micro_ros_msgs/msg/detail/graph__type_support.hpp
[3.417s] -- Up-to-date: /home/ubuntu/linorobot2_ws/install/micro_ros_msgs/include/micro_ros_msgs/msg/detail/entity__traits.hpp
[3.417s] -- Up-to-date: /home/ubuntu/linorobot2_ws/install/micro_ros_msgs/include/micro_ros_msgs/msg/detail/node__struct.hpp
[3.418s] -- Up-to-date: /home/ubuntu/linorobot2_ws/install/micro_ros_msgs/include/micro_ros_msgs/msg/detail/entity__builder.hpp
[3.418s] -- Up-to-date: /home/ubuntu/linorobot2_ws/install/micro_ros_msgs/include/micro_ros_msgs/msg/detail/graph__traits.hpp
[3.419s] -- Up-to-date: /home/ubuntu/linorobot2_ws/install/micro_ros_msgs/include/micro_ros_msgs/msg/detail/graph__builder.hpp
[3.419s] -- Up-to-date: /home/ubuntu/linorobot2_ws/install/micro_ros_msgs/include/micro_ros_msgs/msg/detail/node__traits.hpp
[3.419s] -- Up-to-date: /home/ubuntu/linorobot2_ws/install/micro_ros_msgs/include/micro_ros_msgs/msg/detail/entity__struct.hpp
[3.420s] -- Up-to-date: /home/ubuntu/linorobot2_ws/install/micro_ros_msgs/include/micro_ros_msgs/msg/detail/entity__type_support.hpp
[3.421s] -- Up-to-date: /home/ubuntu/linorobot2_ws/install/micro_ros_msgs/include/micro_ros_msgs/msg/detail/graph__struct.hpp
[3.421s] -- Up-to-date: /home/ubuntu/linorobot2_ws/install/micro_ros_msgs/include/micro_ros_msgs/msg/detail/node__builder.hpp
[3.422s] -- Up-to-date: /home/ubuntu/linorobot2_ws/install/micro_ros_msgs/include/micro_ros_msgs/msg/rosidl_generator_cpp__visibility_control.hpp
[3.423s] -- Up-to-date: /home/ubuntu/linorobot2_ws/install/micro_ros_msgs/include/micro_ros_msgs/msg/entity.hpp
[3.423s] -- Up-to-date: /home/ubuntu/linorobot2_ws/install/micro_ros_msgs/include/micro_ros_msgs/msg/node.hpp
[3.424s] -- Up-to-date: /home/ubuntu/linorobot2_ws/install/micro_ros_msgs/include/micro_ros_msgs
[3.425s] -- Up-to-date: /home/ubuntu/linorobot2_ws/install/micro_ros_msgs/include/micro_ros_msgs/msg
[3.425s] -- Up-to-date: /home/ubuntu/linorobot2_ws/install/micro_ros_msgs/include/micro_ros_msgs/msg/detail
[3.426s] -- Up-to-date: /home/ubuntu/linorobot2_ws/install/micro_ros_msgs/include/micro_ros_msgs/msg/detail/entity__type_support.cpp
[3.427s] -- Up-to-date: /home/ubuntu/linorobot2_ws/install/micro_ros_msgs/include/micro_ros_msgs/msg/detail/graph__rosidl_typesupport_introspection_cpp.hpp
[3.427s] -- Up-to-date: /home/ubuntu/linorobot2_ws/install/micro_ros_msgs/include/micro_ros_msgs/msg/detail/node__type_support.cpp
[3.428s] -- Up-to-date: /home/ubuntu/linorobot2_ws/install/micro_ros_msgs/include/micro_ros_msgs/msg/detail/entity__rosidl_typesupport_introspection_cpp.hpp
[3.428s] -- Up-to-date: /home/ubuntu/linorobot2_ws/install/micro_ros_msgs/include/micro_ros_msgs/msg/detail/node__rosidl_typesupport_introspection_cpp.hpp
[3.428s] -- Up-to-date: /home/ubuntu/linorobot2_ws/install/micro_ros_msgs/include/micro_ros_msgs/msg/detail/graph__type_support.cpp
[3.430s] -- Up-to-date: /home/ubuntu/linorobot2_ws/install/micro_ros_msgs/lib/libmicro_ros_msgs__rosidl_typesupport_introspection_cpp.so
[3.430s] -- Up-to-date: /home/ubuntu/linorobot2_ws/install/micro_ros_msgs/lib/libmicro_ros_msgs__rosidl_typesupport_cpp.so
[3.431s] -- Up-to-date: /home/ubuntu/linorobot2_ws/install/micro_ros_msgs/share/micro_ros_msgs/environment/pythonpath.sh
[3.431s] -- Up-to-date: /home/ubuntu/linorobot2_ws/install/micro_ros_msgs/share/micro_ros_msgs/environment/pythonpath.dsv
[3.432s] -- Up-to-date: /home/ubuntu/linorobot2_ws/install/micro_ros_msgs/lib/python3.8/site-packages/micro_ros_msgs/__init__.py
[3.441s] -- Up-to-date: /home/ubuntu/linorobot2_ws/install/micro_ros_msgs/lib/python3.8/site-packages/micro_ros_msgs/msg
[3.442s] -- Up-to-date: /home/ubuntu/linorobot2_ws/install/micro_ros_msgs/lib/python3.8/site-packages/micro_ros_msgs/msg/_entity_s.c
[3.443s] -- Up-to-date: /home/ubuntu/linorobot2_ws/install/micro_ros_msgs/lib/python3.8/site-packages/micro_ros_msgs/msg/_graph_s.c
[3.444s] -- Up-to-date: /home/ubuntu/linorobot2_ws/install/micro_ros_msgs/lib/python3.8/site-packages/micro_ros_msgs/msg/_entity.py
[3.445s] -- Up-to-date: /home/ubuntu/linorobot2_ws/install/micro_ros_msgs/lib/python3.8/site-packages/micro_ros_msgs/msg/_node.py
[3.446s] -- Up-to-date: /home/ubuntu/linorobot2_ws/install/micro_ros_msgs/lib/python3.8/site-packages/micro_ros_msgs/msg/_graph.py
[3.449s] -- Up-to-date: /home/ubuntu/linorobot2_ws/install/micro_ros_msgs/lib/python3.8/site-packages/micro_ros_msgs/msg/__init__.py
[3.449s] -- Up-to-date: /home/ubuntu/linorobot2_ws/install/micro_ros_msgs/lib/python3.8/site-packages/micro_ros_msgs/msg/_node_s.c
[3.451s] -- Up-to-date: /home/ubuntu/linorobot2_ws/install/micro_ros_msgs/lib/python3.8/site-packages/micro_ros_msgs/micro_ros_msgs_s__rosidl_typesupport_fastrtps_c.cpython-38-aarch64-linux-gnu.so
[3.453s] -- Up-to-date: /home/ubuntu/linorobot2_ws/install/micro_ros_msgs/lib/python3.8/site-packages/micro_ros_msgs/micro_ros_msgs_s__rosidl_typesupport_introspection_c.cpython-38-aarch64-linux-gnu.so
[3.465s] -- Up-to-date: /home/ubuntu/linorobot2_ws/install/micro_ros_msgs/lib/python3.8/site-packages/micro_ros_msgs/micro_ros_msgs_s__rosidl_typesupport_c.cpython-38-aarch64-linux-gnu.so
[3.475s] -- Up-to-date: /home/ubuntu/linorobot2_ws/install/micro_ros_msgs/lib/libmicro_ros_msgs__python.so
[3.477s] -- Up-to-date: /home/ubuntu/linorobot2_ws/install/micro_ros_msgs/share/micro_ros_msgs/msg/Graph.idl
[3.477s] -- Up-to-date: /home/ubuntu/linorobot2_ws/install/micro_ros_msgs/share/micro_ros_msgs/msg/Node.idl
[3.479s] -- Up-to-date: /home/ubuntu/linorobot2_ws/install/micro_ros_msgs/share/micro_ros_msgs/msg/Entity.idl
[3.479s] -- Up-to-date: /home/ubuntu/linorobot2_ws/install/micro_ros_msgs/share/micro_ros_msgs/msg/Graph.msg
[3.481s] -- Up-to-date: /home/ubuntu/linorobot2_ws/install/micro_ros_msgs/share/micro_ros_msgs/msg/Node.msg
[3.484s] -- Up-to-date: /home/ubuntu/linorobot2_ws/install/micro_ros_msgs/share/micro_ros_msgs/msg/Entity.msg
[3.484s] -- Up-to-date: /home/ubuntu/linorobot2_ws/install/micro_ros_msgs/share/ament_index/resource_index/package_run_dependencies/micro_ros_msgs
[3.485s] -- Up-to-date: /home/ubuntu/linorobot2_ws/install/micro_ros_msgs/share/ament_index/resource_index/parent_prefix_path/micro_ros_msgs
[3.487s] -- Up-to-date: /home/ubuntu/linorobot2_ws/install/micro_ros_msgs/share/micro_ros_msgs/environment/ament_prefix_path.sh
[3.488s] -- Up-to-date: /home/ubuntu/linorobot2_ws/install/micro_ros_msgs/share/micro_ros_msgs/environment/ament_prefix_path.dsv
[3.489s] -- Up-to-date: /home/ubuntu/linorobot2_ws/install/micro_ros_msgs/share/micro_ros_msgs/environment/path.sh
[3.490s] -- Up-to-date: /home/ubuntu/linorobot2_ws/install/micro_ros_msgs/share/micro_ros_msgs/environment/path.dsv
[3.492s] -- Up-to-date: /home/ubuntu/linorobot2_ws/install/micro_ros_msgs/share/micro_ros_msgs/local_setup.bash
[3.492s] -- Up-to-date: /home/ubuntu/linorobot2_ws/install/micro_ros_msgs/share/micro_ros_msgs/local_setup.sh
[3.493s] -- Up-to-date: /home/ubuntu/linorobot2_ws/install/micro_ros_msgs/share/micro_ros_msgs/local_setup.zsh
[3.494s] -- Up-to-date: /home/ubuntu/linorobot2_ws/install/micro_ros_msgs/share/micro_ros_msgs/local_setup.dsv
[3.495s] -- Installing: /home/ubuntu/linorobot2_ws/install/micro_ros_msgs/share/micro_ros_msgs/package.dsv
[3.502s] -- Up-to-date: /home/ubuntu/linorobot2_ws/install/micro_ros_msgs/share/ament_index/resource_index/packages/micro_ros_msgs
[3.505s] -- Up-to-date: /home/ubuntu/linorobot2_ws/install/micro_ros_msgs/share/micro_ros_msgs/cmake/micro_ros_msgs__rosidl_generator_cExport.cmake
[3.507s] -- Up-to-date: /home/ubuntu/linorobot2_ws/install/micro_ros_msgs/share/micro_ros_msgs/cmake/micro_ros_msgs__rosidl_generator_cExport-noconfig.cmake
[3.518s] -- Up-to-date: /home/ubuntu/linorobot2_ws/install/micro_ros_msgs/share/micro_ros_msgs/cmake/micro_ros_msgs__rosidl_typesupport_introspection_cExport.cmake
[3.520s] -- Up-to-date: /home/ubuntu/linorobot2_ws/install/micro_ros_msgs/share/micro_ros_msgs/cmake/micro_ros_msgs__rosidl_typesupport_introspection_cExport-noconfig.cmake
[3.522s] -- Up-to-date: /home/ubuntu/linorobot2_ws/install/micro_ros_msgs/share/micro_ros_msgs/cmake/micro_ros_msgs__rosidl_typesupport_cExport.cmake
[3.522s] -- Up-to-date: /home/ubuntu/linorobot2_ws/install/micro_ros_msgs/share/micro_ros_msgs/cmake/micro_ros_msgs__rosidl_typesupport_cExport-noconfig.cmake
[3.523s] -- Up-to-date: /home/ubuntu/linorobot2_ws/install/micro_ros_msgs/share/micro_ros_msgs/cmake/micro_ros_msgs__rosidl_generator_cppExport.cmake
[3.523s] -- Up-to-date: /home/ubuntu/linorobot2_ws/install/micro_ros_msgs/share/micro_ros_msgs/cmake/micro_ros_msgs__rosidl_typesupport_introspection_cppExport.cmake
[3.524s] -- Up-to-date: /home/ubuntu/linorobot2_ws/install/micro_ros_msgs/share/micro_ros_msgs/cmake/micro_ros_msgs__rosidl_typesupport_introspection_cppExport-noconfig.cmake
[3.527s] -- Up-to-date: /home/ubuntu/linorobot2_ws/install/micro_ros_msgs/share/micro_ros_msgs/cmake/micro_ros_msgs__rosidl_typesupport_cppExport.cmake
[3.527s] -- Up-to-date: /home/ubuntu/linorobot2_ws/install/micro_ros_msgs/share/micro_ros_msgs/cmake/micro_ros_msgs__rosidl_typesupport_cppExport-noconfig.cmake
[3.528s] -- Up-to-date: /home/ubuntu/linorobot2_ws/install/micro_ros_msgs/share/micro_ros_msgs/cmake/rosidl_cmake-extras.cmake
[3.528s] -- Up-to-date: /home/ubuntu/linorobot2_ws/install/micro_ros_msgs/share/micro_ros_msgs/cmake/ament_cmake_export_dependencies-extras.cmake
[3.529s] -- Up-to-date: /home/ubuntu/linorobot2_ws/install/micro_ros_msgs/share/micro_ros_msgs/cmake/ament_cmake_export_libraries-extras.cmake
[3.530s] -- Up-to-date: /home/ubuntu/linorobot2_ws/install/micro_ros_msgs/share/micro_ros_msgs/cmake/ament_cmake_export_targets-extras.cmake
[3.531s] -- Up-to-date: /home/ubuntu/linorobot2_ws/install/micro_ros_msgs/share/micro_ros_msgs/cmake/ament_cmake_export_include_directories-extras.cmake
[3.532s] -- Up-to-date: /home/ubuntu/linorobot2_ws/install/micro_ros_msgs/share/micro_ros_msgs/cmake/rosidl_cmake_export_typesupport_libraries-extras.cmake
[3.532s] -- Up-to-date: /home/ubuntu/linorobot2_ws/install/micro_ros_msgs/share/micro_ros_msgs/cmake/rosidl_cmake_export_typesupport_targets-extras.cmake
[3.533s] -- Up-to-date: /home/ubuntu/linorobot2_ws/install/micro_ros_msgs/share/micro_ros_msgs/cmake/micro_ros_msgsConfig.cmake
[3.533s] -- Up-to-date: /home/ubuntu/linorobot2_ws/install/micro_ros_msgs/share/micro_ros_msgs/cmake/micro_ros_msgsConfig-version.cmake
[3.534s] -- Up-to-date: /home/ubuntu/linorobot2_ws/install/micro_ros_msgs/share/micro_ros_msgs/package.xml
[3.535s] Invoked command in '/home/ubuntu/linorobot2_ws/build/micro_ros_msgs' returned '0': CMAKE_PREFIX_PATH=${CMAKE_PREFIX_PATH}:/opt/ros/foxy /usr/bin/cmake --install /home/ubuntu/linorobot2_ws/build/micro_ros_msgs
