[0.159s] Invoking command in '/home/ubuntu/linorobot2_ws/build/linorobot2': CMAKE_PREFIX_PATH=${CMAKE_PREFIX_PATH}:/opt/ros/foxy /usr/bin/cmake --build /home/ubuntu/linorobot2_ws/build/linorobot2 -- -j4 -l4
[0.570s] Invoked command in '/home/ubuntu/linorobot2_ws/build/linorobot2' returned '0': CMAKE_PREFIX_PATH=${CMAKE_PREFIX_PATH}:/opt/ros/foxy /usr/bin/cmake --build /home/ubuntu/linorobot2_ws/build/linorobot2 -- -j4 -l4
[0.939s] Invoking command in '/home/ubuntu/linorobot2_ws/build/linorobot2': CMAKE_PREFIX_PATH=${CMAKE_PREFIX_PATH}:/opt/ros/foxy /usr/bin/cmake --install /home/ubuntu/linorobot2_ws/build/linorobot2
[1.060s] -- Install configuration: ""
[1.062s] -- Up-to-date: /home/ubuntu/linorobot2_ws/install/linorobot2/share/ament_index/resource_index/package_run_dependencies/linorobot2
[1.064s] -- Up-to-date: /home/ubuntu/linorobot2_ws/install/linorobot2/share/ament_index/resource_index/parent_prefix_path/linorobot2
[1.066s] -- Up-to-date: /home/ubuntu/linorobot2_ws/install/linorobot2/share/linorobot2/environment/ament_prefix_path.sh
[1.068s] -- Up-to-date: /home/ubuntu/linorobot2_ws/install/linorobot2/share/linorobot2/environment/ament_prefix_path.dsv
[1.074s] -- Up-to-date: /home/ubuntu/linorobot2_ws/install/linorobot2/share/linorobot2/environment/path.sh
[1.086s] -- Up-to-date: /home/ubuntu/linorobot2_ws/install/linorobot2/share/linorobot2/environment/path.dsv
[1.092s] -- Up-to-date: /home/ubuntu/linorobot2_ws/install/linorobot2/share/linorobot2/local_setup.bash
[1.097s] -- Up-to-date: /home/ubuntu/linorobot2_ws/install/linorobot2/share/linorobot2/local_setup.sh
[1.104s] -- Up-to-date: /home/ubuntu/linorobot2_ws/install/linorobot2/share/linorobot2/local_setup.zsh
[1.105s] -- Up-to-date: /home/ubuntu/linorobot2_ws/install/linorobot2/share/linorobot2/local_setup.dsv
[1.106s] -- Installing: /home/ubuntu/linorobot2_ws/install/linorobot2/share/linorobot2/package.dsv
[1.107s] -- Up-to-date: /home/ubuntu/linorobot2_ws/install/linorobot2/share/ament_index/resource_index/packages/linorobot2
[1.108s] -- Up-to-date: /home/ubuntu/linorobot2_ws/install/linorobot2/share/linorobot2/cmake/linorobot2Config.cmake
[1.108s] -- Up-to-date: /home/ubuntu/linorobot2_ws/install/linorobot2/share/linorobot2/cmake/linorobot2Config-version.cmake
[1.114s] -- Up-to-date: /home/ubuntu/linorobot2_ws/install/linorobot2/share/linorobot2/package.xml
[1.216s] Invoked command in '/home/ubuntu/linorobot2_ws/build/linorobot2' returned '0': CMAKE_PREFIX_PATH=${CMAKE_PREFIX_PATH}:/opt/ros/foxy /usr/bin/cmake --install /home/ubuntu/linorobot2_ws/build/linorobot2
