[0.108s] Invoking command in '/home/ubuntu/linorobot2_ws/build/linorobot2_description': CMAKE_PREFIX_PATH=/opt/ros/foxy /usr/bin/cmake /home/ubuntu/linorobot2_ws/src/linorobot2/linorobot2_description -DCMAKE_INSTALL_PREFIX=/home/ubuntu/linorobot2_ws/install/linorobot2_description
[0.407s] -- The C compiler identification is GNU 9.4.0
[0.684s] -- The CXX compiler identification is GNU 9.4.0
[0.710s] -- Check for working C compiler: /usr/bin/cc
[1.086s] -- Check for working C compiler: /usr/bin/cc -- works
[1.091s] -- Detecting C compiler ABI info
[1.489s] -- Detecting C compiler ABI info - done
[1.540s] -- Detecting C compile features
[1.543s] -- Detecting C compile features - done
[1.554s] -- Check for working CXX compiler: /usr/bin/c++
[2.021s] -- Check for working CXX compiler: /usr/bin/c++ -- works
[2.027s] -- Detecting CXX compiler ABI info
[2.549s] -- Detecting CXX compiler ABI info - done
[2.599s] -- Detecting CXX compile features
[2.602s] -- Detecting CXX compile features - done
[2.632s] -- Found ament_cmake: 0.9.12 (/opt/ros/foxy/share/ament_cmake/cmake)
[2.801s] -- Found PythonInterp: /usr/bin/python3 (found suitable version "3.8.10", minimum required is "3") 
[2.802s] -- Using PYTHON_EXECUTABLE: /usr/bin/python3
[4.306s] -- Found urdf: 2.4.0 (/opt/ros/foxy/share/urdf/cmake)
[5.122s] -- Configuring done
[5.139s] -- Generating done
[5.144s] -- Build files have been written to: /home/ubuntu/linorobot2_ws/build/linorobot2_description
[5.170s] Invoked command in '/home/ubuntu/linorobot2_ws/build/linorobot2_description' returned '0': CMAKE_PREFIX_PATH=/opt/ros/foxy /usr/bin/cmake /home/ubuntu/linorobot2_ws/src/linorobot2/linorobot2_description -DCMAKE_INSTALL_PREFIX=/home/ubuntu/linorobot2_ws/install/linorobot2_description
[5.172s] Invoking command in '/home/ubuntu/linorobot2_ws/build/linorobot2_description': CMAKE_PREFIX_PATH=/opt/ros/foxy /usr/bin/cmake --build /home/ubuntu/linorobot2_ws/build/linorobot2_description -- -j4 -l4
[5.464s] Invoked command in '/home/ubuntu/linorobot2_ws/build/linorobot2_description' returned '0': CMAKE_PREFIX_PATH=/opt/ros/foxy /usr/bin/cmake --build /home/ubuntu/linorobot2_ws/build/linorobot2_description -- -j4 -l4
[5.642s] Invoking command in '/home/ubuntu/linorobot2_ws/build/linorobot2_description': CMAKE_PREFIX_PATH=/opt/ros/foxy /usr/bin/cmake --install /home/ubuntu/linorobot2_ws/build/linorobot2_description
[5.718s] -- Install configuration: ""
[5.719s] -- Installing: /home/ubuntu/linorobot2_ws/install/linorobot2_description/share/linorobot2_description/launch
[5.722s] -- Installing: /home/ubuntu/linorobot2_ws/install/linorobot2_description/share/linorobot2_description/launch/description.launch.py
[5.727s] -- Installing: /home/ubuntu/linorobot2_ws/install/linorobot2_description/share/linorobot2_description/urdf
[5.729s] -- Installing: /home/ubuntu/linorobot2_ws/install/linorobot2_description/share/linorobot2_description/urdf/controllers
[5.731s] -- Installing: /home/ubuntu/linorobot2_ws/install/linorobot2_description/share/linorobot2_description/urdf/controllers/diff_drive.urdf.xacro
[5.733s] -- Installing: /home/ubuntu/linorobot2_ws/install/linorobot2_description/share/linorobot2_description/urdf/controllers/omni_drive.urdf.xacro
[5.735s] -- Installing: /home/ubuntu/linorobot2_ws/install/linorobot2_description/share/linorobot2_description/urdf/controllers/skid_steer.urdf.xacro
[5.743s] -- Installing: /home/ubuntu/linorobot2_ws/install/linorobot2_description/share/linorobot2_description/urdf/robots
[5.744s] -- Installing: /home/ubuntu/linorobot2_ws/install/linorobot2_description/share/linorobot2_description/urdf/robots/4wd.urdf.xacro
[5.752s] -- Installing: /home/ubuntu/linorobot2_ws/install/linorobot2_description/share/linorobot2_description/urdf/robots/square.urdf.xacro
[5.758s] -- Installing: /home/ubuntu/linorobot2_ws/install/linorobot2_description/share/linorobot2_description/urdf/robots/2wd.urdf.xacro
[5.759s] -- Installing: /home/ubuntu/linorobot2_ws/install/linorobot2_description/share/linorobot2_description/urdf/robots/mecanum.urdf.xacro
[5.761s] -- Installing: /home/ubuntu/linorobot2_ws/install/linorobot2_description/share/linorobot2_description/urdf/4wd_properties.urdf.xacro
[5.764s] -- Installing: /home/ubuntu/linorobot2_ws/install/linorobot2_description/share/linorobot2_description/urdf/mecanum_properties.urdf.xacro
[5.765s] -- Installing: /home/ubuntu/linorobot2_ws/install/linorobot2_description/share/linorobot2_description/urdf/sensors
[5.767s] -- Installing: /home/ubuntu/linorobot2_ws/install/linorobot2_description/share/linorobot2_description/urdf/sensors/generic_laser.urdf.xacro
[5.771s] -- Installing: /home/ubuntu/linorobot2_ws/install/linorobot2_description/share/linorobot2_description/urdf/sensors/depth_sensor.urdf.xacro
[5.773s] -- Installing: /home/ubuntu/linorobot2_ws/install/linorobot2_description/share/linorobot2_description/urdf/sensors/laser.urdf.xacro
[5.778s] -- Installing: /home/ubuntu/linorobot2_ws/install/linorobot2_description/share/linorobot2_description/urdf/sensors/imu.urdf.xacro
[5.780s] -- Installing: /home/ubuntu/linorobot2_ws/install/linorobot2_description/share/linorobot2_description/urdf/mech
[5.782s] -- Installing: /home/ubuntu/linorobot2_ws/install/linorobot2_description/share/linorobot2_description/urdf/mech/mecanum_wheel.urdf.xacro
[5.786s] -- Installing: /home/ubuntu/linorobot2_ws/install/linorobot2_description/share/linorobot2_description/urdf/mech/caster_wheel.urdf.xacro
[5.789s] -- Installing: /home/ubuntu/linorobot2_ws/install/linorobot2_description/share/linorobot2_description/urdf/mech/wheel.urdf.xacro
[5.793s] -- Installing: /home/ubuntu/linorobot2_ws/install/linorobot2_description/share/linorobot2_description/urdf/mech/base.urdf.xacro
[5.806s] -- Installing: /home/ubuntu/linorobot2_ws/install/linorobot2_description/share/linorobot2_description/urdf/2wd_properties.urdf.xacro
[5.809s] -- Installing: /home/ubuntu/linorobot2_ws/install/linorobot2_description/share/linorobot2_description/rviz
[5.812s] -- Installing: /home/ubuntu/linorobot2_ws/install/linorobot2_description/share/linorobot2_description/rviz/description.rviz
[5.816s] -- Installing: /home/ubuntu/linorobot2_ws/install/linorobot2_description/share/ament_index/resource_index/package_run_dependencies/linorobot2_description
[5.818s] -- Installing: /home/ubuntu/linorobot2_ws/install/linorobot2_description/share/ament_index/resource_index/parent_prefix_path/linorobot2_description
[5.821s] -- Installing: /home/ubuntu/linorobot2_ws/install/linorobot2_description/share/linorobot2_description/environment/ament_prefix_path.sh
[5.824s] -- Installing: /home/ubuntu/linorobot2_ws/install/linorobot2_description/share/linorobot2_description/environment/ament_prefix_path.dsv
[5.827s] -- Installing: /home/ubuntu/linorobot2_ws/install/linorobot2_description/share/linorobot2_description/environment/path.sh
[5.832s] -- Installing: /home/ubuntu/linorobot2_ws/install/linorobot2_description/share/linorobot2_description/environment/path.dsv
[5.834s] -- Installing: /home/ubuntu/linorobot2_ws/install/linorobot2_description/share/linorobot2_description/local_setup.bash
[5.836s] -- Installing: /home/ubuntu/linorobot2_ws/install/linorobot2_description/share/linorobot2_description/local_setup.sh
[5.841s] -- Installing: /home/ubuntu/linorobot2_ws/install/linorobot2_description/share/linorobot2_description/local_setup.zsh
[5.843s] -- Installing: /home/ubuntu/linorobot2_ws/install/linorobot2_description/share/linorobot2_description/local_setup.dsv
[5.849s] -- Installing: /home/ubuntu/linorobot2_ws/install/linorobot2_description/share/linorobot2_description/package.dsv
[5.851s] -- Installing: /home/ubuntu/linorobot2_ws/install/linorobot2_description/share/ament_index/resource_index/packages/linorobot2_description
[5.856s] -- Installing: /home/ubuntu/linorobot2_ws/install/linorobot2_description/share/linorobot2_description/cmake/linorobot2_descriptionConfig.cmake
[5.858s] -- Installing: /home/ubuntu/linorobot2_ws/install/linorobot2_description/share/linorobot2_description/cmake/linorobot2_descriptionConfig-version.cmake
[5.861s] -- Installing: /home/ubuntu/linorobot2_ws/install/linorobot2_description/share/linorobot2_description/package.xml
[5.875s] Invoked command in '/home/ubuntu/linorobot2_ws/build/linorobot2_description' returned '0': CMAKE_PREFIX_PATH=/opt/ros/foxy /usr/bin/cmake --install /home/ubuntu/linorobot2_ws/build/linorobot2_description
