[0.165s] Invoking command in '/home/ubuntu/linorobot2_ws/build/drive_base_msgs': CMAKE_PREFIX_PATH=${CMAKE_PREFIX_PATH}:/opt/ros/foxy /usr/bin/cmake --build /home/ubuntu/linorobot2_ws/build/drive_base_msgs -- -j4 -l4
[0.755s] [  9%] Built target drive_base_msgs__cpp
[0.757s] [ 12%] Built target drive_base_msgs__rosidl_generator_c
[1.013s] [ 23%] Built target drive_base_msgs__rosidl_typesupport_introspection_c
[1.074s] [ 34%] Built target drive_base_msgs__rosidl_typesupport_introspection_cpp
[1.102s] [ 45%] Built target drive_base_msgs__rosidl_typesupport_cpp
[1.120s] [ 56%] Built target drive_base_msgs__rosidl_typesupport_fastrtps_cpp
[1.297s] [ 67%] Built target drive_base_msgs__rosidl_typesupport_c
[1.336s] [ 78%] Built target drive_base_msgs__rosidl_typesupport_fastrtps_c
[1.453s] [ 78%] Built target drive_base_msgs
[1.583s] [ 80%] Built target drive_base_msgs__py
[1.785s] [ 89%] Built target drive_base_msgs__python
[1.992s] [ 92%] Built target drive_base_msgs__rosidl_typesupport_fastrtps_c__pyext
[2.036s] [ 96%] Built target drive_base_msgs__rosidl_typesupport_introspection_c__pyext
[2.049s] [100%] Built target drive_base_msgs__rosidl_typesupport_c__pyext
[2.128s] Invoked command in '/home/ubuntu/linorobot2_ws/build/drive_base_msgs' returned '0': CMAKE_PREFIX_PATH=${CMAKE_PREFIX_PATH}:/opt/ros/foxy /usr/bin/cmake --build /home/ubuntu/linorobot2_ws/build/drive_base_msgs -- -j4 -l4
[2.911s] Invoking command in '/home/ubuntu/linorobot2_ws/build/drive_base_msgs': CMAKE_PREFIX_PATH=${CMAKE_PREFIX_PATH}:/opt/ros/foxy /usr/bin/cmake --install /home/ubuntu/linorobot2_ws/build/drive_base_msgs
[2.957s] -- Install configuration: ""
[2.958s] -- Up-to-date: /home/ubuntu/linorobot2_ws/install/drive_base_msgs/share/ament_index/resource_index/rosidl_interfaces/drive_base_msgs
[2.959s] -- Up-to-date: /home/ubuntu/linorobot2_ws/install/drive_base_msgs/include/drive_base_msgs
[2.960s] -- Up-to-date: /home/ubuntu/linorobot2_ws/install/drive_base_msgs/include/drive_base_msgs/msg
[2.962s] -- Up-to-date: /home/ubuntu/linorobot2_ws/install/drive_base_msgs/include/drive_base_msgs/msg/detail
[2.965s] -- Up-to-date: /home/ubuntu/linorobot2_ws/install/drive_base_msgs/include/drive_base_msgs/msg/detail/trv_command__functions.h
[2.967s] -- Up-to-date: /home/ubuntu/linorobot2_ws/install/drive_base_msgs/include/drive_base_msgs/msg/detail/command_status__struct.h
[2.968s] -- Up-to-date: /home/ubuntu/linorobot2_ws/install/drive_base_msgs/include/drive_base_msgs/msg/detail/base_info__struct.h
[2.969s] -- Up-to-date: /home/ubuntu/linorobot2_ws/install/drive_base_msgs/include/drive_base_msgs/msg/detail/base_info__type_support.h
[2.971s] -- Up-to-date: /home/ubuntu/linorobot2_ws/install/drive_base_msgs/include/drive_base_msgs/msg/detail/command_status__functions.c
[2.975s] -- Up-to-date: /home/ubuntu/linorobot2_ws/install/drive_base_msgs/include/drive_base_msgs/msg/detail/trv_command__struct.h
[2.984s] -- Up-to-date: /home/ubuntu/linorobot2_ws/install/drive_base_msgs/include/drive_base_msgs/msg/detail/base_info__functions.c
[2.985s] -- Up-to-date: /home/ubuntu/linorobot2_ws/install/drive_base_msgs/include/drive_base_msgs/msg/detail/command_status__functions.h
[2.986s] -- Up-to-date: /home/ubuntu/linorobot2_ws/install/drive_base_msgs/include/drive_base_msgs/msg/detail/command_header__functions.h
[2.986s] -- Up-to-date: /home/ubuntu/linorobot2_ws/install/drive_base_msgs/include/drive_base_msgs/msg/detail/trv_command__type_support.h
[2.987s] -- Up-to-date: /home/ubuntu/linorobot2_ws/install/drive_base_msgs/include/drive_base_msgs/msg/detail/command_header__type_support.h
[2.988s] -- Up-to-date: /home/ubuntu/linorobot2_ws/install/drive_base_msgs/include/drive_base_msgs/msg/detail/command_header__struct.h
[2.989s] -- Up-to-date: /home/ubuntu/linorobot2_ws/install/drive_base_msgs/include/drive_base_msgs/msg/detail/base_info__functions.h
[2.989s] -- Up-to-date: /home/ubuntu/linorobot2_ws/install/drive_base_msgs/include/drive_base_msgs/msg/detail/command_header__functions.c
[2.990s] -- Up-to-date: /home/ubuntu/linorobot2_ws/install/drive_base_msgs/include/drive_base_msgs/msg/detail/trv_command__functions.c
[2.991s] -- Up-to-date: /home/ubuntu/linorobot2_ws/install/drive_base_msgs/include/drive_base_msgs/msg/detail/command_status__type_support.h
[2.992s] -- Up-to-date: /home/ubuntu/linorobot2_ws/install/drive_base_msgs/include/drive_base_msgs/msg/command_header.h
[2.993s] -- Up-to-date: /home/ubuntu/linorobot2_ws/install/drive_base_msgs/include/drive_base_msgs/msg/rosidl_generator_c__visibility_control.h
[2.996s] -- Up-to-date: /home/ubuntu/linorobot2_ws/install/drive_base_msgs/include/drive_base_msgs/msg/trv_command.h
[2.998s] -- Up-to-date: /home/ubuntu/linorobot2_ws/install/drive_base_msgs/include/drive_base_msgs/msg/base_info.h
[3.001s] -- Up-to-date: /home/ubuntu/linorobot2_ws/install/drive_base_msgs/include/drive_base_msgs/msg/command_status.h
[3.005s] -- Up-to-date: /home/ubuntu/linorobot2_ws/install/drive_base_msgs/share/drive_base_msgs/environment/library_path.sh
[3.008s] -- Up-to-date: /home/ubuntu/linorobot2_ws/install/drive_base_msgs/share/drive_base_msgs/environment/library_path.dsv
[3.017s] -- Up-to-date: /home/ubuntu/linorobot2_ws/install/drive_base_msgs/lib/libdrive_base_msgs__rosidl_generator_c.so
[3.018s] -- Up-to-date: /home/ubuntu/linorobot2_ws/install/drive_base_msgs/include/drive_base_msgs
[3.019s] -- Up-to-date: /home/ubuntu/linorobot2_ws/install/drive_base_msgs/include/drive_base_msgs/msg
[3.020s] -- Up-to-date: /home/ubuntu/linorobot2_ws/install/drive_base_msgs/include/drive_base_msgs/msg/rosidl_typesupport_fastrtps_c__visibility_control.h
[3.021s] -- Up-to-date: /home/ubuntu/linorobot2_ws/install/drive_base_msgs/include/drive_base_msgs/msg/detail
[3.022s] -- Up-to-date: /home/ubuntu/linorobot2_ws/install/drive_base_msgs/include/drive_base_msgs/msg/detail/trv_command__rosidl_typesupport_fastrtps_c.h
[3.033s] -- Up-to-date: /home/ubuntu/linorobot2_ws/install/drive_base_msgs/include/drive_base_msgs/msg/detail/command_status__rosidl_typesupport_fastrtps_c.h
[3.033s] -- Up-to-date: /home/ubuntu/linorobot2_ws/install/drive_base_msgs/include/drive_base_msgs/msg/detail/base_info__rosidl_typesupport_fastrtps_c.h
[3.035s] -- Up-to-date: /home/ubuntu/linorobot2_ws/install/drive_base_msgs/include/drive_base_msgs/msg/detail/command_header__rosidl_typesupport_fastrtps_c.h
[3.036s] -- Up-to-date: /home/ubuntu/linorobot2_ws/install/drive_base_msgs/lib/libdrive_base_msgs__rosidl_typesupport_fastrtps_c.so
[3.037s] -- Up-to-date: /home/ubuntu/linorobot2_ws/install/drive_base_msgs/include/drive_base_msgs
[3.038s] -- Up-to-date: /home/ubuntu/linorobot2_ws/install/drive_base_msgs/include/drive_base_msgs/msg
[3.039s] -- Up-to-date: /home/ubuntu/linorobot2_ws/install/drive_base_msgs/include/drive_base_msgs/msg/rosidl_typesupport_fastrtps_cpp__visibility_control.h
[3.040s] -- Up-to-date: /home/ubuntu/linorobot2_ws/install/drive_base_msgs/include/drive_base_msgs/msg/detail
[3.041s] -- Up-to-date: /home/ubuntu/linorobot2_ws/install/drive_base_msgs/include/drive_base_msgs/msg/detail/dds_fastrtps
[3.042s] -- Up-to-date: /home/ubuntu/linorobot2_ws/install/drive_base_msgs/include/drive_base_msgs/msg/detail/command_header__rosidl_typesupport_fastrtps_cpp.hpp
[3.043s] -- Up-to-date: /home/ubuntu/linorobot2_ws/install/drive_base_msgs/include/drive_base_msgs/msg/detail/command_status__rosidl_typesupport_fastrtps_cpp.hpp
[3.045s] -- Up-to-date: /home/ubuntu/linorobot2_ws/install/drive_base_msgs/include/drive_base_msgs/msg/detail/base_info__rosidl_typesupport_fastrtps_cpp.hpp
[3.046s] -- Up-to-date: /home/ubuntu/linorobot2_ws/install/drive_base_msgs/include/drive_base_msgs/msg/detail/trv_command__rosidl_typesupport_fastrtps_cpp.hpp
[3.046s] -- Up-to-date: /home/ubuntu/linorobot2_ws/install/drive_base_msgs/lib/libdrive_base_msgs__rosidl_typesupport_fastrtps_cpp.so
[3.047s] -- Up-to-date: /home/ubuntu/linorobot2_ws/install/drive_base_msgs/include/drive_base_msgs
[3.048s] -- Up-to-date: /home/ubuntu/linorobot2_ws/install/drive_base_msgs/include/drive_base_msgs/msg
[3.048s] -- Up-to-date: /home/ubuntu/linorobot2_ws/install/drive_base_msgs/include/drive_base_msgs/msg/detail
[3.049s] -- Up-to-date: /home/ubuntu/linorobot2_ws/install/drive_base_msgs/include/drive_base_msgs/msg/detail/command_status__rosidl_typesupport_introspection_c.h
[3.052s] -- Up-to-date: /home/ubuntu/linorobot2_ws/install/drive_base_msgs/include/drive_base_msgs/msg/detail/trv_command__type_support.c
[3.054s] -- Up-to-date: /home/ubuntu/linorobot2_ws/install/drive_base_msgs/include/drive_base_msgs/msg/detail/command_status__type_support.c
[3.055s] -- Up-to-date: /home/ubuntu/linorobot2_ws/install/drive_base_msgs/include/drive_base_msgs/msg/detail/base_info__type_support.c
[3.055s] -- Up-to-date: /home/ubuntu/linorobot2_ws/install/drive_base_msgs/include/drive_base_msgs/msg/detail/trv_command__rosidl_typesupport_introspection_c.h
[3.064s] -- Up-to-date: /home/ubuntu/linorobot2_ws/install/drive_base_msgs/include/drive_base_msgs/msg/detail/command_header__type_support.c
[3.064s] -- Up-to-date: /home/ubuntu/linorobot2_ws/install/drive_base_msgs/include/drive_base_msgs/msg/detail/command_header__rosidl_typesupport_introspection_c.h
[3.065s] -- Up-to-date: /home/ubuntu/linorobot2_ws/install/drive_base_msgs/include/drive_base_msgs/msg/detail/base_info__rosidl_typesupport_introspection_c.h
[3.066s] -- Up-to-date: /home/ubuntu/linorobot2_ws/install/drive_base_msgs/include/drive_base_msgs/msg/rosidl_typesupport_introspection_c__visibility_control.h
[3.069s] -- Up-to-date: /home/ubuntu/linorobot2_ws/install/drive_base_msgs/lib/libdrive_base_msgs__rosidl_typesupport_introspection_c.so
[3.079s] -- Up-to-date: /home/ubuntu/linorobot2_ws/install/drive_base_msgs/lib/libdrive_base_msgs__rosidl_typesupport_c.so
[3.084s] -- Up-to-date: /home/ubuntu/linorobot2_ws/install/drive_base_msgs/include/drive_base_msgs
[3.092s] -- Up-to-date: /home/ubuntu/linorobot2_ws/install/drive_base_msgs/include/drive_base_msgs/msg
[3.102s] -- Up-to-date: /home/ubuntu/linorobot2_ws/install/drive_base_msgs/include/drive_base_msgs/msg/command_header.hpp
[3.103s] -- Up-to-date: /home/ubuntu/linorobot2_ws/install/drive_base_msgs/include/drive_base_msgs/msg/detail
[3.104s] -- Up-to-date: /home/ubuntu/linorobot2_ws/install/drive_base_msgs/include/drive_base_msgs/msg/detail/command_header__type_support.hpp
[3.105s] -- Up-to-date: /home/ubuntu/linorobot2_ws/install/drive_base_msgs/include/drive_base_msgs/msg/detail/command_status__builder.hpp
[3.108s] -- Up-to-date: /home/ubuntu/linorobot2_ws/install/drive_base_msgs/include/drive_base_msgs/msg/detail/base_info__builder.hpp
[3.109s] -- Up-to-date: /home/ubuntu/linorobot2_ws/install/drive_base_msgs/include/drive_base_msgs/msg/detail/base_info__traits.hpp
[3.109s] -- Up-to-date: /home/ubuntu/linorobot2_ws/install/drive_base_msgs/include/drive_base_msgs/msg/detail/trv_command__traits.hpp
[3.110s] -- Up-to-date: /home/ubuntu/linorobot2_ws/install/drive_base_msgs/include/drive_base_msgs/msg/detail/trv_command__struct.hpp
[3.110s] -- Up-to-date: /home/ubuntu/linorobot2_ws/install/drive_base_msgs/include/drive_base_msgs/msg/detail/command_status__struct.hpp
[3.113s] -- Up-to-date: /home/ubuntu/linorobot2_ws/install/drive_base_msgs/include/drive_base_msgs/msg/detail/trv_command__builder.hpp
[3.114s] -- Up-to-date: /home/ubuntu/linorobot2_ws/install/drive_base_msgs/include/drive_base_msgs/msg/detail/base_info__struct.hpp
[3.116s] -- Up-to-date: /home/ubuntu/linorobot2_ws/install/drive_base_msgs/include/drive_base_msgs/msg/detail/command_status__traits.hpp
[3.117s] -- Up-to-date: /home/ubuntu/linorobot2_ws/install/drive_base_msgs/include/drive_base_msgs/msg/detail/command_header__struct.hpp
[3.120s] -- Up-to-date: /home/ubuntu/linorobot2_ws/install/drive_base_msgs/include/drive_base_msgs/msg/detail/base_info__type_support.hpp
[3.121s] -- Up-to-date: /home/ubuntu/linorobot2_ws/install/drive_base_msgs/include/drive_base_msgs/msg/detail/trv_command__type_support.hpp
[3.126s] -- Up-to-date: /home/ubuntu/linorobot2_ws/install/drive_base_msgs/include/drive_base_msgs/msg/detail/command_header__builder.hpp
[3.126s] -- Up-to-date: /home/ubuntu/linorobot2_ws/install/drive_base_msgs/include/drive_base_msgs/msg/detail/command_header__traits.hpp
[3.128s] -- Up-to-date: /home/ubuntu/linorobot2_ws/install/drive_base_msgs/include/drive_base_msgs/msg/detail/command_status__type_support.hpp
[3.130s] -- Up-to-date: /home/ubuntu/linorobot2_ws/install/drive_base_msgs/include/drive_base_msgs/msg/base_info.hpp
[3.130s] -- Up-to-date: /home/ubuntu/linorobot2_ws/install/drive_base_msgs/include/drive_base_msgs/msg/trv_command.hpp
[3.134s] -- Up-to-date: /home/ubuntu/linorobot2_ws/install/drive_base_msgs/include/drive_base_msgs/msg/command_status.hpp
[3.142s] -- Up-to-date: /home/ubuntu/linorobot2_ws/install/drive_base_msgs/include/drive_base_msgs/msg/rosidl_generator_cpp__visibility_control.hpp
[3.146s] -- Up-to-date: /home/ubuntu/linorobot2_ws/install/drive_base_msgs/include/drive_base_msgs
[3.147s] -- Up-to-date: /home/ubuntu/linorobot2_ws/install/drive_base_msgs/include/drive_base_msgs/msg
[3.149s] -- Up-to-date: /home/ubuntu/linorobot2_ws/install/drive_base_msgs/include/drive_base_msgs/msg/detail
[3.156s] -- Up-to-date: /home/ubuntu/linorobot2_ws/install/drive_base_msgs/include/drive_base_msgs/msg/detail/base_info__type_support.cpp
[3.157s] -- Up-to-date: /home/ubuntu/linorobot2_ws/install/drive_base_msgs/include/drive_base_msgs/msg/detail/command_status__rosidl_typesupport_introspection_cpp.hpp
[3.159s] -- Up-to-date: /home/ubuntu/linorobot2_ws/install/drive_base_msgs/include/drive_base_msgs/msg/detail/command_status__type_support.cpp
[3.160s] -- Up-to-date: /home/ubuntu/linorobot2_ws/install/drive_base_msgs/include/drive_base_msgs/msg/detail/trv_command__rosidl_typesupport_introspection_cpp.hpp
[3.162s] -- Up-to-date: /home/ubuntu/linorobot2_ws/install/drive_base_msgs/include/drive_base_msgs/msg/detail/base_info__rosidl_typesupport_introspection_cpp.hpp
[3.196s] -- Up-to-date: /home/ubuntu/linorobot2_ws/install/drive_base_msgs/include/drive_base_msgs/msg/detail/command_header__rosidl_typesupport_introspection_cpp.hpp
[3.212s] -- Up-to-date: /home/ubuntu/linorobot2_ws/install/drive_base_msgs/include/drive_base_msgs/msg/detail/trv_command__type_support.cpp
[3.213s] -- Up-to-date: /home/ubuntu/linorobot2_ws/install/drive_base_msgs/include/drive_base_msgs/msg/detail/command_header__type_support.cpp
[3.217s] -- Up-to-date: /home/ubuntu/linorobot2_ws/install/drive_base_msgs/lib/libdrive_base_msgs__rosidl_typesupport_introspection_cpp.so
[3.220s] -- Up-to-date: /home/ubuntu/linorobot2_ws/install/drive_base_msgs/lib/libdrive_base_msgs__rosidl_typesupport_cpp.so
[3.221s] -- Up-to-date: /home/ubuntu/linorobot2_ws/install/drive_base_msgs/share/drive_base_msgs/environment/pythonpath.sh
[3.221s] -- Up-to-date: /home/ubuntu/linorobot2_ws/install/drive_base_msgs/share/drive_base_msgs/environment/pythonpath.dsv
[3.222s] -- Up-to-date: /home/ubuntu/linorobot2_ws/install/drive_base_msgs/lib/python3.8/site-packages/drive_base_msgs/__init__.py
[3.383s] -- Up-to-date: /home/ubuntu/linorobot2_ws/install/drive_base_msgs/lib/python3.8/site-packages/drive_base_msgs/msg
[3.385s] -- Up-to-date: /home/ubuntu/linorobot2_ws/install/drive_base_msgs/lib/python3.8/site-packages/drive_base_msgs/msg/_command_header_s.c
[3.386s] -- Up-to-date: /home/ubuntu/linorobot2_ws/install/drive_base_msgs/lib/python3.8/site-packages/drive_base_msgs/msg/_base_info.py
[3.387s] -- Up-to-date: /home/ubuntu/linorobot2_ws/install/drive_base_msgs/lib/python3.8/site-packages/drive_base_msgs/msg/_command_status.py
[3.387s] -- Up-to-date: /home/ubuntu/linorobot2_ws/install/drive_base_msgs/lib/python3.8/site-packages/drive_base_msgs/msg/_trv_command_s.c
[3.388s] -- Up-to-date: /home/ubuntu/linorobot2_ws/install/drive_base_msgs/lib/python3.8/site-packages/drive_base_msgs/msg/_command_header.py
[3.389s] -- Up-to-date: /home/ubuntu/linorobot2_ws/install/drive_base_msgs/lib/python3.8/site-packages/drive_base_msgs/msg/__init__.py
[3.390s] -- Up-to-date: /home/ubuntu/linorobot2_ws/install/drive_base_msgs/lib/python3.8/site-packages/drive_base_msgs/msg/_base_info_s.c
[3.390s] -- Up-to-date: /home/ubuntu/linorobot2_ws/install/drive_base_msgs/lib/python3.8/site-packages/drive_base_msgs/msg/_trv_command.py
[3.391s] -- Up-to-date: /home/ubuntu/linorobot2_ws/install/drive_base_msgs/lib/python3.8/site-packages/drive_base_msgs/msg/_command_status_s.c
[3.392s] -- Up-to-date: /home/ubuntu/linorobot2_ws/install/drive_base_msgs/lib/python3.8/site-packages/drive_base_msgs/drive_base_msgs_s__rosidl_typesupport_fastrtps_c.cpython-38-aarch64-linux-gnu.so
[3.394s] -- Up-to-date: /home/ubuntu/linorobot2_ws/install/drive_base_msgs/lib/python3.8/site-packages/drive_base_msgs/drive_base_msgs_s__rosidl_typesupport_introspection_c.cpython-38-aarch64-linux-gnu.so
[3.401s] -- Up-to-date: /home/ubuntu/linorobot2_ws/install/drive_base_msgs/lib/python3.8/site-packages/drive_base_msgs/drive_base_msgs_s__rosidl_typesupport_c.cpython-38-aarch64-linux-gnu.so
[3.403s] -- Up-to-date: /home/ubuntu/linorobot2_ws/install/drive_base_msgs/lib/libdrive_base_msgs__python.so
[3.404s] -- Up-to-date: /home/ubuntu/linorobot2_ws/install/drive_base_msgs/share/drive_base_msgs/msg/CommandHeader.idl
[3.406s] -- Up-to-date: /home/ubuntu/linorobot2_ws/install/drive_base_msgs/share/drive_base_msgs/msg/BaseInfo.idl
[3.408s] -- Up-to-date: /home/ubuntu/linorobot2_ws/install/drive_base_msgs/share/drive_base_msgs/msg/CommandStatus.idl
[3.408s] -- Up-to-date: /home/ubuntu/linorobot2_ws/install/drive_base_msgs/share/drive_base_msgs/msg/TRVCommand.idl
[3.409s] -- Up-to-date: /home/ubuntu/linorobot2_ws/install/drive_base_msgs/share/drive_base_msgs/msg/CommandHeader.msg
[3.410s] -- Up-to-date: /home/ubuntu/linorobot2_ws/install/drive_base_msgs/share/drive_base_msgs/msg/BaseInfo.msg
[3.412s] -- Up-to-date: /home/ubuntu/linorobot2_ws/install/drive_base_msgs/share/drive_base_msgs/msg/CommandStatus.msg
[3.414s] -- Up-to-date: /home/ubuntu/linorobot2_ws/install/drive_base_msgs/share/drive_base_msgs/msg/TRVCommand.msg
[3.415s] -- Up-to-date: /home/ubuntu/linorobot2_ws/install/drive_base_msgs/share/ament_index/resource_index/package_run_dependencies/drive_base_msgs
[3.415s] -- Up-to-date: /home/ubuntu/linorobot2_ws/install/drive_base_msgs/share/ament_index/resource_index/parent_prefix_path/drive_base_msgs
[3.417s] -- Up-to-date: /home/ubuntu/linorobot2_ws/install/drive_base_msgs/share/drive_base_msgs/environment/ament_prefix_path.sh
[3.418s] -- Up-to-date: /home/ubuntu/linorobot2_ws/install/drive_base_msgs/share/drive_base_msgs/environment/ament_prefix_path.dsv
[3.419s] -- Up-to-date: /home/ubuntu/linorobot2_ws/install/drive_base_msgs/share/drive_base_msgs/environment/path.sh
[3.419s] -- Up-to-date: /home/ubuntu/linorobot2_ws/install/drive_base_msgs/share/drive_base_msgs/environment/path.dsv
[3.420s] -- Up-to-date: /home/ubuntu/linorobot2_ws/install/drive_base_msgs/share/drive_base_msgs/local_setup.bash
[3.421s] -- Up-to-date: /home/ubuntu/linorobot2_ws/install/drive_base_msgs/share/drive_base_msgs/local_setup.sh
[3.422s] -- Up-to-date: /home/ubuntu/linorobot2_ws/install/drive_base_msgs/share/drive_base_msgs/local_setup.zsh
[3.422s] -- Up-to-date: /home/ubuntu/linorobot2_ws/install/drive_base_msgs/share/drive_base_msgs/local_setup.dsv
[3.424s] -- Installing: /home/ubuntu/linorobot2_ws/install/drive_base_msgs/share/drive_base_msgs/package.dsv
[3.428s] -- Up-to-date: /home/ubuntu/linorobot2_ws/install/drive_base_msgs/share/ament_index/resource_index/packages/drive_base_msgs
[3.433s] -- Up-to-date: /home/ubuntu/linorobot2_ws/install/drive_base_msgs/share/drive_base_msgs/cmake/drive_base_msgs__rosidl_generator_cExport.cmake
[3.434s] -- Up-to-date: /home/ubuntu/linorobot2_ws/install/drive_base_msgs/share/drive_base_msgs/cmake/drive_base_msgs__rosidl_generator_cExport-noconfig.cmake
[3.437s] -- Up-to-date: /home/ubuntu/linorobot2_ws/install/drive_base_msgs/share/drive_base_msgs/cmake/drive_base_msgs__rosidl_typesupport_introspection_cExport.cmake
[3.438s] -- Up-to-date: /home/ubuntu/linorobot2_ws/install/drive_base_msgs/share/drive_base_msgs/cmake/drive_base_msgs__rosidl_typesupport_introspection_cExport-noconfig.cmake
[3.441s] -- Up-to-date: /home/ubuntu/linorobot2_ws/install/drive_base_msgs/share/drive_base_msgs/cmake/drive_base_msgs__rosidl_typesupport_cExport.cmake
[3.442s] -- Up-to-date: /home/ubuntu/linorobot2_ws/install/drive_base_msgs/share/drive_base_msgs/cmake/drive_base_msgs__rosidl_typesupport_cExport-noconfig.cmake
[3.445s] -- Up-to-date: /home/ubuntu/linorobot2_ws/install/drive_base_msgs/share/drive_base_msgs/cmake/drive_base_msgs__rosidl_generator_cppExport.cmake
[3.452s] -- Up-to-date: /home/ubuntu/linorobot2_ws/install/drive_base_msgs/share/drive_base_msgs/cmake/drive_base_msgs__rosidl_typesupport_introspection_cppExport.cmake
[3.453s] -- Up-to-date: /home/ubuntu/linorobot2_ws/install/drive_base_msgs/share/drive_base_msgs/cmake/drive_base_msgs__rosidl_typesupport_introspection_cppExport-noconfig.cmake
[3.454s] -- Up-to-date: /home/ubuntu/linorobot2_ws/install/drive_base_msgs/share/drive_base_msgs/cmake/drive_base_msgs__rosidl_typesupport_cppExport.cmake
[3.455s] -- Up-to-date: /home/ubuntu/linorobot2_ws/install/drive_base_msgs/share/drive_base_msgs/cmake/drive_base_msgs__rosidl_typesupport_cppExport-noconfig.cmake
[3.455s] -- Up-to-date: /home/ubuntu/linorobot2_ws/install/drive_base_msgs/share/drive_base_msgs/cmake/rosidl_cmake-extras.cmake
[3.455s] -- Up-to-date: /home/ubuntu/linorobot2_ws/install/drive_base_msgs/share/drive_base_msgs/cmake/ament_cmake_export_dependencies-extras.cmake
[3.458s] -- Up-to-date: /home/ubuntu/linorobot2_ws/install/drive_base_msgs/share/drive_base_msgs/cmake/ament_cmake_export_libraries-extras.cmake
[3.460s] -- Up-to-date: /home/ubuntu/linorobot2_ws/install/drive_base_msgs/share/drive_base_msgs/cmake/ament_cmake_export_targets-extras.cmake
[3.461s] -- Up-to-date: /home/ubuntu/linorobot2_ws/install/drive_base_msgs/share/drive_base_msgs/cmake/ament_cmake_export_include_directories-extras.cmake
[3.466s] -- Up-to-date: /home/ubuntu/linorobot2_ws/install/drive_base_msgs/share/drive_base_msgs/cmake/rosidl_cmake_export_typesupport_libraries-extras.cmake
[3.468s] -- Up-to-date: /home/ubuntu/linorobot2_ws/install/drive_base_msgs/share/drive_base_msgs/cmake/rosidl_cmake_export_typesupport_targets-extras.cmake
[3.470s] -- Up-to-date: /home/ubuntu/linorobot2_ws/install/drive_base_msgs/share/drive_base_msgs/cmake/drive_base_msgsConfig.cmake
[3.471s] -- Up-to-date: /home/ubuntu/linorobot2_ws/install/drive_base_msgs/share/drive_base_msgs/cmake/drive_base_msgsConfig-version.cmake
[3.472s] -- Up-to-date: /home/ubuntu/linorobot2_ws/install/drive_base_msgs/share/drive_base_msgs/package.xml
[3.476s] Invoked command in '/home/ubuntu/linorobot2_ws/build/drive_base_msgs' returned '0': CMAKE_PREFIX_PATH=${CMAKE_PREFIX_PATH}:/opt/ros/foxy /usr/bin/cmake --install /home/ubuntu/linorobot2_ws/build/drive_base_msgs
