[0.175s] Invoking command in '/home/ubuntu/linorobot2_ws/build/linorobot2_base': CMAKE_PREFIX_PATH=${CMAKE_PREFIX_PATH}:/opt/ros/foxy /usr/bin/cmake --build /home/ubuntu/linorobot2_ws/build/linorobot2_base -- -j4 -l4
[0.504s] Invoked command in '/home/ubuntu/linorobot2_ws/build/linorobot2_base' returned '0': CMAKE_PREFIX_PATH=${CMAKE_PREFIX_PATH}:/opt/ros/foxy /usr/bin/cmake --build /home/ubuntu/linorobot2_ws/build/linorobot2_base -- -j4 -l4
[0.866s] Invoking command in '/home/ubuntu/linorobot2_ws/build/linorobot2_base': CMAKE_PREFIX_PATH=${CMAKE_PREFIX_PATH}:/opt/ros/foxy /usr/bin/cmake --install /home/ubuntu/linorobot2_ws/build/linorobot2_base
[0.956s] -- Install configuration: ""
[0.957s] -- Up-to-date: /home/ubuntu/linorobot2_ws/install/linorobot2_base/share/linorobot2_base/config
[0.961s] -- Up-to-date: /home/ubuntu/linorobot2_ws/install/linorobot2_base/share/linorobot2_base/config/ekf.yaml
[0.963s] -- Up-to-date: /home/ubuntu/linorobot2_ws/install/linorobot2_base/share/ament_index/resource_index/package_run_dependencies/linorobot2_base
[0.965s] -- Up-to-date: /home/ubuntu/linorobot2_ws/install/linorobot2_base/share/ament_index/resource_index/parent_prefix_path/linorobot2_base
[0.966s] -- Up-to-date: /home/ubuntu/linorobot2_ws/install/linorobot2_base/share/linorobot2_base/environment/ament_prefix_path.sh
[0.967s] -- Up-to-date: /home/ubuntu/linorobot2_ws/install/linorobot2_base/share/linorobot2_base/environment/ament_prefix_path.dsv
[0.968s] -- Up-to-date: /home/ubuntu/linorobot2_ws/install/linorobot2_base/share/linorobot2_base/environment/path.sh
[0.971s] -- Up-to-date: /home/ubuntu/linorobot2_ws/install/linorobot2_base/share/linorobot2_base/environment/path.dsv
[0.972s] -- Up-to-date: /home/ubuntu/linorobot2_ws/install/linorobot2_base/share/linorobot2_base/local_setup.bash
[0.973s] -- Up-to-date: /home/ubuntu/linorobot2_ws/install/linorobot2_base/share/linorobot2_base/local_setup.sh
[0.974s] -- Up-to-date: /home/ubuntu/linorobot2_ws/install/linorobot2_base/share/linorobot2_base/local_setup.zsh
[0.975s] -- Up-to-date: /home/ubuntu/linorobot2_ws/install/linorobot2_base/share/linorobot2_base/local_setup.dsv
[0.975s] -- Installing: /home/ubuntu/linorobot2_ws/install/linorobot2_base/share/linorobot2_base/package.dsv
[0.985s] -- Up-to-date: /home/ubuntu/linorobot2_ws/install/linorobot2_base/share/ament_index/resource_index/packages/linorobot2_base
[0.987s] -- Up-to-date: /home/ubuntu/linorobot2_ws/install/linorobot2_base/share/linorobot2_base/cmake/linorobot2_baseConfig.cmake
[0.988s] -- Up-to-date: /home/ubuntu/linorobot2_ws/install/linorobot2_base/share/linorobot2_base/cmake/linorobot2_baseConfig-version.cmake
[0.989s] -- Up-to-date: /home/ubuntu/linorobot2_ws/install/linorobot2_base/share/linorobot2_base/package.xml
[1.005s] Invoked command in '/home/ubuntu/linorobot2_ws/build/linorobot2_base' returned '0': CMAKE_PREFIX_PATH=${CMAKE_PREFIX_PATH}:/opt/ros/foxy /usr/bin/cmake --install /home/ubuntu/linorobot2_ws/build/linorobot2_base
