[0.069s] Invoking command in '/home/ubuntu/linorobot2_ws/build/linorobot2_bringup': CMAKE_PREFIX_PATH=/home/ubuntu/linorobot2_ws/install/micro_ros_agent:/home/ubuntu/linorobot2_ws/install/micro_ros_msgs:/home/ubuntu/linorobot2_ws/install/micro_ros_setup:/home/ubuntu/linorobot2_ws/install/linorobot2_bringup:/home/ubuntu/linorobot2_ws/install/linorobot2_navigation:/home/ubuntu/linorobot2_ws/install/linorobot2_description:/home/ubuntu/linorobot2_ws/install/linorobot2_base:/home/ubuntu/linorobot2_ws/install/linorobot2:/home/ubuntu/linorobot2_ws/install/drive_base_msgs:/opt/ros/foxy /usr/bin/cmake --build /home/ubuntu/linorobot2_ws/build/linorobot2_bringup -- -j4 -l4
[0.245s] Invoked command in '/home/ubuntu/linorobot2_ws/build/linorobot2_bringup' returned '0': CMAKE_PREFIX_PATH=/home/ubuntu/linorobot2_ws/install/micro_ros_agent:/home/ubuntu/linorobot2_ws/install/micro_ros_msgs:/home/ubuntu/linorobot2_ws/install/micro_ros_setup:/home/ubuntu/linorobot2_ws/install/linorobot2_bringup:/home/ubuntu/linorobot2_ws/install/linorobot2_navigation:/home/ubuntu/linorobot2_ws/install/linorobot2_description:/home/ubuntu/linorobot2_ws/install/linorobot2_base:/home/ubuntu/linorobot2_ws/install/linorobot2:/home/ubuntu/linorobot2_ws/install/drive_base_msgs:/opt/ros/foxy /usr/bin/cmake --build /home/ubuntu/linorobot2_ws/build/linorobot2_bringup -- -j4 -l4
[0.376s] Invoking command in '/home/ubuntu/linorobot2_ws/build/linorobot2_bringup': CMAKE_PREFIX_PATH=/home/ubuntu/linorobot2_ws/install/micro_ros_agent:/home/ubuntu/linorobot2_ws/install/micro_ros_msgs:/home/ubuntu/linorobot2_ws/install/micro_ros_setup:/home/ubuntu/linorobot2_ws/install/linorobot2_bringup:/home/ubuntu/linorobot2_ws/install/linorobot2_navigation:/home/ubuntu/linorobot2_ws/install/linorobot2_description:/home/ubuntu/linorobot2_ws/install/linorobot2_base:/home/ubuntu/linorobot2_ws/install/linorobot2:/home/ubuntu/linorobot2_ws/install/drive_base_msgs:/opt/ros/foxy /usr/bin/cmake --install /home/ubuntu/linorobot2_ws/build/linorobot2_bringup
[0.415s] -- Install configuration: ""
[0.415s] -- Up-to-date: /home/ubuntu/linorobot2_ws/install/linorobot2_bringup/share/linorobot2_bringup/launch
[0.416s] -- Up-to-date: /home/ubuntu/linorobot2_ws/install/linorobot2_bringup/share/linorobot2_bringup/launch/custom_robot.launch.py
[0.417s] -- Up-to-date: /home/ubuntu/linorobot2_ws/install/linorobot2_bringup/share/linorobot2_bringup/launch/lasers.launch.py
[0.417s] -- Up-to-date: /home/ubuntu/linorobot2_ws/install/linorobot2_bringup/share/linorobot2_bringup/launch/default_robot.launch.py
[0.417s] -- Up-to-date: /home/ubuntu/linorobot2_ws/install/linorobot2_bringup/share/linorobot2_bringup/launch/sensors.launch.py
[0.418s] -- Up-to-date: /home/ubuntu/linorobot2_ws/install/linorobot2_bringup/share/linorobot2_bringup/launch/joy_teleop.launch.py
[0.418s] -- Up-to-date: /home/ubuntu/linorobot2_ws/install/linorobot2_bringup/share/linorobot2_bringup/launch/depth.launch.py
[0.419s] -- Up-to-date: /home/ubuntu/linorobot2_ws/install/linorobot2_bringup/share/linorobot2_bringup/launch/bringup.launch.py
[0.419s] -- Up-to-date: /home/ubuntu/linorobot2_ws/install/linorobot2_bringup/share/linorobot2_bringup/config
[0.419s] -- Up-to-date: /home/ubuntu/linorobot2_ws/install/linorobot2_bringup/share/linorobot2_bringup/config/fake_laser.yaml
[0.420s] -- Up-to-date: /home/ubuntu/linorobot2_ws/install/linorobot2_bringup/share/linorobot2_bringup/config/joy.yaml
[0.420s] -- Up-to-date: /home/ubuntu/linorobot2_ws/install/linorobot2_bringup/share/linorobot2_bringup/config/ydlidar.yaml
[0.420s] -- Up-to-date: /home/ubuntu/linorobot2_ws/install/linorobot2_bringup/share/linorobot2_bringup/config/zed_common.yaml
[0.421s] -- Up-to-date: /home/ubuntu/linorobot2_ws/install/linorobot2_bringup/share/ament_index/resource_index/package_run_dependencies/linorobot2_bringup
[0.421s] -- Up-to-date: /home/ubuntu/linorobot2_ws/install/linorobot2_bringup/share/ament_index/resource_index/parent_prefix_path/linorobot2_bringup
[0.422s] -- Up-to-date: /home/ubuntu/linorobot2_ws/install/linorobot2_bringup/share/linorobot2_bringup/environment/ament_prefix_path.sh
[0.422s] -- Up-to-date: /home/ubuntu/linorobot2_ws/install/linorobot2_bringup/share/linorobot2_bringup/environment/ament_prefix_path.dsv
[0.422s] -- Up-to-date: /home/ubuntu/linorobot2_ws/install/linorobot2_bringup/share/linorobot2_bringup/environment/path.sh
[0.423s] -- Up-to-date: /home/ubuntu/linorobot2_ws/install/linorobot2_bringup/share/linorobot2_bringup/environment/path.dsv
[0.423s] -- Up-to-date: /home/ubuntu/linorobot2_ws/install/linorobot2_bringup/share/linorobot2_bringup/local_setup.bash
[0.424s] -- Up-to-date: /home/ubuntu/linorobot2_ws/install/linorobot2_bringup/share/linorobot2_bringup/local_setup.sh
[0.424s] -- Up-to-date: /home/ubuntu/linorobot2_ws/install/linorobot2_bringup/share/linorobot2_bringup/local_setup.zsh
[0.424s] -- Up-to-date: /home/ubuntu/linorobot2_ws/install/linorobot2_bringup/share/linorobot2_bringup/local_setup.dsv
[0.425s] -- Installing: /home/ubuntu/linorobot2_ws/install/linorobot2_bringup/share/linorobot2_bringup/package.dsv
[0.428s] -- Up-to-date: /home/ubuntu/linorobot2_ws/install/linorobot2_bringup/share/ament_index/resource_index/packages/linorobot2_bringup
[0.428s] -- Up-to-date: /home/ubuntu/linorobot2_ws/install/linorobot2_bringup/share/linorobot2_bringup/cmake/linorobot2_bringupConfig.cmake
[0.429s] -- Up-to-date: /home/ubuntu/linorobot2_ws/install/linorobot2_bringup/share/linorobot2_bringup/cmake/linorobot2_bringupConfig-version.cmake
[0.429s] -- Up-to-date: /home/ubuntu/linorobot2_ws/install/linorobot2_bringup/share/linorobot2_bringup/package.xml
[0.436s] Invoked command in '/home/ubuntu/linorobot2_ws/build/linorobot2_bringup' returned '0': CMAKE_PREFIX_PATH=/home/ubuntu/linorobot2_ws/install/micro_ros_agent:/home/ubuntu/linorobot2_ws/install/micro_ros_msgs:/home/ubuntu/linorobot2_ws/install/micro_ros_setup:/home/ubuntu/linorobot2_ws/install/linorobot2_bringup:/home/ubuntu/linorobot2_ws/install/linorobot2_navigation:/home/ubuntu/linorobot2_ws/install/linorobot2_description:/home/ubuntu/linorobot2_ws/install/linorobot2_base:/home/ubuntu/linorobot2_ws/install/linorobot2:/home/ubuntu/linorobot2_ws/install/drive_base_msgs:/opt/ros/foxy /usr/bin/cmake --install /home/ubuntu/linorobot2_ws/build/linorobot2_bringup
